INFO:root:called-params config/configs.yaml
INFO:root:loaded params...
INFO:root:{'experiment_code': 2, 'k_means': {'K': 7806}, 'patches': {'N': 64}, 'num_workers': 16, 'base_dir': '/home/rtcalumby/adam/luciano/PlantCLEF2025/PlantCLEF2025/', 'pretrained_path': 'pretrained_models/vit_base_patch14_reg4_dinov2_lvd142m_pc24_onlyclassifier_then_all/model_best.pth.tar', 'data': {'class_mapping': 'pretrained_models/class_mapping.txt', 'species_mapping': 'pretrained_models/species_id_to_name.txt', 'test_data': '/home/rtcalumby/adam/luciano/PlantCLEF2025/test_dataset/'}, 'batch_size': 1, 'gradient_accumulation': 128, 'optimization': {'epochs': 120, 'final_lr': 1e-06, 'final_weight_decay': 0.4, 'ipe_scale': 1.0, 'lr': 0.001, 'start_lr': 1e-05, 'warmup': 15, 'weight_decay': 0.04}}
INFO:root:Running... (rank: 0/2)
INFO:root:Initialized (rank/world-size) 0/2
INFO:timm.models._helpers:Loaded state_dict_ema from checkpoint 'pretrained_models/vit_base_patch14_reg4_dinov2_lvd142m_pc24_onlyclassifier_then_all/model_best.pth.tar'
Test dataset created for rank 0 world_size:  2
Test dataset, length: 1053
INFO:root:Loading Vision Transformer: PilotVisionTransformer(
  (patch_embed): VisionTransformer(
    (patch_embed): PatchEmbed(
      (proj): Conv2d(3, 768, kernel_size=(14, 14), stride=(14, 14))
      (norm): Identity()
    )
    (pos_drop): Dropout(p=0.0, inplace=False)
    (patch_drop): Identity()
    (norm_pre): Identity()
    (blocks): Sequential(
      (0): Block(
        (norm1): LayerNorm((768,), eps=1e-06, elementwise_affine=True)
        (attn): Attention(
          (qkv): Linear(in_features=768, out_features=2304, bias=True)
          (q_norm): Identity()
          (k_norm): Identity()
          (attn_drop): Dropout(p=0.0, inplace=False)
          (proj): Linear(in_features=768, out_features=768, bias=True)
          (proj_drop): Dropout(p=0.0, inplace=False)
        )
        (ls1): LayerScale()
        (drop_path1): Identity()
        (norm2): LayerNorm((768,), eps=1e-06, elementwise_affine=True)
        (mlp): Mlp(
          (fc1): Linear(in_features=768, out_features=3072, bias=True)
          (act): GELU(approximate='none')
          (drop1): Dropout(p=0.0, inplace=False)
          (norm): Identity()
          (fc2): Linear(in_features=3072, out_features=768, bias=True)
          (drop2): Dropout(p=0.0, inplace=False)
        )
        (ls2): LayerScale()
        (drop_path2): Identity()
      )
      (1): Block(
        (norm1): LayerNorm((768,), eps=1e-06, elementwise_affine=True)
        (attn): Attention(
          (qkv): Linear(in_features=768, out_features=2304, bias=True)
          (q_norm): Identity()
          (k_norm): Identity()
          (attn_drop): Dropout(p=0.0, inplace=False)
          (proj): Linear(in_features=768, out_features=768, bias=True)
          (proj_drop): Dropout(p=0.0, inplace=False)
        )
        (ls1): LayerScale()
        (drop_path1): Identity()
        (norm2): LayerNorm((768,), eps=1e-06, elementwise_affine=True)
        (mlp): Mlp(
          (fc1): Linear(in_features=768, out_features=3072, bias=True)
          (act): GELU(approximate='none')
          (drop1): Dropout(p=0.0, inplace=False)
          (norm): Identity()
          (fc2): Linear(in_features=3072, out_features=768, bias=True)
          (drop2): Dropout(p=0.0, inplace=False)
        )
        (ls2): LayerScale()
        (drop_path2): Identity()
      )
      (2): Block(
        (norm1): LayerNorm((768,), eps=1e-06, elementwise_affine=True)
        (attn): Attention(
          (qkv): Linear(in_features=768, out_features=2304, bias=True)
          (q_norm): Identity()
          (k_norm): Identity()
          (attn_drop): Dropout(p=0.0, inplace=False)
          (proj): Linear(in_features=768, out_features=768, bias=True)
          (proj_drop): Dropout(p=0.0, inplace=False)
        )
        (ls1): LayerScale()
        (drop_path1): Identity()
        (norm2): LayerNorm((768,), eps=1e-06, elementwise_affine=True)
        (mlp): Mlp(
          (fc1): Linear(in_features=768, out_features=3072, bias=True)
          (act): GELU(approximate='none')
          (drop1): Dropout(p=0.0, inplace=False)
          (norm): Identity()
          (fc2): Linear(in_features=3072, out_features=768, bias=True)
          (drop2): Dropout(p=0.0, inplace=False)
        )
        (ls2): LayerScale()
        (drop_path2): Identity()
      )
      (3): Block(
        (norm1): LayerNorm((768,), eps=1e-06, elementwise_affine=True)
        (attn): Attention(
          (qkv): Linear(in_features=768, out_features=2304, bias=True)
          (q_norm): Identity()
          (k_norm): Identity()
          (attn_drop): Dropout(p=0.0, inplace=False)
          (proj): Linear(in_features=768, out_features=768, bias=True)
          (proj_drop): Dropout(p=0.0, inplace=False)
        )
        (ls1): LayerScale()
        (drop_path1): Identity()
        (norm2): LayerNorm((768,), eps=1e-06, elementwise_affine=True)
        (mlp): Mlp(
          (fc1): Linear(in_features=768, out_features=3072, bias=True)
          (act): GELU(approximate='none')
          (drop1): Dropout(p=0.0, inplace=False)
          (norm): Identity()
          (fc2): Linear(in_features=3072, out_features=768, bias=True)
          (drop2): Dropout(p=0.0, inplace=False)
        )
        (ls2): LayerScale()
        (drop_path2): Identity()
      )
      (4): Block(
        (norm1): LayerNorm((768,), eps=1e-06, elementwise_affine=True)
        (attn): Attention(
          (qkv): Linear(in_features=768, out_features=2304, bias=True)
          (q_norm): Identity()
          (k_norm): Identity()
          (attn_drop): Dropout(p=0.0, inplace=False)
          (proj): Linear(in_features=768, out_features=768, bias=True)
          (proj_drop): Dropout(p=0.0, inplace=False)
        )
        (ls1): LayerScale()
        (drop_path1): Identity()
        (norm2): LayerNorm((768,), eps=1e-06, elementwise_affine=True)
        (mlp): Mlp(
          (fc1): Linear(in_features=768, out_features=3072, bias=True)
          (act): GELU(approximate='none')
          (drop1): Dropout(p=0.0, inplace=False)
          (norm): Identity()
          (fc2): Linear(in_features=3072, out_features=768, bias=True)
          (drop2): Dropout(p=0.0, inplace=False)
        )
        (ls2): LayerScale()
        (drop_path2): Identity()
      )
      (5): Block(
        (norm1): LayerNorm((768,), eps=1e-06, elementwise_affine=True)
        (attn): Attention(
          (qkv): Linear(in_features=768, out_features=2304, bias=True)
          (q_norm): Identity()
          (k_norm): Identity()
          (attn_drop): Dropout(p=0.0, inplace=False)
          (proj): Linear(in_features=768, out_features=768, bias=True)
          (proj_drop): Dropout(p=0.0, inplace=False)
        )
        (ls1): LayerScale()
        (drop_path1): Identity()
        (norm2): LayerNorm((768,), eps=1e-06, elementwise_affine=True)
        (mlp): Mlp(
          (fc1): Linear(in_features=768, out_features=3072, bias=True)
          (act): GELU(approximate='none')
          (drop1): Dropout(p=0.0, inplace=False)
          (norm): Identity()
          (fc2): Linear(in_features=3072, out_features=768, bias=True)
          (drop2): Dropout(p=0.0, inplace=False)
        )
        (ls2): LayerScale()
        (drop_path2): Identity()
      )
      (6): Block(
        (norm1): LayerNorm((768,), eps=1e-06, elementwise_affine=True)
        (attn): Attention(
          (qkv): Linear(in_features=768, out_features=2304, bias=True)
          (q_norm): Identity()
          (k_norm): Identity()
          (attn_drop): Dropout(p=0.0, inplace=False)
          (proj): Linear(in_features=768, out_features=768, bias=True)
          (proj_drop): Dropout(p=0.0, inplace=False)
        )
        (ls1): LayerScale()
        (drop_path1): Identity()
        (norm2): LayerNorm((768,), eps=1e-06, elementwise_affine=True)
        (mlp): Mlp(
          (fc1): Linear(in_features=768, out_features=3072, bias=True)
          (act): GELU(approximate='none')
          (drop1): Dropout(p=0.0, inplace=False)
          (norm): Identity()
          (fc2): Linear(in_features=3072, out_features=768, bias=True)
          (drop2): Dropout(p=0.0, inplace=False)
        )
        (ls2): LayerScale()
        (drop_path2): Identity()
      )
      (7): Block(
        (norm1): LayerNorm((768,), eps=1e-06, elementwise_affine=True)
        (attn): Attention(
          (qkv): Linear(in_features=768, out_features=2304, bias=True)
          (q_norm): Identity()
          (k_norm): Identity()
          (attn_drop): Dropout(p=0.0, inplace=False)
          (proj): Linear(in_features=768, out_features=768, bias=True)
          (proj_drop): Dropout(p=0.0, inplace=False)
        )
        (ls1): LayerScale()
        (drop_path1): Identity()
        (norm2): LayerNorm((768,), eps=1e-06, elementwise_affine=True)
        (mlp): Mlp(
          (fc1): Linear(in_features=768, out_features=3072, bias=True)
          (act): GELU(approximate='none')
          (drop1): Dropout(p=0.0, inplace=False)
          (norm): Identity()
          (fc2): Linear(in_features=3072, out_features=768, bias=True)
          (drop2): Dropout(p=0.0, inplace=False)
        )
        (ls2): LayerScale()
        (drop_path2): Identity()
      )
      (8): Block(
        (norm1): LayerNorm((768,), eps=1e-06, elementwise_affine=True)
        (attn): Attention(
          (qkv): Linear(in_features=768, out_features=2304, bias=True)
          (q_norm): Identity()
          (k_norm): Identity()
          (attn_drop): Dropout(p=0.0, inplace=False)
          (proj): Linear(in_features=768, out_features=768, bias=True)
          (proj_drop): Dropout(p=0.0, inplace=False)
        )
        (ls1): LayerScale()
        (drop_path1): Identity()
        (norm2): LayerNorm((768,), eps=1e-06, elementwise_affine=True)
        (mlp): Mlp(
          (fc1): Linear(in_features=768, out_features=3072, bias=True)
          (act): GELU(approximate='none')
          (drop1): Dropout(p=0.0, inplace=False)
          (norm): Identity()
          (fc2): Linear(in_features=3072, out_features=768, bias=True)
          (drop2): Dropout(p=0.0, inplace=False)
        )
        (ls2): LayerScale()
        (drop_path2): Identity()
      )
      (9): Block(
        (norm1): LayerNorm((768,), eps=1e-06, elementwise_affine=True)
        (attn): Attention(
          (qkv): Linear(in_features=768, out_features=2304, bias=True)
          (q_norm): Identity()
          (k_norm): Identity()
          (attn_drop): Dropout(p=0.0, inplace=False)
          (proj): Linear(in_features=768, out_features=768, bias=True)
          (proj_drop): Dropout(p=0.0, inplace=False)
        )
        (ls1): LayerScale()
        (drop_path1): Identity()
        (norm2): LayerNorm((768,), eps=1e-06, elementwise_affine=True)
        (mlp): Mlp(
          (fc1): Linear(in_features=768, out_features=3072, bias=True)
          (act): GELU(approximate='none')
          (drop1): Dropout(p=0.0, inplace=False)
          (norm): Identity()
          (fc2): Linear(in_features=3072, out_features=768, bias=True)
          (drop2): Dropout(p=0.0, inplace=False)
        )
        (ls2): LayerScale()
        (drop_path2): Identity()
      )
      (10): Block(
        (norm1): LayerNorm((768,), eps=1e-06, elementwise_affine=True)
        (attn): Attention(
          (qkv): Linear(in_features=768, out_features=2304, bias=True)
          (q_norm): Identity()
          (k_norm): Identity()
          (attn_drop): Dropout(p=0.0, inplace=False)
          (proj): Linear(in_features=768, out_features=768, bias=True)
          (proj_drop): Dropout(p=0.0, inplace=False)
        )
        (ls1): LayerScale()
        (drop_path1): Identity()
        (norm2): LayerNorm((768,), eps=1e-06, elementwise_affine=True)
        (mlp): Mlp(
          (fc1): Linear(in_features=768, out_features=3072, bias=True)
          (act): GELU(approximate='none')
          (drop1): Dropout(p=0.0, inplace=False)
          (norm): Identity()
          (fc2): Linear(in_features=3072, out_features=768, bias=True)
          (drop2): Dropout(p=0.0, inplace=False)
        )
        (ls2): LayerScale()
        (drop_path2): Identity()
      )
      (11): Block(
        (norm1): LayerNorm((768,), eps=1e-06, elementwise_affine=True)
        (attn): Attention(
          (qkv): Linear(in_features=768, out_features=2304, bias=True)
          (q_norm): Identity()
          (k_norm): Identity()
          (attn_drop): Dropout(p=0.0, inplace=False)
          (proj): Linear(in_features=768, out_features=768, bias=True)
          (proj_drop): Dropout(p=0.0, inplace=False)
        )
        (ls1): LayerScale()
        (drop_path1): Identity()
        (norm2): LayerNorm((768,), eps=1e-06, elementwise_affine=True)
        (mlp): Mlp(
          (fc1): Linear(in_features=768, out_features=3072, bias=True)
          (act): GELU(approximate='none')
          (drop1): Dropout(p=0.0, inplace=False)
          (norm): Identity()
          (fc2): Linear(in_features=3072, out_features=768, bias=True)
          (drop2): Dropout(p=0.0, inplace=False)
        )
        (ls2): LayerScale()
        (drop_path2): Identity()
      )
    )
    (norm): LayerNorm((768,), eps=1e-06, elementwise_affine=True)
    (fc_norm): Identity()
    (head_drop): Dropout(p=0.0, inplace=False)
    (head): Identity()
  )
  (linear): Linear(in_features=1536, out_features=7806, bias=True)
  (blocks): ModuleList(
    (0-5): 6 x Block(
      (norm1): LayerNorm((768,), eps=1e-05, elementwise_affine=True)
      (attn): Attention(
        (qkv): Linear(in_features=768, out_features=2304, bias=True)
        (attn_drop): Dropout(p=0.0, inplace=False)
        (proj): Linear(in_features=768, out_features=768, bias=True)
        (proj_drop): Dropout(p=0.0, inplace=False)
      )
      (drop_path): Identity()
      (norm2): LayerNorm((768,), eps=1e-05, elementwise_affine=True)
      (mlp): MLP(
        (fc1): Linear(in_features=768, out_features=3072, bias=True)
        (act): GELU(approximate='none')
        (fc2): Linear(in_features=3072, out_features=768, bias=True)
        (drop): Dropout(p=0.0, inplace=False)
      )
    )
  )
  (norm): LayerNorm((768,), eps=1e-05, elementwise_affine=True)
)
INFO:root:Using AdamW
Allocated Memory with model loading: 1.0564966201782227  GB
INFO:root:Epoch 1
Rank 1
Test dataset created for rank 1 world_size:  2
Test dataset, length: 1053
Allocated Memory with model loading: 1.0564966201782227  GB
terminate called without an active exception
terminate called without an active exception
terminate called without an active exception
terminate called without an active exception
Exception ignored in: <function _MultiProcessingDataLoaderIter.__del__ at 0x7f4e71f37280>
Traceback (most recent call last):
  File "/home/rtcalumby/miniconda3/envs/fgdcc/lib/python3.9/site-packages/torch/utils/data/dataloader.py", line 1479, in __del__
    self._shutdown_workers()
  File "/home/rtcalumby/miniconda3/envs/fgdcc/lib/python3.9/site-packages/torch/utils/data/dataloader.py", line 1443, in _shutdown_workers
    w.join(timeout=_utils.MP_STATUS_CHECK_INTERVAL)
  File "/home/rtcalumby/miniconda3/envs/fgdcc/lib/python3.9/multiprocessing/process.py", line 149, in join
    res = self._popen.wait(timeout)
  File "/home/rtcalumby/miniconda3/envs/fgdcc/lib/python3.9/multiprocessing/popen_fork.py", line 40, in wait
    if not wait([self.sentinel], timeout):
  File "/home/rtcalumby/miniconda3/envs/fgdcc/lib/python3.9/multiprocessing/connection.py", line 931, in wait
    ready = selector.select(timeout)
  File "/home/rtcalumby/miniconda3/envs/fgdcc/lib/python3.9/selectors.py", line 416, in select
    fd_event_list = self._selector.poll(timeout)
  File "/home/rtcalumby/miniconda3/envs/fgdcc/lib/python3.9/site-packages/torch/utils/data/_utils/signal_handling.py", line 66, in handler
    _error_if_any_worker_fails()
RuntimeError: DataLoader worker (pid 2029600) is killed by signal: Aborted. 
terminate called without an active exception
terminate called without an active exception
Exception ignored in: <function _MultiProcessingDataLoaderIter.__del__ at 0x7f1d6d633280>
Traceback (most recent call last):
  File "/home/rtcalumby/miniconda3/envs/fgdcc/lib/python3.9/site-packages/torch/utils/data/dataloader.py", line 1479, in __del__
    self._shutdown_workers()
  File "/home/rtcalumby/miniconda3/envs/fgdcc/lib/python3.9/site-packages/torch/utils/data/dataloader.py", line 1443, in _shutdown_workers
    w.join(timeout=_utils.MP_STATUS_CHECK_INTERVAL)
  File "/home/rtcalumby/miniconda3/envs/fgdcc/lib/python3.9/multiprocessing/process.py", line 149, in join
    res = self._popen.wait(timeout)
  File "/home/rtcalumby/miniconda3/envs/fgdcc/lib/python3.9/multiprocessing/popen_fork.py", line 40, in wait
    if not wait([self.sentinel], timeout):
  File "/home/rtcalumby/miniconda3/envs/fgdcc/lib/python3.9/multiprocessing/connection.py", line 931, in wait
    ready = selector.select(timeout)
  File "/home/rtcalumby/miniconda3/envs/fgdcc/lib/python3.9/selectors.py", line 416, in select
    fd_event_list = self._selector.poll(timeout)
  File "/home/rtcalumby/miniconda3/envs/fgdcc/lib/python3.9/site-packages/torch/utils/data/_utils/signal_handling.py", line 66, in handler
    _error_if_any_worker_fails()
RuntimeError: DataLoader worker (pid 2029073) is killed by signal: Aborted. 
input size: torch.Size([1536, 3, 518, 518])
Embedded (size) torch.Size([1, 1536, 768])
squeezed output: torch.Size([768, 7806])
Loss: tensor(0.8508, device='cuda:0', grad_fn=<AllReduceBackward>)
Max mem: 55463.95458984375
input size: torch.Size([1536, 3, 518, 518])
Embedded (size) torch.Size([1, 1536, 768])
squeezed output: torch.Size([768, 7806])
Loss: tensor(0.8508, device='cuda:0', grad_fn=<AllReduceBackward>)
Max mem: 55463.95458984375
