INFO:root:called-params config/configs.yaml
INFO:root:loaded params...
INFO:root:{'k_means': {'K': 7806}, 'patches': {'N': [16, 32, 64, 80, 128]}, 'num_workers': 32, 'base_dir': '/home/rtcalumby/adam/luciano/PlantCLEF2025/PlantCLEF2025/', 'pretrained_path': 'pretrained_models/vit_base_patch14_reg4_dinov2_lvd142m_pc24_onlyclassifier_then_all/model_best.pth.tar', 'data': {'class_mapping': 'pretrained_models/class_mapping.txt', 'species_mapping': 'pretrained_models/species_id_to_name.txt', 'test_data': '/home/rtcalumby/adam/luciano/PlantCLEF2025/test_dataset/'}}
INFO:root:Running... (rank: 0/4)
INFO:root:Initialized (rank/world-size) 0/4
<class 'torch.cuda.device'>
Test dataset created
<class 'torch.cuda.device'>
INFO:timm.models._helpers:Loaded state_dict_ema from checkpoint 'pretrained_models/vit_base_patch14_reg4_dinov2_lvd142m_pc24_onlyclassifier_then_all/model_best.pth.tar'
<class 'torch.cuda.device'>
Test dataset created
<class 'torch.cuda.device'>
Test dataset created
Test dataset created
INFO:root:Image [1/2105]
INFO:root:Image [2/2105]
INFO:root:Image [3/2105]
INFO:root:Image [4/2105]
INFO:root:Image [5/2105]
INFO:root:Image [6/2105]
INFO:root:Image [7/2105]
INFO:root:Image [8/2105]
INFO:root:Image [9/2105]
INFO:root:Image [10/2105]
INFO:root:Image [11/2105]
INFO:root:Image [12/2105]
INFO:root:Image [13/2105]
INFO:root:Image [14/2105]
INFO:root:Image [15/2105]
INFO:root:Image [16/2105]
INFO:root:Image [17/2105]
INFO:root:Image [18/2105]
INFO:root:Image [19/2105]
INFO:root:Image [20/2105]
INFO:root:Image [21/2105]
INFO:root:Image [22/2105]
INFO:root:Image [23/2105]
INFO:root:Image [24/2105]
INFO:root:Image [25/2105]
INFO:root:Image [26/2105]
INFO:root:Image [27/2105]
INFO:root:Image [28/2105]
INFO:root:Image [29/2105]
INFO:root:Image [30/2105]
INFO:root:Image [31/2105]
INFO:root:Image [32/2105]
INFO:root:Image [33/2105]
INFO:root:Image [34/2105]
INFO:root:Image [35/2105]
INFO:root:Image [36/2105]
INFO:root:Image [37/2105]
INFO:root:Image [38/2105]
INFO:root:Image [39/2105]
INFO:root:Image [40/2105]
INFO:root:Image [41/2105]
INFO:root:Image [42/2105]
INFO:root:Image [43/2105]
INFO:root:Image [44/2105]
INFO:root:Image [45/2105]
INFO:root:Image [46/2105]
INFO:root:Image [47/2105]
INFO:root:Image [48/2105]
INFO:root:Image [49/2105]
INFO:root:Image [50/2105]
INFO:root:Image [51/2105]
INFO:root:Image [52/2105]
INFO:root:Image [53/2105]
INFO:root:Image [54/2105]
INFO:root:Image [55/2105]
INFO:root:Image [56/2105]
INFO:root:Image [57/2105]
INFO:root:Image [58/2105]
INFO:root:Image [59/2105]
INFO:root:Image [60/2105]
INFO:root:Image [61/2105]
INFO:root:Image [62/2105]
INFO:root:Image [63/2105]
INFO:root:Image [64/2105]
INFO:root:Image [65/2105]
INFO:root:Image [66/2105]
INFO:root:Image [67/2105]
INFO:root:Image [68/2105]
INFO:root:Image [69/2105]
INFO:root:Image [70/2105]
INFO:root:Image [71/2105]
INFO:root:Image [72/2105]
INFO:root:Image [73/2105]
INFO:root:Image [74/2105]
INFO:root:Image [75/2105]
INFO:root:Image [76/2105]
INFO:root:Image [77/2105]
INFO:root:Image [78/2105]
INFO:root:Image [79/2105]
INFO:root:Image [80/2105]
INFO:root:Image [81/2105]
INFO:root:Image [82/2105]
INFO:root:Image [83/2105]
INFO:root:Image [84/2105]
INFO:root:Image [85/2105]
INFO:root:Image [86/2105]
INFO:root:Image [87/2105]
INFO:root:Image [88/2105]
INFO:root:Image [89/2105]
INFO:root:Image [90/2105]
INFO:root:Image [91/2105]
INFO:root:Image [92/2105]
INFO:root:Image [93/2105]
INFO:root:Image [94/2105]
INFO:root:Image [95/2105]
INFO:root:Image [96/2105]
INFO:root:Image [97/2105]
INFO:root:Image [98/2105]
INFO:root:Image [99/2105]
INFO:root:Image [100/2105]
INFO:root:Image [101/2105]
INFO:root:Image [102/2105]
INFO:root:Image [103/2105]
INFO:root:Image [104/2105]
INFO:root:Image [105/2105]
INFO:root:Image [106/2105]
INFO:root:Image [107/2105]
INFO:root:Image [108/2105]
INFO:root:Image [109/2105]
INFO:root:Image [110/2105]
INFO:root:Image [111/2105]
INFO:root:Image [112/2105]
INFO:root:Image [113/2105]
INFO:root:Image [114/2105]
INFO:root:Image [115/2105]
INFO:root:Image [116/2105]
INFO:root:Image [117/2105]
INFO:root:Image [118/2105]
INFO:root:Image [119/2105]
INFO:root:Image [120/2105]
INFO:root:Image [121/2105]
INFO:root:Image [122/2105]
INFO:root:Image [123/2105]
INFO:root:Image [124/2105]
INFO:root:Image [125/2105]
INFO:root:Image [126/2105]
INFO:root:Image [127/2105]
INFO:root:Image [128/2105]
INFO:root:Image [129/2105]
INFO:root:Image [130/2105]
INFO:root:Image [131/2105]
INFO:root:Image [132/2105]
INFO:root:Image [133/2105]
INFO:root:Image [134/2105]
INFO:root:Image [135/2105]
INFO:root:Image [136/2105]
INFO:root:Image [137/2105]
INFO:root:Image [138/2105]
INFO:root:Image [139/2105]
INFO:root:Image [140/2105]
INFO:root:Image [141/2105]
INFO:root:Image [142/2105]
INFO:root:Image [143/2105]
INFO:root:Image [144/2105]
INFO:root:Image [145/2105]
INFO:root:Image [146/2105]
INFO:root:Image [147/2105]
INFO:root:Image [148/2105]
INFO:root:Image [149/2105]
INFO:root:Image [150/2105]
INFO:root:Image [151/2105]
INFO:root:Image [152/2105]
INFO:root:Image [153/2105]
INFO:root:Image [154/2105]
INFO:root:Image [155/2105]
INFO:root:Image [156/2105]
INFO:root:Image [157/2105]
INFO:root:Image [158/2105]
INFO:root:Image [159/2105]
INFO:root:Image [160/2105]
INFO:root:Image [161/2105]
INFO:root:Image [162/2105]
INFO:root:Image [163/2105]
INFO:root:Image [164/2105]
INFO:root:Image [165/2105]
INFO:root:Image [166/2105]
INFO:root:Image [167/2105]
INFO:root:Image [168/2105]
INFO:root:Image [169/2105]
INFO:root:Image [170/2105]
INFO:root:Image [171/2105]
INFO:root:Image [172/2105]
INFO:root:Image [173/2105]
INFO:root:Image [174/2105]
INFO:root:Image [175/2105]
INFO:root:Image [176/2105]
INFO:root:Image [177/2105]
INFO:root:Image [178/2105]
INFO:root:Image [179/2105]
INFO:root:Image [180/2105]
INFO:root:Image [181/2105]
INFO:root:Image [182/2105]
INFO:root:Image [183/2105]
INFO:root:Image [184/2105]
INFO:root:Image [185/2105]
INFO:root:Image [186/2105]
INFO:root:Image [187/2105]
INFO:root:Image [188/2105]
INFO:root:Image [189/2105]
INFO:root:Image [190/2105]
INFO:root:Image [191/2105]
INFO:root:Image [192/2105]
INFO:root:Image [193/2105]
INFO:root:Image [194/2105]
INFO:root:Image [195/2105]
INFO:root:Image [196/2105]
INFO:root:Image [197/2105]
INFO:root:Image [198/2105]
INFO:root:Image [199/2105]
INFO:root:Image [200/2105]
INFO:root:Image [201/2105]
INFO:root:Image [202/2105]
INFO:root:Image [203/2105]
INFO:root:Image [204/2105]
INFO:root:Image [205/2105]
INFO:root:Image [206/2105]
INFO:root:Image [207/2105]
INFO:root:Image [208/2105]
INFO:root:Image [209/2105]
INFO:root:Image [210/2105]
INFO:root:Image [211/2105]
INFO:root:Image [212/2105]
INFO:root:Image [213/2105]
INFO:root:Image [214/2105]
INFO:root:Image [215/2105]
INFO:root:Image [216/2105]
INFO:root:Image [217/2105]
INFO:root:Image [218/2105]
INFO:root:Image [219/2105]
INFO:root:Image [220/2105]
INFO:root:Image [221/2105]
INFO:root:Image [222/2105]
INFO:root:Image [223/2105]
INFO:root:Image [224/2105]
INFO:root:Image [225/2105]
INFO:root:Image [226/2105]
INFO:root:Image [227/2105]
INFO:root:Image [228/2105]
INFO:root:Image [229/2105]
INFO:root:Image [230/2105]
INFO:root:Image [231/2105]
INFO:root:Image [232/2105]
INFO:root:Image [233/2105]
INFO:root:Image [234/2105]
INFO:root:Image [235/2105]
INFO:root:Image [236/2105]
INFO:root:Image [237/2105]
INFO:root:Image [238/2105]
INFO:root:Image [239/2105]
INFO:root:Image [240/2105]
INFO:root:Image [241/2105]
INFO:root:Image [242/2105]
INFO:root:Image [243/2105]
INFO:root:Image [244/2105]
INFO:root:Image [245/2105]
INFO:root:Image [246/2105]
INFO:root:Image [247/2105]
INFO:root:Image [248/2105]
INFO:root:Image [249/2105]
INFO:root:Image [250/2105]
INFO:root:Image [251/2105]
INFO:root:Image [252/2105]
INFO:root:Image [253/2105]
INFO:root:Image [254/2105]
INFO:root:Image [255/2105]
INFO:root:Image [256/2105]
INFO:root:Image [257/2105]
INFO:root:Image [258/2105]
INFO:root:Image [259/2105]
INFO:root:Image [260/2105]
INFO:root:Image [261/2105]
INFO:root:Image [262/2105]
INFO:root:Image [263/2105]
INFO:root:Image [264/2105]
INFO:root:Image [265/2105]
INFO:root:Image [266/2105]
INFO:root:Image [267/2105]
INFO:root:Image [268/2105]
INFO:root:Image [269/2105]
INFO:root:Image [270/2105]
INFO:root:Image [271/2105]
INFO:root:Image [272/2105]
INFO:root:Image [273/2105]
INFO:root:Image [274/2105]
INFO:root:Image [275/2105]
INFO:root:Image [276/2105]
INFO:root:Image [277/2105]
INFO:root:Image [278/2105]
INFO:root:Image [279/2105]
INFO:root:Image [280/2105]
INFO:root:Image [281/2105]
INFO:root:Image [282/2105]
INFO:root:Image [283/2105]
INFO:root:Image [284/2105]
INFO:root:Image [285/2105]
INFO:root:Image [286/2105]
INFO:root:Image [287/2105]
INFO:root:Image [288/2105]
INFO:root:Image [289/2105]
INFO:root:Image [290/2105]
INFO:root:Image [291/2105]
INFO:root:Image [292/2105]
INFO:root:Image [293/2105]
INFO:root:Image [294/2105]
INFO:root:Image [295/2105]
INFO:root:Image [296/2105]
INFO:root:Image [297/2105]
INFO:root:Image [298/2105]
INFO:root:Image [299/2105]
INFO:root:Image [300/2105]
INFO:root:Image [301/2105]
INFO:root:Image [302/2105]
INFO:root:Image [303/2105]
INFO:root:Image [304/2105]
INFO:root:Image [305/2105]
INFO:root:Image [306/2105]
INFO:root:Image [307/2105]
INFO:root:Image [308/2105]
INFO:root:Image [309/2105]
INFO:root:Image [310/2105]
INFO:root:Image [311/2105]
INFO:root:Image [312/2105]
INFO:root:Image [313/2105]
INFO:root:Image [314/2105]
INFO:root:Image [315/2105]
INFO:root:Image [316/2105]
INFO:root:Image [317/2105]
INFO:root:Image [318/2105]
INFO:root:Image [319/2105]
INFO:root:Image [320/2105]
INFO:root:Image [321/2105]
INFO:root:Image [322/2105]
INFO:root:Image [323/2105]
INFO:root:Image [324/2105]
INFO:root:Image [325/2105]
INFO:root:Image [326/2105]
INFO:root:Image [327/2105]
INFO:root:Image [328/2105]
INFO:root:Image [329/2105]
INFO:root:Image [330/2105]
INFO:root:Image [331/2105]
INFO:root:Image [332/2105]
INFO:root:Image [333/2105]
INFO:root:Image [334/2105]
INFO:root:Image [335/2105]
INFO:root:Image [336/2105]
INFO:root:Image [337/2105]
INFO:root:Image [338/2105]
INFO:root:Image [339/2105]
INFO:root:Image [340/2105]
INFO:root:Image [341/2105]
INFO:root:Image [342/2105]
INFO:root:Image [343/2105]
INFO:root:Image [344/2105]
INFO:root:Image [345/2105]
INFO:root:Image [346/2105]
INFO:root:Image [347/2105]
INFO:root:Image [348/2105]
INFO:root:Image [349/2105]
INFO:root:Image [350/2105]
INFO:root:Image [351/2105]
INFO:root:Image [352/2105]
INFO:root:Image [353/2105]
INFO:root:Image [354/2105]
INFO:root:Image [355/2105]
INFO:root:Image [356/2105]
INFO:root:Image [357/2105]
INFO:root:Image [358/2105]
INFO:root:Image [359/2105]
INFO:root:Image [360/2105]
INFO:root:Image [361/2105]
INFO:root:Image [362/2105]
INFO:root:Image [363/2105]
INFO:root:Image [364/2105]
INFO:root:Image [365/2105]
INFO:root:Image [366/2105]
INFO:root:Image [367/2105]
INFO:root:Image [368/2105]
INFO:root:Image [369/2105]
INFO:root:Image [370/2105]
INFO:root:Image [371/2105]
INFO:root:Image [372/2105]
INFO:root:Image [373/2105]
INFO:root:Image [374/2105]
INFO:root:Image [375/2105]
INFO:root:Image [376/2105]
INFO:root:Image [377/2105]
INFO:root:Image [378/2105]
INFO:root:Image [379/2105]
INFO:root:Image [380/2105]
INFO:root:Image [381/2105]
INFO:root:Image [382/2105]
INFO:root:Image [383/2105]
INFO:root:Image [384/2105]
INFO:root:Image [385/2105]
INFO:root:Image [386/2105]
INFO:root:Image [387/2105]
INFO:root:Image [388/2105]
INFO:root:Image [389/2105]
INFO:root:Image [390/2105]
INFO:root:Image [391/2105]
INFO:root:Image [392/2105]
INFO:root:Image [393/2105]
INFO:root:Image [394/2105]
INFO:root:Image [395/2105]
INFO:root:Image [396/2105]
INFO:root:Image [397/2105]
INFO:root:Image [398/2105]
INFO:root:Image [399/2105]
INFO:root:Image [400/2105]
INFO:root:Image [401/2105]
INFO:root:Image [402/2105]
INFO:root:Image [403/2105]
INFO:root:Image [404/2105]
INFO:root:Image [405/2105]
INFO:root:Image [406/2105]
INFO:root:Image [407/2105]
INFO:root:Image [408/2105]
INFO:root:Image [409/2105]
INFO:root:Image [410/2105]
INFO:root:Image [411/2105]
INFO:root:Image [412/2105]
INFO:root:Image [413/2105]
INFO:root:Image [414/2105]
INFO:root:Image [415/2105]
INFO:root:Image [416/2105]
INFO:root:Image [417/2105]
INFO:root:Image [418/2105]
INFO:root:Image [419/2105]
INFO:root:Image [420/2105]
INFO:root:Image [421/2105]
INFO:root:Image [422/2105]
INFO:root:Image [423/2105]
INFO:root:Image [424/2105]
INFO:root:Image [425/2105]
INFO:root:Image [426/2105]
INFO:root:Image [427/2105]
INFO:root:Image [428/2105]
INFO:root:Image [429/2105]
INFO:root:Image [430/2105]
INFO:root:Image [431/2105]
INFO:root:Image [432/2105]
INFO:root:Image [433/2105]
INFO:root:Image [434/2105]
INFO:root:Image [435/2105]
INFO:root:Image [436/2105]
INFO:root:Image [437/2105]
INFO:root:Image [438/2105]
INFO:root:Image [439/2105]
INFO:root:Image [440/2105]
