INFO:root:called-params config/feature_extraction.yaml
INFO:root:loaded params...
INFO:root:{'num_workers': 64, 'base_dir': '/home/rtcalumby/adam/luciano/PlantCLEF2025/PlantCLEF2025/', 'pretrained_path': 'pretrained_models/vit_base_patch14_reg4_dinov2_lvd142m_pc24_onlyclassifier_then_all/model_best.pth.tar', 'data': {'class_mapping': 'pretrained_models/class_mapping.txt', 'species_mapping': 'pretrained_models/species_id_to_name.txt', 'train_data': '/home/rtcalumby/adam/luciano/PlantCLEF2025/images_max_side_800/', 'output_dir': '/home/rtcalumby/adam/luciano/PlantCLEF2025/cached_features/'}}
INFO:root:Running... (rank: 0/8)
INFO:root:Initialized (rank/world-size) 0/8
INFO:timm.models._helpers:Loaded state_dict_ema from checkpoint 'pretrained_models/vit_base_patch14_reg4_dinov2_lvd142m_pc24_onlyclassifier_then_all/model_best.pth.tar'
Train dataset created
Train dataset created
Train dataset created
Train dataset created
Train dataset created
Train dataset created
Train dataset created
Train dataset created
INFO:root:Iteration [1/1408033]
INFO:root:Iteration [2/1408033]
INFO:root:Iteration [3/1408033]
INFO:root:Iteration [4/1408033]
INFO:root:Iteration [5/1408033]
INFO:root:Iteration [6/1408033]
slurmstepd: error: *** JOB 5557 ON hgx CANCELLED AT 2025-04-18T23:52:09 ***
slurmstepd: error: *** JOB 5557 STEPD TERMINATED ON hgx AT 2025-04-18T23:53:09 DUE TO JOB NOT ENDING WITH SIGNALS ***
