INFO:root:called-params config/configs.yaml
INFO:root:loaded params...
INFO:root:{'k_means': {'K': 7806}, 'patches': {'N': [16, 32, 64, 80, 128]}, 'num_workers': 32, 'base_dir': '/home/rtcalumby/adam/luciano/PlantCLEF2025/PlantCLEF2025/', 'pretrained_path': 'pretrained_models/vit_base_patch14_reg4_dinov2_lvd142m_pc24_onlyclassifier_then_all/model_best.pth.tar', 'data': {'class_mapping': 'pretrained_models/class_mapping.txt', 'species_mapping': 'pretrained_models/species_id_to_name.txt', 'test_data': '/home/rtcalumby/adam/luciano/PlantCLEF2025/test_dataset/'}}
INFO:root:Running... (rank: 0/4)
INFO:root:Initialized (rank/world-size) 0/4
INFO:timm.models._helpers:Loaded state_dict_ema from checkpoint 'pretrained_models/vit_base_patch14_reg4_dinov2_lvd142m_pc24_onlyclassifier_then_all/model_best.pth.tar'
Test dataset created
Test dataset created
Test dataset created
Test dataset created
INFO:root:Image [1/2105]
INFO:root:features: [tensor([[ 0.3978, -0.0859, -0.4183,  ..., -0.3247, -0.1486, -0.2079],
        [ 0.1337, -0.0254, -0.6789,  ..., -0.6638, -0.0204, -0.5220],
        [ 0.1428,  0.0564, -0.8632,  ..., -0.3791, -0.1816, -0.1972],
        ...,
        [ 0.2039, -0.0945, -0.2252,  ..., -0.5943, -0.2511, -0.1706],
        [-0.0410, -0.1146, -0.3513,  ..., -0.3809,  0.3081, -0.6461],
        [ 0.5231, -0.0782, -0.4170,  ..., -0.5556, -0.7238, -0.0907]]), tensor([[ 0.1825,  0.2822, -0.7794,  ..., -0.4498, -0.0664,  0.1859],
        [ 0.2351, -0.0492, -0.7977,  ..., -0.2847, -0.0592, -0.0774],
        [ 0.2169, -0.0521, -0.7108,  ..., -0.4511, -0.1866, -0.3797],
        ...,
        [-0.3172,  0.0810, -1.1453,  ..., -0.1814,  0.0319,  0.4348],
        [ 0.1101, -0.0230, -0.3546,  ..., -0.5273,  0.1965,  0.1264],
        [ 0.2644, -0.0254, -0.0248,  ..., -0.1956, -0.4651,  0.2017]])]
INFO:root:Image [2/2105]
INFO:root:features: [tensor([[ 0.3670,  0.2588,  0.5621,  ..., -0.3988,  0.3681,  0.3264],
        [ 0.4385, -0.0805, -0.2237,  ...,  0.0565,  0.1869,  0.1214],
        [ 0.0237, -0.4540, -0.8918,  ...,  0.2750, -0.0715,  0.2071],
        ...,
        [ 0.3757, -0.0031,  0.1319,  ...,  0.2369,  0.1468,  0.0418],
        [-0.0393, -0.1238, -0.0516,  ..., -0.0155,  0.1995,  0.0664],
        [ 0.1732,  0.0326, -0.1490,  ..., -0.0111,  0.2276,  0.2164]]), tensor([[-0.4712, -0.2593, -1.4753,  ..., -1.0972, -0.1848, -0.5778],
        [-0.2065,  0.3132, -0.0432,  ..., -0.0379,  0.1780,  0.3542],
        [ 0.2188,  0.0380,  0.1770,  ...,  0.2039, -0.0181,  0.3857],
        ...,
        [-0.1025, -0.0247, -0.1780,  ..., -0.3378, -0.4882,  0.1717],
        [-0.0686, -0.0262, -0.4019,  ..., -0.1428, -0.2393,  0.3860],
        [ 0.0925,  0.0191, -0.1286,  ..., -0.1087,  0.0377,  0.1845]])]
INFO:root:Image [3/2105]
INFO:root:features: [tensor([[ 0.0766, -0.0987, -0.8902,  ..., -0.7075, -0.2442, -0.1166],
        [-0.3096, -0.1156, -1.3648,  ..., -1.0258,  0.0657,  0.0526],
        [ 0.2990, -0.0795, -0.1483,  ..., -0.3029, -0.3246,  0.4128],
        ...,
        [ 0.2134, -0.0752,  0.0516,  ..., -0.0051,  0.0451,  0.0330],
        [ 0.0958,  0.2409, -0.2863,  ..., -0.2703,  0.5582,  0.6187],
        [ 0.0572,  0.0263, -0.1603,  ..., -0.1047,  0.6286,  0.4158]]), tensor([[-0.6167, -0.4194, -1.2656,  ..., -0.9877, -0.2728, -0.4785],
        [ 0.0894,  0.1536,  0.0692,  ..., -0.1582,  0.3022,  0.0763],
        [ 0.5084, -0.0072,  0.0088,  ...,  0.1169,  0.1317, -0.0400],
        ...,
        [ 0.1358, -0.0034, -0.2536,  ...,  0.1404, -0.1394,  0.2782],
        [ 0.2627,  0.0758, -0.1315,  ..., -0.0147, -0.0537,  0.2826],
        [ 0.1641, -0.0350, -0.1885,  ...,  0.0566, -0.2766,  0.2699]])]
INFO:root:Image [4/2105]
slurmstepd: error: *** JOB 5465 ON hgx CANCELLED AT 2025-04-16T11:14:09 ***
