INFO:root:called-params config/configs.yaml
INFO:root:loaded params...
{   'base_dir': '/home/rtcalumby/adam/luciano/PlantCLEF2025/PlantCLEF2025/',
    'data': {   'class_mapping': 'pretrained_models/class_mapping.txt',
                'species_mapping': 'pretrained_models/species_id_to_name.txt',
                'test_data': '/home/rtcalumby/adam/luciano/PlantCLEF2025/test_dataset/'},
    'k_means': {'K': 7806},
    'num_workers': 32,
    'patches': {'N': [16, 32, 64, 80, 128]},
    'pretrained_path': 'pretrained_models/vit_base_patch14_reg4_dinov2_lvd142m_pc24_onlyclassifier_then_all/model_best.pth.tar'}
{   'base_dir': '/home/rtcalumby/adam/luciano/PlantCLEF2025/PlantCLEF2025/',
    'data': {   'class_mapping': 'pretrained_models/class_mapping.txt',
                'species_mapping': 'pretrained_models/species_id_to_name.txt',
                'test_data': '/home/rtcalumby/adam/luciano/PlantCLEF2025/test_dataset/'},
    'k_means': {'K': 7806},
    'num_workers': 32,
    'patches': {'N': [16, 32, 64, 80, 128]},
    'pretrained_path': 'pretrained_models/vit_base_patch14_reg4_dinov2_lvd142m_pc24_onlyclassifier_then_all/model_best.pth.tar'}
{   'base_dir': '/home/rtcalumby/adam/luciano/PlantCLEF2025/PlantCLEF2025/',
    'data': {   'class_mapping': 'pretrained_models/class_mapping.txt',
                'species_mapping': 'pretrained_models/species_id_to_name.txt',
                'test_data': '/home/rtcalumby/adam/luciano/PlantCLEF2025/test_dataset/'},
    'k_means': {'K': 7806},
    'num_workers': 32,
    'patches': {'N': [16, 32, 64, 80, 128]},
    'pretrained_path': 'pretrained_models/vit_base_patch14_reg4_dinov2_lvd142m_pc24_onlyclassifier_then_all/model_best.pth.tar'}
slurmstepd: error: *** JOB 5441 ON hgx CANCELLED AT 2025-04-14T22:50:10 ***
