INFO:root:called-params config/feature_extraction.yaml
INFO:root:loaded params...
INFO:root:{'num_workers': 64, 'base_dir': '/home/rtcalumby/adam/luciano/PlantCLEF2025/PlantCLEF2025/', 'pretrained_path': 'pretrained_models/vit_base_patch14_reg4_dinov2_lvd142m_pc24_onlyclassifier_then_all/model_best.pth.tar', 'data': {'class_mapping': 'pretrained_models/class_mapping.txt', 'species_mapping': 'pretrained_models/species_id_to_name.txt', 'train_data': '/home/rtcalumby/adam/luciano/PlantCLEF2025/images_max_side_800/', 'output_dir': '/home/rtcalumby/adam/luciano/PlantCLEF2025/cached_features/'}}
INFO:root:Running... (rank: 0/8)
INFO:root:Initialized (rank/world-size) 0/8
INFO:timm.models._helpers:Loaded state_dict_ema from checkpoint 'pretrained_models/vit_base_patch14_reg4_dinov2_lvd142m_pc24_onlyclassifier_then_all/model_best.pth.tar'
Train dataset created
Train dataset created
Train dataset created
Train dataset created
Train dataset created
Train dataset created
Train dataset created
Train dataset created
INFO:root:Iteration [1/85]
INFO:root:Iteration [2/85]
INFO:root:Iteration [3/85]
INFO:root:Iteration [4/85]
INFO:root:Iteration [5/85]
INFO:root:Iteration [6/85]
INFO:root:Iteration [7/85]
INFO:root:Iteration [8/85]
INFO:root:Iteration [9/85]
INFO:root:Iteration [10/85]
INFO:root:Iteration [11/85]
INFO:root:Iteration [12/85]
INFO:root:Iteration [13/85]
INFO:root:Iteration [14/85]
INFO:root:Iteration [15/85]
INFO:root:Iteration [16/85]
INFO:root:Iteration [17/85]
INFO:root:Iteration [18/85]
INFO:root:Iteration [19/85]
INFO:root:Iteration [20/85]
INFO:root:Iteration [21/85]
INFO:root:Iteration [22/85]
INFO:root:Iteration [23/85]
INFO:root:Iteration [24/85]
INFO:root:Iteration [25/85]
INFO:root:Iteration [26/85]
INFO:root:Iteration [27/85]
INFO:root:Iteration [28/85]
INFO:root:Iteration [29/85]
INFO:root:Iteration [30/85]
INFO:root:Iteration [31/85]
INFO:root:Iteration [32/85]
INFO:root:Iteration [33/85]
INFO:root:Iteration [34/85]
INFO:root:Iteration [35/85]
INFO:root:Iteration [36/85]
INFO:root:Iteration [37/85]
INFO:root:Iteration [38/85]
INFO:root:Iteration [39/85]
INFO:root:Iteration [40/85]
INFO:root:Iteration [41/85]
INFO:root:Iteration [42/85]
INFO:root:Iteration [43/85]
INFO:root:Iteration [44/85]
INFO:root:Iteration [45/85]
INFO:root:Iteration [46/85]
INFO:root:Iteration [47/85]
INFO:root:Iteration [48/85]
INFO:root:Iteration [49/85]
INFO:root:Iteration [50/85]
INFO:root:Iteration [51/85]
INFO:root:Iteration [52/85]
INFO:root:Iteration [53/85]
INFO:root:Iteration [54/85]
INFO:root:Iteration [55/85]
INFO:root:Iteration [56/85]
INFO:root:Iteration [57/85]
INFO:root:Iteration [58/85]
INFO:root:Iteration [59/85]
INFO:root:Iteration [60/85]
INFO:root:Iteration [61/85]
INFO:root:Iteration [62/85]
INFO:root:Iteration [63/85]
INFO:root:Iteration [64/85]
INFO:root:Iteration [65/85]
INFO:root:Iteration [66/85]
INFO:root:Iteration [67/85]
INFO:root:Iteration [68/85]
INFO:root:Iteration [69/85]
INFO:root:Iteration [70/85]
INFO:root:Iteration [71/85]
INFO:root:Iteration [72/85]
INFO:root:Iteration [73/85]
INFO:root:Iteration [74/85]
INFO:root:Iteration [75/85]
INFO:root:Iteration [76/85]
INFO:root:Iteration [77/85]
INFO:root:Iteration [78/85]
INFO:root:Iteration [79/85]
INFO:root:Iteration [80/85]
INFO:root:Iteration [81/85]
INFO:root:Iteration [82/85]
INFO:root:Iteration [83/85]
Rank, 3 Cache keys 7058
INFO:root:Iteration [84/85]
Rank, 5 Cache keys 7047
INFO:root:Iteration [85/85]
Rank, 1 Cache keys 7082
INFO:root:Iteration [86/85]
Rank, 0 Cache keys 7068
