INFO:root:called-params config/configs.yaml
INFO:root:loaded params...
INFO:root:{'k_means': {'K': 7806}, 'patches': {'N': [16, 32, 64, 80, 128]}, 'num_workers': 32, 'base_dir': '/home/rtcalumby/adam/luciano/PlantCLEF2025/PlantCLEF2025/', 'pretrained_path': 'pretrained_models/vit_base_patch14_reg4_dinov2_lvd142m_pc24_onlyclassifier_then_all/model_best.pth.tar', 'data': {'class_mapping': 'pretrained_models/class_mapping.txt', 'species_mapping': 'pretrained_models/species_id_to_name.txt', 'test_data': '/home/rtcalumby/adam/luciano/PlantCLEF2025/test_dataset/'}}
INFO:root:Running... (rank: 0/4)
INFO:root:Initialized (rank/world-size) 0/4
INFO:timm.models._helpers:Loaded state_dict_ema from checkpoint 'pretrained_models/vit_base_patch14_reg4_dinov2_lvd142m_pc24_onlyclassifier_then_all/model_best.pth.tar'
Test dataset created
Test dataset created
Test dataset created
Test dataset created
INFO:root:Image [1/2105]
INFO:root:Preprocessed batch no. 1
[tensor([[ 0.3978, -0.0859, -0.4183,  ..., -0.3247, -0.1486, -0.2079],
        [ 0.1337, -0.0254, -0.6789,  ..., -0.6638, -0.0204, -0.5220],
        [ 0.1428,  0.0564, -0.8632,  ..., -0.3791, -0.1816, -0.1972],
        ...,
        [ 0.2039, -0.0945, -0.2252,  ..., -0.5943, -0.2511, -0.1706],
        [-0.0410, -0.1146, -0.3513,  ..., -0.3809,  0.3081, -0.6461],
        [ 0.5231, -0.0782, -0.4170,  ..., -0.5556, -0.7238, -0.0907]])]
INFO:root:Preprocessed batch no. 2
[tensor([[ 0.3978, -0.0859, -0.4183,  ..., -0.3247, -0.1486, -0.2079],
        [ 0.1337, -0.0254, -0.6789,  ..., -0.6638, -0.0204, -0.5220],
        [ 0.1428,  0.0564, -0.8632,  ..., -0.3791, -0.1816, -0.1972],
        ...,
        [ 0.2039, -0.0945, -0.2252,  ..., -0.5943, -0.2511, -0.1706],
        [-0.0410, -0.1146, -0.3513,  ..., -0.3809,  0.3081, -0.6461],
        [ 0.5231, -0.0782, -0.4170,  ..., -0.5556, -0.7238, -0.0907]]), tensor([[ 0.1825,  0.2822, -0.7794,  ..., -0.4498, -0.0664,  0.1859],
        [ 0.2351, -0.0492, -0.7977,  ..., -0.2847, -0.0592, -0.0774],
        [ 0.2169, -0.0521, -0.7108,  ..., -0.4511, -0.1866, -0.3797],
        ...,
        [-0.3172,  0.0810, -1.1453,  ..., -0.1814,  0.0319,  0.4348],
        [ 0.1101, -0.0230, -0.3546,  ..., -0.5273,  0.1965,  0.1264],
        [ 0.2644, -0.0254, -0.0248,  ..., -0.1956, -0.4651,  0.2017]])]
[tensor([[ 0.3978, -0.0859, -0.4183,  ..., -0.3247, -0.1486, -0.2079],
        [ 0.1337, -0.0254, -0.6789,  ..., -0.6638, -0.0204, -0.5220],
        [ 0.1428,  0.0564, -0.8632,  ..., -0.3791, -0.1816, -0.1972],
        ...,
        [ 0.2039, -0.0945, -0.2252,  ..., -0.5943, -0.2511, -0.1706],
        [-0.0410, -0.1146, -0.3513,  ..., -0.3809,  0.3081, -0.6461],
        [ 0.5231, -0.0782, -0.4170,  ..., -0.5556, -0.7238, -0.0907]])]
[tensor([[ 0.3978, -0.0859, -0.4183,  ..., -0.3247, -0.1486, -0.2079],
        [ 0.1337, -0.0254, -0.6789,  ..., -0.6638, -0.0204, -0.5220],
        [ 0.1428,  0.0564, -0.8632,  ..., -0.3791, -0.1816, -0.1972],
        ...,
        [ 0.2039, -0.0945, -0.2252,  ..., -0.5943, -0.2511, -0.1706],
        [-0.0410, -0.1146, -0.3513,  ..., -0.3809,  0.3081, -0.6461],
        [ 0.5231, -0.0782, -0.4170,  ..., -0.5556, -0.7238, -0.0907]]), tensor([[ 0.1825,  0.2822, -0.7794,  ..., -0.4498, -0.0664,  0.1859],
        [ 0.2351, -0.0492, -0.7977,  ..., -0.2847, -0.0592, -0.0774],
        [ 0.2169, -0.0521, -0.7108,  ..., -0.4511, -0.1866, -0.3797],
        ...,
        [-0.3172,  0.0810, -1.1453,  ..., -0.1814,  0.0319,  0.4348],
        [ 0.1101, -0.0230, -0.3546,  ..., -0.5273,  0.1965,  0.1264],
        [ 0.2644, -0.0254, -0.0248,  ..., -0.1956, -0.4651,  0.2017]])]
[tensor([[ 0.3978, -0.0859, -0.4183,  ..., -0.3247, -0.1486, -0.2079],
        [ 0.1337, -0.0254, -0.6789,  ..., -0.6638, -0.0204, -0.5220],
        [ 0.1428,  0.0564, -0.8632,  ..., -0.3791, -0.1816, -0.1972],
        ...,
        [ 0.2039, -0.0945, -0.2252,  ..., -0.5943, -0.2511, -0.1706],
        [-0.0410, -0.1146, -0.3513,  ..., -0.3809,  0.3081, -0.6461],
        [ 0.5231, -0.0782, -0.4170,  ..., -0.5556, -0.7238, -0.0907]])]
[tensor([[ 0.3978, -0.0859, -0.4183,  ..., -0.3247, -0.1486, -0.2079],
        [ 0.1337, -0.0254, -0.6789,  ..., -0.6638, -0.0204, -0.5220],
        [ 0.1428,  0.0564, -0.8632,  ..., -0.3791, -0.1816, -0.1972],
        ...,
        [ 0.2039, -0.0945, -0.2252,  ..., -0.5943, -0.2511, -0.1706],
        [-0.0410, -0.1146, -0.3513,  ..., -0.3809,  0.3081, -0.6461],
        [ 0.5231, -0.0782, -0.4170,  ..., -0.5556, -0.7238, -0.0907]]), tensor([[ 0.1825,  0.2822, -0.7794,  ..., -0.4498, -0.0664,  0.1859],
        [ 0.2351, -0.0492, -0.7977,  ..., -0.2847, -0.0592, -0.0774],
        [ 0.2169, -0.0521, -0.7108,  ..., -0.4511, -0.1866, -0.3797],
        ...,
        [-0.3172,  0.0810, -1.1453,  ..., -0.1814,  0.0319,  0.4348],
        [ 0.1101, -0.0230, -0.3546,  ..., -0.5273,  0.1965,  0.1264],
        [ 0.2644, -0.0254, -0.0248,  ..., -0.1956, -0.4651,  0.2017]])]
[tensor([[ 0.3978, -0.0859, -0.4183,  ..., -0.3247, -0.1486, -0.2079],
        [ 0.1337, -0.0254, -0.6789,  ..., -0.6638, -0.0204, -0.5220],
        [ 0.1428,  0.0564, -0.8632,  ..., -0.3791, -0.1816, -0.1972],
        ...,
        [ 0.2039, -0.0945, -0.2252,  ..., -0.5943, -0.2511, -0.1706],
        [-0.0410, -0.1146, -0.3513,  ..., -0.3809,  0.3081, -0.6461],
        [ 0.5231, -0.0782, -0.4170,  ..., -0.5556, -0.7238, -0.0907]])]
[tensor([[ 0.3978, -0.0859, -0.4183,  ..., -0.3247, -0.1486, -0.2079],
        [ 0.1337, -0.0254, -0.6789,  ..., -0.6638, -0.0204, -0.5220],
        [ 0.1428,  0.0564, -0.8632,  ..., -0.3791, -0.1816, -0.1972],
        ...,
        [ 0.2039, -0.0945, -0.2252,  ..., -0.5943, -0.2511, -0.1706],
        [-0.0410, -0.1146, -0.3513,  ..., -0.3809,  0.3081, -0.6461],
        [ 0.5231, -0.0782, -0.4170,  ..., -0.5556, -0.7238, -0.0907]]), tensor([[ 0.1825,  0.2822, -0.7794,  ..., -0.4498, -0.0664,  0.1859],
        [ 0.2351, -0.0492, -0.7977,  ..., -0.2847, -0.0592, -0.0774],
        [ 0.2169, -0.0521, -0.7108,  ..., -0.4511, -0.1866, -0.3797],
        ...,
        [-0.3172,  0.0810, -1.1453,  ..., -0.1814,  0.0319,  0.4348],
        [ 0.1101, -0.0230, -0.3546,  ..., -0.5273,  0.1965,  0.1264],
        [ 0.2644, -0.0254, -0.0248,  ..., -0.1956, -0.4651,  0.2017]])]
