INFO:root:called-params config/configs.yaml
INFO:root:loaded params...
INFO:root:{'k_means': {'K': 7806}, 'patches': {'N': [16, 32, 64, 80, 128]}, 'num_workers': 32, 'base_dir': '/home/rtcalumby/adam/luciano/PlantCLEF2025/PlantCLEF2025/', 'pretrained_path': 'pretrained_models/vit_base_patch14_reg4_dinov2_lvd142m_pc24_onlyclassifier_then_all/model_best.pth.tar', 'data': {'class_mapping': 'pretrained_models/class_mapping.txt', 'species_mapping': 'pretrained_models/species_id_to_name.txt', 'test_data': '/home/rtcalumby/adam/luciano/PlantCLEF2025/test_dataset/'}}
INFO:root:Running... (rank: 0/4)
INFO:root:Initialized (rank/world-size) 0/4
INFO:timm.models._helpers:Loaded state_dict_ema from checkpoint 'pretrained_models/vit_base_patch14_reg4_dinov2_lvd142m_pc24_onlyclassifier_then_all/model_best.pth.tar'
Test dataset created
Test dataset created
Test dataset created
Test dataset created
INFO:root:Image [1/2105]
INFO:root:size: 2
INFO:root:Image [2/2105]
INFO:root:size: 2
INFO:root:Image [3/2105]
INFO:root:size: 2
INFO:root:Image [4/2105]
INFO:root:size: 2
INFO:root:Image [5/2105]
INFO:root:size: 2
INFO:root:Image [6/2105]
INFO:root:size: 2
INFO:root:Image [7/2105]
INFO:root:size: 2
INFO:root:Image [8/2105]
INFO:root:size: 2
INFO:root:Image [9/2105]
INFO:root:size: 2
INFO:root:Image [10/2105]
INFO:root:size: 2
INFO:root:Image [11/2105]
INFO:root:size: 2
INFO:root:Image [12/2105]
INFO:root:size: 2
INFO:root:Image [13/2105]
INFO:root:size: 2
INFO:root:Image [14/2105]
INFO:root:size: 2
INFO:root:Image [15/2105]
INFO:root:size: 2
INFO:root:Image [16/2105]
INFO:root:size: 2
INFO:root:Image [17/2105]
INFO:root:size: 2
INFO:root:Image [18/2105]
INFO:root:size: 2
INFO:root:Image [19/2105]
INFO:root:size: 2
INFO:root:Image [20/2105]
INFO:root:size: 2
INFO:root:Image [21/2105]
INFO:root:size: 2
INFO:root:Image [22/2105]
slurmstepd: error: *** JOB 5463 ON hgx CANCELLED AT 2025-04-16T10:45:36 ***
