INFO:root:called-params config/configs.yaml
INFO:root:loaded params...
INFO:root:{'k_means': {'K': 7806}, 'patches': {'N': [16, 32, 64, 80, 128]}, 'num_workers': 32, 'base_dir': '/home/rtcalumby/adam/luciano/PlantCLEF2025/PlantCLEF2025/', 'pretrained_path': 'pretrained_models/vit_base_patch14_reg4_dinov2_lvd142m_pc24_onlyclassifier_then_all/model_best.pth.tar', 'data': {'class_mapping': 'pretrained_models/class_mapping.txt', 'species_mapping': 'pretrained_models/species_id_to_name.txt', 'test_data': '/home/rtcalumby/adam/luciano/PlantCLEF2025/test_dataset/'}}
INFO:root:Running... (rank: 0/4)
INFO:root:Initialized (rank/world-size) 0/4
INFO:timm.models._helpers:Loaded state_dict_ema from checkpoint 'pretrained_models/vit_base_patch14_reg4_dinov2_lvd142m_pc24_onlyclassifier_then_all/model_best.pth.tar'
Test dataset created
Test dataset created
Test dataset created
Test dataset created
INFO:root:Image [1/2105]
[rank1]:W0415 21:51:10.428711 139786482865984 torch/distributed/distributed_c10d.py:2349] _object_to_tensor size: 6291905 hash value: 5715089647709954979
[rank0]:W0415 21:51:10.501990 140515317843776 torch/distributed/distributed_c10d.py:2349] _object_to_tensor size: 6291905 hash value: 12842267871175901583
[rank2]:W0415 21:51:11.221215 139735612159808 torch/distributed/distributed_c10d.py:2349] _object_to_tensor size: 6291905 hash value: 10174789779656551065
[rank3]:W0415 21:51:11.246271 140349941413696 torch/distributed/distributed_c10d.py:2349] _object_to_tensor size: 6291905 hash value: 11246330570780737626
[rank3]:W0415 21:51:12.145990 140349941413696 torch/distributed/distributed_c10d.py:2359] _tensor_to_object size: 6291905 hash value: 15023910526655290259
[rank2]:W0415 21:51:12.146792 139735612159808 torch/distributed/distributed_c10d.py:2359] _tensor_to_object size: 6291905 hash value: 15023910526655290259
[rank1]:W0415 21:51:12.148902 139786482865984 torch/distributed/distributed_c10d.py:2359] _tensor_to_object size: 6291905 hash value: 15023910526655290259
[rank0]:W0415 21:51:12.161232 140515317843776 torch/distributed/distributed_c10d.py:2359] _tensor_to_object size: 6291905 hash value: 15023910526655290259
[rank3]:W0415 21:51:12.196415 140349941413696 torch/distributed/distributed_c10d.py:2359] _tensor_to_object size: 6291905 hash value: 15023910526655290259
[rank2]:W0415 21:51:12.197267 139735612159808 torch/distributed/distributed_c10d.py:2359] _tensor_to_object size: 6291905 hash value: 15023910526655290259
[rank1]:W0415 21:51:12.199540 139786482865984 torch/distributed/distributed_c10d.py:2359] _tensor_to_object size: 6291905 hash value: 15023910526655290259
[rank0]:W0415 21:51:12.210877 140515317843776 torch/distributed/distributed_c10d.py:2359] _tensor_to_object size: 6291905 hash value: 15023910526655290259
[rank3]:W0415 21:51:12.244043 140349941413696 torch/distributed/distributed_c10d.py:2359] _tensor_to_object size: 6291905 hash value: 15023910526655290259
[rank1]:W0415 21:51:12.247294 139786482865984 torch/distributed/distributed_c10d.py:2359] _tensor_to_object size: 6291905 hash value: 15023910526655290259
[rank2]:W0415 21:51:12.251487 139735612159808 torch/distributed/distributed_c10d.py:2359] _tensor_to_object size: 6291905 hash value: 15023910526655290259
[rank0]:W0415 21:51:12.257729 140515317843776 torch/distributed/distributed_c10d.py:2359] _tensor_to_object size: 6291905 hash value: 15023910526655290259
[rank3]:W0415 21:51:12.288604 140349941413696 torch/distributed/distributed_c10d.py:2359] _tensor_to_object size: 6291905 hash value: 15023910526655290259
[rank1]:W0415 21:51:12.292135 139786482865984 torch/distributed/distributed_c10d.py:2359] _tensor_to_object size: 6291905 hash value: 15023910526655290259
[rank0]:W0415 21:51:12.316257 140515317843776 torch/distributed/distributed_c10d.py:2359] _tensor_to_object size: 6291905 hash value: 15023910526655290259
[rank2]:W0415 21:51:12.368085 139735612159808 torch/distributed/distributed_c10d.py:2359] _tensor_to_object size: 6291905 hash value: 15023910526655290259
[rank0]:W0415 21:51:12.558162 140515317843776 torch/distributed/distributed_c10d.py:2349] _object_to_tensor size: 25166271 hash value: 15554358984707630406
[rank3]:W0415 21:51:12.656221 140349941413696 torch/distributed/distributed_c10d.py:2359] _tensor_to_object size: 25166271 hash value: 15554358984707630406
[rank2]:W0415 21:51:12.659357 139735612159808 torch/distributed/distributed_c10d.py:2359] _tensor_to_object size: 25166271 hash value: 15554358984707630406
[rank1]:W0415 21:51:12.659383 139786482865984 torch/distributed/distributed_c10d.py:2359] _tensor_to_object size: 25166271 hash value: 15554358984707630406
INFO:root:Image [2/2105]
[rank2]:W0415 21:51:27.994579 139735612159808 torch/distributed/distributed_c10d.py:2349] _object_to_tensor size: 37749523 hash value: 8431563650161975838
[rank3]:W0415 21:51:28.208842 140349941413696 torch/distributed/distributed_c10d.py:2349] _object_to_tensor size: 37749523 hash value: 4550102699884252272
[rank0]:W0415 21:51:28.465683 140515317843776 torch/distributed/distributed_c10d.py:2349] _object_to_tensor size: 37749523 hash value: 8191602217612384125
[rank1]:W0415 21:51:28.935912 139786482865984 torch/distributed/distributed_c10d.py:2349] _object_to_tensor size: 37749523 hash value: 5875501056609263088
[rank1]:W0415 21:51:29.290949 139786482865984 torch/distributed/distributed_c10d.py:2359] _tensor_to_object size: 37749523 hash value: 17704960803294770437
[rank2]:W0415 21:51:29.307535 139735612159808 torch/distributed/distributed_c10d.py:2359] _tensor_to_object size: 37749523 hash value: 17704960803294770437
[rank3]:W0415 21:51:29.311767 140349941413696 torch/distributed/distributed_c10d.py:2359] _tensor_to_object size: 37749523 hash value: 17704960803294770437
[rank0]:W0415 21:51:29.312184 140515317843776 torch/distributed/distributed_c10d.py:2359] _tensor_to_object size: 37749523 hash value: 17704960803294770437
[rank1]:W0415 21:51:29.636022 139786482865984 torch/distributed/distributed_c10d.py:2359] _tensor_to_object size: 37749523 hash value: 17704960803294770437
[rank2]:W0415 21:51:29.648812 139735612159808 torch/distributed/distributed_c10d.py:2359] _tensor_to_object size: 37749523 hash value: 17704960803294770437
[rank3]:W0415 21:51:29.653701 140349941413696 torch/distributed/distributed_c10d.py:2359] _tensor_to_object size: 37749523 hash value: 17704960803294770437
[rank0]:W0415 21:51:29.670802 140515317843776 torch/distributed/distributed_c10d.py:2359] _tensor_to_object size: 37749523 hash value: 17704960803294770437
[rank1]:W0415 21:51:29.977912 139786482865984 torch/distributed/distributed_c10d.py:2359] _tensor_to_object size: 37749523 hash value: 17704960803294770437
[rank2]:W0415 21:51:29.991260 139735612159808 torch/distributed/distributed_c10d.py:2359] _tensor_to_object size: 37749523 hash value: 17704960803294770437
[rank3]:W0415 21:51:29.996801 140349941413696 torch/distributed/distributed_c10d.py:2359] _tensor_to_object size: 37749523 hash value: 17704960803294770437
[rank0]:W0415 21:51:30.023495 140515317843776 torch/distributed/distributed_c10d.py:2359] _tensor_to_object size: 37749523 hash value: 17704960803294770437
[rank1]:W0415 21:51:30.319118 139786482865984 torch/distributed/distributed_c10d.py:2359] _tensor_to_object size: 37749523 hash value: 17704960803294770437
[rank2]:W0415 21:51:30.336552 139735612159808 torch/distributed/distributed_c10d.py:2359] _tensor_to_object size: 37749523 hash value: 17704960803294770437
[rank3]:W0415 21:51:30.341419 140349941413696 torch/distributed/distributed_c10d.py:2359] _tensor_to_object size: 37749523 hash value: 17704960803294770437
[rank0]:W0415 21:51:30.378736 140515317843776 torch/distributed/distributed_c10d.py:2359] _tensor_to_object size: 37749523 hash value: 17704960803294770437
[rank0]:W0415 21:51:31.114186 140515317843776 torch/distributed/distributed_c10d.py:2349] _object_to_tensor size: 150995727 hash value: 12601546636017951214
[rank1]:W0415 21:51:31.438577 139786482865984 torch/distributed/distributed_c10d.py:2359] _tensor_to_object size: 150995727 hash value: 12601546636017951214
[rank3]:W0415 21:51:31.440855 140349941413696 torch/distributed/distributed_c10d.py:2359] _tensor_to_object size: 150995727 hash value: 12601546636017951214
[rank2]:W0415 21:51:31.443174 139735612159808 torch/distributed/distributed_c10d.py:2359] _tensor_to_object size: 150995727 hash value: 12601546636017951214
INFO:root:Image [3/2105]
[rank0]:W0415 21:51:45.869563 140515317843776 torch/distributed/distributed_c10d.py:2349] _object_to_tensor size: 195036260 hash value: 11172525903843968120
[rank1]:W0415 21:51:48.990371 139786482865984 torch/distributed/distributed_c10d.py:2349] _object_to_tensor size: 195036260 hash value: 3860954307132885417
[rank3]:W0415 21:51:50.373214 140349941413696 torch/distributed/distributed_c10d.py:2349] _object_to_tensor size: 195036260 hash value: 1007186822299518110
[rank2]:W0415 21:51:52.806799 139735612159808 torch/distributed/distributed_c10d.py:2349] _object_to_tensor size: 195036260 hash value: 18421849806423996112
[rank2]:W0415 21:51:54.482117 139735612159808 torch/distributed/distributed_c10d.py:2359] _tensor_to_object size: 195036260 hash value: 14513681582356856449
[rank3]:W0415 21:51:54.485140 140349941413696 torch/distributed/distributed_c10d.py:2359] _tensor_to_object size: 195036260 hash value: 14513681582356856449
[rank0]:W0415 21:51:54.490227 140515317843776 torch/distributed/distributed_c10d.py:2359] _tensor_to_object size: 195036260 hash value: 14513681582356856449
[rank1]:W0415 21:51:54.508326 139786482865984 torch/distributed/distributed_c10d.py:2359] _tensor_to_object size: 195036260 hash value: 14513681582356856449
[rank0]:W0415 21:51:56.405994 140515317843776 torch/distributed/distributed_c10d.py:2359] _tensor_to_object size: 195036260 hash value: 14513681582356856449
[rank2]:W0415 21:51:56.408597 139735612159808 torch/distributed/distributed_c10d.py:2359] _tensor_to_object size: 195036260 hash value: 14513681582356856449
[rank1]:W0415 21:51:56.411812 139786482865984 torch/distributed/distributed_c10d.py:2359] _tensor_to_object size: 195036260 hash value: 14513681582356856449
[rank3]:W0415 21:51:56.415624 140349941413696 torch/distributed/distributed_c10d.py:2359] _tensor_to_object size: 195036260 hash value: 14513681582356856449
[rank0]:W0415 21:51:58.281876 140515317843776 torch/distributed/distributed_c10d.py:2359] _tensor_to_object size: 195036260 hash value: 14513681582356856449
[rank3]:W0415 21:51:58.301358 140349941413696 torch/distributed/distributed_c10d.py:2359] _tensor_to_object size: 195036260 hash value: 14513681582356856449
[rank1]:W0415 21:51:58.302502 139786482865984 torch/distributed/distributed_c10d.py:2359] _tensor_to_object size: 195036260 hash value: 14513681582356856449
[rank2]:W0415 21:51:58.307759 139735612159808 torch/distributed/distributed_c10d.py:2359] _tensor_to_object size: 195036260 hash value: 14513681582356856449
[rank0]:W0415 21:52:00.138060 140515317843776 torch/distributed/distributed_c10d.py:2359] _tensor_to_object size: 195036260 hash value: 14513681582356856449
[rank3]:W0415 21:52:00.165210 140349941413696 torch/distributed/distributed_c10d.py:2359] _tensor_to_object size: 195036260 hash value: 14513681582356856449
[rank1]:W0415 21:52:00.173959 139786482865984 torch/distributed/distributed_c10d.py:2359] _tensor_to_object size: 195036260 hash value: 14513681582356856449
[rank2]:W0415 21:52:00.190312 139735612159808 torch/distributed/distributed_c10d.py:2359] _tensor_to_object size: 195036260 hash value: 14513681582356856449
[rank0]:W0415 21:52:03.250344 140515317843776 torch/distributed/distributed_c10d.py:2349] _object_to_tensor size: 780141662 hash value: 2305032452464778152
[rank3]:W0415 21:52:04.838849 140349941413696 torch/distributed/distributed_c10d.py:2359] _tensor_to_object size: 780141662 hash value: 2305032452464778152
[rank2]:W0415 21:52:04.845136 139735612159808 torch/distributed/distributed_c10d.py:2359] _tensor_to_object size: 780141662 hash value: 2305032452464778152
[rank1]:W0415 21:52:04.846252 139786482865984 torch/distributed/distributed_c10d.py:2359] _tensor_to_object size: 780141662 hash value: 2305032452464778152
INFO:root:Image [4/2105]
[rank0]:W0415 21:52:25.039506 140515317843776 torch/distributed/distributed_c10d.py:2349] _object_to_tensor size: 981468597 hash value: 3510875101105546327
[rank3]:W0415 21:52:26.003160 140349941413696 torch/distributed/distributed_c10d.py:2349] _object_to_tensor size: 981468597 hash value: 14437398943289905576
[rank2]:W0415 21:52:26.381653 139735612159808 torch/distributed/distributed_c10d.py:2349] _object_to_tensor size: 981468597 hash value: 13507667973828088366
[rank1]:W0415 21:52:26.645303 139786482865984 torch/distributed/distributed_c10d.py:2349] _object_to_tensor size: 981468597 hash value: 640979049586716240
[rank1]:W0415 21:52:34.603458 139786482865984 torch/distributed/distributed_c10d.py:2359] _tensor_to_object size: 981468597 hash value: 14392707187715955216
[rank0]:W0415 21:52:34.640577 140515317843776 torch/distributed/distributed_c10d.py:2359] _tensor_to_object size: 981468597 hash value: 14392707187715955216
[rank3]:W0415 21:52:34.659127 140349941413696 torch/distributed/distributed_c10d.py:2359] _tensor_to_object size: 981468597 hash value: 14392707187715955216
[rank2]:W0415 21:52:34.668719 139735612159808 torch/distributed/distributed_c10d.py:2359] _tensor_to_object size: 981468597 hash value: 14392707187715955216
[rank1]:W0415 21:52:43.966022 139786482865984 torch/distributed/distributed_c10d.py:2359] _tensor_to_object size: 981468597 hash value: 14392707187715955216
[rank0]:W0415 21:52:44.043758 140515317843776 torch/distributed/distributed_c10d.py:2359] _tensor_to_object size: 981468597 hash value: 14392707187715955216
[rank3]:W0415 21:52:44.070597 140349941413696 torch/distributed/distributed_c10d.py:2359] _tensor_to_object size: 981468597 hash value: 14392707187715955216
[rank2]:W0415 21:52:44.083260 139735612159808 torch/distributed/distributed_c10d.py:2359] _tensor_to_object size: 981468597 hash value: 14392707187715955216
[rank1]:W0415 21:52:53.566380 139786482865984 torch/distributed/distributed_c10d.py:2359] _tensor_to_object size: 981468597 hash value: 14392707187715955216
[rank0]:W0415 21:52:53.614820 140515317843776 torch/distributed/distributed_c10d.py:2359] _tensor_to_object size: 981468597 hash value: 14392707187715955216
[rank3]:W0415 21:52:53.639608 140349941413696 torch/distributed/distributed_c10d.py:2359] _tensor_to_object size: 981468597 hash value: 14392707187715955216
[rank2]:W0415 21:52:53.661331 139735612159808 torch/distributed/distributed_c10d.py:2359] _tensor_to_object size: 981468597 hash value: 14392707187715955216
[rank0]:W0415 21:53:03.133933 140515317843776 torch/distributed/distributed_c10d.py:2359] _tensor_to_object size: 981468597 hash value: 14392707187715955216
[rank1]:W0415 21:53:03.142449 139786482865984 torch/distributed/distributed_c10d.py:2359] _tensor_to_object size: 981468597 hash value: 14392707187715955216
[rank3]:W0415 21:53:03.223655 140349941413696 torch/distributed/distributed_c10d.py:2359] _tensor_to_object size: 981468597 hash value: 14392707187715955216
[rank2]:W0415 21:53:03.478430 139735612159808 torch/distributed/distributed_c10d.py:2359] _tensor_to_object size: 981468597 hash value: 14392707187715955216
[rank0]:W0415 21:53:17.265969 140515317843776 torch/distributed/distributed_c10d.py:2349] _object_to_tensor size: 3925869998 hash value: 3914108037987175162
[rank1]:W0415 21:53:25.134917 139786482865984 torch/distributed/distributed_c10d.py:2359] _tensor_to_object size: 3925869998 hash value: 3914108037987175162
[rank3]:W0415 21:53:25.152179 140349941413696 torch/distributed/distributed_c10d.py:2359] _tensor_to_object size: 3925869998 hash value: 3914108037987175162
[rank2]:W0415 21:53:25.162955 139735612159808 torch/distributed/distributed_c10d.py:2359] _tensor_to_object size: 3925869998 hash value: 3914108037987175162
INFO:root:Image [5/2105]
[rank3]:W0415 21:54:04.412248 140349941413696 torch/distributed/distributed_c10d.py:2349] _object_to_tensor size: 4913628935 hash value: 3819169056373109089
[rank0]:W0415 21:54:04.492088 140515317843776 torch/distributed/distributed_c10d.py:2349] _object_to_tensor size: 4913628935 hash value: 7319694972967302357
[rank1]:W0415 21:54:04.701294 139786482865984 torch/distributed/distributed_c10d.py:2349] _object_to_tensor size: 4913628935 hash value: 5030138151578238421
[rank2]:W0415 21:54:05.192761 139735612159808 torch/distributed/distributed_c10d.py:2349] _object_to_tensor size: 4913628935 hash value: 3035654113557485133
slurmstepd: error: *** JOB 5449 ON hgx CANCELLED AT 2025-04-15T21:54:37 ***
