INFO:root:called-params config/configs.yaml
INFO:root:loaded params...
INFO:root:{'k_means': {'K': 7806}, 'patches': {'N': [16, 32, 64, 80, 128]}, 'num_workers': 32, 'base_dir': '/home/rtcalumby/adam/luciano/PlantCLEF2025/PlantCLEF2025/', 'pretrained_path': 'pretrained_models/vit_base_patch14_reg4_dinov2_lvd142m_pc24_onlyclassifier_then_all/model_best.pth.tar', 'data': {'class_mapping': 'pretrained_models/class_mapping.txt', 'species_mapping': 'pretrained_models/species_id_to_name.txt', 'test_data': '/home/rtcalumby/adam/luciano/PlantCLEF2025/test_dataset/'}}
INFO:root:Running... (rank: 0/4)
INFO:root:Initialized (rank/world-size) 0/4
INFO:timm.models._helpers:Loaded state_dict_ema from checkpoint 'pretrained_models/vit_base_patch14_reg4_dinov2_lvd142m_pc24_onlyclassifier_then_all/model_best.pth.tar'
Test dataset created
Test dataset created
Test dataset created
Test dataset created
INFO:root:Image [1/2105]
[rank2]:W0416 08:54:23.101420 140014678882112 torch/distributed/distributed_c10d.py:2349] _object_to_tensor size: 6291905 hash value: 4568168970039544145
[rank3]:W0416 08:54:23.792184 139638854600512 torch/distributed/distributed_c10d.py:2349] _object_to_tensor size: 6291905 hash value: 56215619158320099
[rank1]:W0416 08:54:23.806699 139990565726016 torch/distributed/distributed_c10d.py:2349] _object_to_tensor size: 6291905 hash value: 14658130425880677284
[rank0]:W0416 08:54:24.005738 140437884213056 torch/distributed/distributed_c10d.py:2349] _object_to_tensor size: 6291905 hash value: 11831903301219218581
[rank3]:W0416 08:54:24.855610 139638854600512 torch/distributed/distributed_c10d.py:2359] _tensor_to_object size: 6291905 hash value: 2619623588334717044
[rank2]:W0416 08:54:24.858813 140014678882112 torch/distributed/distributed_c10d.py:2359] _tensor_to_object size: 6291905 hash value: 2619623588334717044
[rank1]:W0416 08:54:24.858935 139990565726016 torch/distributed/distributed_c10d.py:2359] _tensor_to_object size: 6291905 hash value: 2619623588334717044
[rank0]:W0416 08:54:24.860571 140437884213056 torch/distributed/distributed_c10d.py:2359] _tensor_to_object size: 6291905 hash value: 2619623588334717044
[rank3]:W0416 08:54:24.907186 139638854600512 torch/distributed/distributed_c10d.py:2359] _tensor_to_object size: 6291905 hash value: 2619623588334717044
[rank0]:W0416 08:54:24.907341 140437884213056 torch/distributed/distributed_c10d.py:2359] _tensor_to_object size: 6291905 hash value: 2619623588334717044
[rank1]:W0416 08:54:24.908434 139990565726016 torch/distributed/distributed_c10d.py:2359] _tensor_to_object size: 6291905 hash value: 2619623588334717044
[rank2]:W0416 08:54:24.909473 140014678882112 torch/distributed/distributed_c10d.py:2359] _tensor_to_object size: 6291905 hash value: 2619623588334717044
[rank3]:W0416 08:54:24.955527 139638854600512 torch/distributed/distributed_c10d.py:2359] _tensor_to_object size: 6291905 hash value: 2619623588334717044
[rank2]:W0416 08:54:24.955805 140014678882112 torch/distributed/distributed_c10d.py:2359] _tensor_to_object size: 6291905 hash value: 2619623588334717044
[rank0]:W0416 08:54:24.957621 140437884213056 torch/distributed/distributed_c10d.py:2359] _tensor_to_object size: 6291905 hash value: 2619623588334717044
[rank1]:W0416 08:54:24.957861 139990565726016 torch/distributed/distributed_c10d.py:2359] _tensor_to_object size: 6291905 hash value: 2619623588334717044
[rank3]:W0416 08:54:25.001565 139638854600512 torch/distributed/distributed_c10d.py:2359] _tensor_to_object size: 6291905 hash value: 2619623588334717044
[rank0]:W0416 08:54:25.004604 140437884213056 torch/distributed/distributed_c10d.py:2359] _tensor_to_object size: 6291905 hash value: 2619623588334717044
[rank2]:W0416 08:54:25.004745 140014678882112 torch/distributed/distributed_c10d.py:2359] _tensor_to_object size: 6291905 hash value: 2619623588334717044
[rank1]:W0416 08:54:25.007364 139990565726016 torch/distributed/distributed_c10d.py:2359] _tensor_to_object size: 6291905 hash value: 2619623588334717044
[rank0]:W0416 08:54:25.309923 140437884213056 torch/distributed/distributed_c10d.py:2349] _object_to_tensor size: 25166271 hash value: 6145715291172620552
INFO:root:Image [2/2105]
[rank3]:W0416 08:54:25.364886 139638854600512 torch/distributed/distributed_c10d.py:2359] _tensor_to_object size: 25166271 hash value: 6145715291172620552
[rank1]:W0416 08:54:25.367792 139990565726016 torch/distributed/distributed_c10d.py:2359] _tensor_to_object size: 25166271 hash value: 6145715291172620552
[rank2]:W0416 08:54:25.368253 140014678882112 torch/distributed/distributed_c10d.py:2359] _tensor_to_object size: 25166271 hash value: 6145715291172620552
[rank0]:W0416 08:54:37.295162 140437884213056 torch/distributed/distributed_c10d.py:2349] _object_to_tensor size: 37749523 hash value: 1052260496828066811
[rank1]:W0416 08:54:39.675618 139990565726016 torch/distributed/distributed_c10d.py:2349] _object_to_tensor size: 37749523 hash value: 11920221621444671829
[rank3]:W0416 08:54:41.043451 139638854600512 torch/distributed/distributed_c10d.py:2349] _object_to_tensor size: 37749523 hash value: 15745858938181855387
[rank2]:W0416 08:54:41.432395 140014678882112 torch/distributed/distributed_c10d.py:2349] _object_to_tensor size: 37749523 hash value: 15577294127023849162
[rank0]:W0416 08:54:41.803428 140437884213056 torch/distributed/distributed_c10d.py:2359] _tensor_to_object size: 37749523 hash value: 2843220776203201068
[rank3]:W0416 08:54:41.805320 139638854600512 torch/distributed/distributed_c10d.py:2359] _tensor_to_object size: 37749523 hash value: 2843220776203201068
[rank2]:W0416 08:54:41.808590 140014678882112 torch/distributed/distributed_c10d.py:2359] _tensor_to_object size: 37749523 hash value: 2843220776203201068
[rank1]:W0416 08:54:41.812937 139990565726016 torch/distributed/distributed_c10d.py:2359] _tensor_to_object size: 37749523 hash value: 2843220776203201068
[rank3]:W0416 08:54:42.148600 139638854600512 torch/distributed/distributed_c10d.py:2359] _tensor_to_object size: 37749523 hash value: 2843220776203201068
[rank2]:W0416 08:54:42.152178 140014678882112 torch/distributed/distributed_c10d.py:2359] _tensor_to_object size: 37749523 hash value: 2843220776203201068
[rank1]:W0416 08:54:42.155132 139990565726016 torch/distributed/distributed_c10d.py:2359] _tensor_to_object size: 37749523 hash value: 2843220776203201068
[rank0]:W0416 08:54:42.166172 140437884213056 torch/distributed/distributed_c10d.py:2359] _tensor_to_object size: 37749523 hash value: 2843220776203201068
[rank3]:W0416 08:54:42.489824 139638854600512 torch/distributed/distributed_c10d.py:2359] _tensor_to_object size: 37749523 hash value: 2843220776203201068
[rank2]:W0416 08:54:42.494837 140014678882112 torch/distributed/distributed_c10d.py:2359] _tensor_to_object size: 37749523 hash value: 2843220776203201068
[rank1]:W0416 08:54:42.497255 139990565726016 torch/distributed/distributed_c10d.py:2359] _tensor_to_object size: 37749523 hash value: 2843220776203201068
[rank0]:W0416 08:54:42.521626 140437884213056 torch/distributed/distributed_c10d.py:2359] _tensor_to_object size: 37749523 hash value: 2843220776203201068
[rank3]:W0416 08:54:42.831181 139638854600512 torch/distributed/distributed_c10d.py:2359] _tensor_to_object size: 37749523 hash value: 2843220776203201068
[rank2]:W0416 08:54:42.834744 140014678882112 torch/distributed/distributed_c10d.py:2359] _tensor_to_object size: 37749523 hash value: 2843220776203201068
[rank1]:W0416 08:54:42.848020 139990565726016 torch/distributed/distributed_c10d.py:2359] _tensor_to_object size: 37749523 hash value: 2843220776203201068
[rank0]:W0416 08:54:42.874219 140437884213056 torch/distributed/distributed_c10d.py:2359] _tensor_to_object size: 37749523 hash value: 2843220776203201068
[rank0]:W0416 08:54:43.551530 140437884213056 torch/distributed/distributed_c10d.py:2349] _object_to_tensor size: 150995727 hash value: 3071058762812532734
INFO:root:Image [3/2105]
[rank2]:W0416 08:54:43.881773 140014678882112 torch/distributed/distributed_c10d.py:2359] _tensor_to_object size: 150995727 hash value: 3071058762812532734
[rank1]:W0416 08:54:43.885235 139990565726016 torch/distributed/distributed_c10d.py:2359] _tensor_to_object size: 150995727 hash value: 3071058762812532734
[rank3]:W0416 08:54:43.885581 139638854600512 torch/distributed/distributed_c10d.py:2359] _tensor_to_object size: 150995727 hash value: 3071058762812532734
[rank0]:W0416 08:54:57.782606 140437884213056 torch/distributed/distributed_c10d.py:2349] _object_to_tensor size: 195036260 hash value: 10317703052679755003
[rank3]:W0416 08:55:00.923048 139638854600512 torch/distributed/distributed_c10d.py:2349] _object_to_tensor size: 195036260 hash value: 10244798643533304779
[rank2]:W0416 08:55:01.565445 140014678882112 torch/distributed/distributed_c10d.py:2349] _object_to_tensor size: 195036260 hash value: 5095445238708165800
[rank1]:W0416 08:55:01.772132 139990565726016 torch/distributed/distributed_c10d.py:2349] _object_to_tensor size: 195036260 hash value: 13933150935860292932
[rank2]:W0416 08:55:03.394004 140014678882112 torch/distributed/distributed_c10d.py:2359] _tensor_to_object size: 195036260 hash value: 14457014008848670950
[rank3]:W0416 08:55:03.394953 139638854600512 torch/distributed/distributed_c10d.py:2359] _tensor_to_object size: 195036260 hash value: 14457014008848670950
[rank1]:W0416 08:55:03.399647 139990565726016 torch/distributed/distributed_c10d.py:2359] _tensor_to_object size: 195036260 hash value: 14457014008848670950
[rank0]:W0416 08:55:03.402723 140437884213056 torch/distributed/distributed_c10d.py:2359] _tensor_to_object size: 195036260 hash value: 14457014008848670950
[rank2]:W0416 08:55:05.328141 140014678882112 torch/distributed/distributed_c10d.py:2359] _tensor_to_object size: 195036260 hash value: 14457014008848670950
[rank3]:W0416 08:55:05.338759 139638854600512 torch/distributed/distributed_c10d.py:2359] _tensor_to_object size: 195036260 hash value: 14457014008848670950
[rank0]:W0416 08:55:05.353283 140437884213056 torch/distributed/distributed_c10d.py:2359] _tensor_to_object size: 195036260 hash value: 14457014008848670950
[rank1]:W0416 08:55:05.362417 139990565726016 torch/distributed/distributed_c10d.py:2359] _tensor_to_object size: 195036260 hash value: 14457014008848670950
[rank2]:W0416 08:55:07.408839 140014678882112 torch/distributed/distributed_c10d.py:2359] _tensor_to_object size: 195036260 hash value: 14457014008848670950
[rank3]:W0416 08:55:07.425236 139638854600512 torch/distributed/distributed_c10d.py:2359] _tensor_to_object size: 195036260 hash value: 14457014008848670950
[rank0]:W0416 08:55:07.434537 140437884213056 torch/distributed/distributed_c10d.py:2359] _tensor_to_object size: 195036260 hash value: 14457014008848670950
[rank1]:W0416 08:55:07.444865 139990565726016 torch/distributed/distributed_c10d.py:2359] _tensor_to_object size: 195036260 hash value: 14457014008848670950
[rank2]:W0416 08:55:09.292754 140014678882112 torch/distributed/distributed_c10d.py:2359] _tensor_to_object size: 195036260 hash value: 14457014008848670950
[rank0]:W0416 08:55:09.324115 140437884213056 torch/distributed/distributed_c10d.py:2359] _tensor_to_object size: 195036260 hash value: 14457014008848670950
[rank3]:W0416 08:55:09.328767 139638854600512 torch/distributed/distributed_c10d.py:2359] _tensor_to_object size: 195036260 hash value: 14457014008848670950
[rank1]:W0416 08:55:09.334618 139990565726016 torch/distributed/distributed_c10d.py:2359] _tensor_to_object size: 195036260 hash value: 14457014008848670950
[rank0]:W0416 08:55:12.301522 140437884213056 torch/distributed/distributed_c10d.py:2349] _object_to_tensor size: 780141662 hash value: 2321248308251095732
INFO:root:Image [4/2105]
[rank2]:W0416 08:55:13.914502 140014678882112 torch/distributed/distributed_c10d.py:2359] _tensor_to_object size: 780141662 hash value: 2321248308251095732
[rank1]:W0416 08:55:13.917876 139990565726016 torch/distributed/distributed_c10d.py:2359] _tensor_to_object size: 780141662 hash value: 2321248308251095732
[rank3]:W0416 08:55:13.921104 139638854600512 torch/distributed/distributed_c10d.py:2359] _tensor_to_object size: 780141662 hash value: 2321248308251095732
[rank0]:W0416 08:55:26.093505 140437884213056 torch/distributed/distributed_c10d.py:2349] _object_to_tensor size: 981468597 hash value: 1346406841091017659
[rank1]:W0416 08:55:31.418363 139990565726016 torch/distributed/distributed_c10d.py:2349] _object_to_tensor size: 981468597 hash value: 10073536933885189200
[rank2]:W0416 08:55:32.500936 140014678882112 torch/distributed/distributed_c10d.py:2349] _object_to_tensor size: 981468597 hash value: 16155514988155532578
[rank3]:W0416 08:55:33.139004 139638854600512 torch/distributed/distributed_c10d.py:2349] _object_to_tensor size: 981468597 hash value: 17394506669307156619
[rank3]:W0416 08:55:41.128151 139638854600512 torch/distributed/distributed_c10d.py:2359] _tensor_to_object size: 981468597 hash value: 7261245458327296747
[rank1]:W0416 08:55:41.146121 139990565726016 torch/distributed/distributed_c10d.py:2359] _tensor_to_object size: 981468597 hash value: 7261245458327296747
[rank0]:W0416 08:55:41.169737 140437884213056 torch/distributed/distributed_c10d.py:2359] _tensor_to_object size: 981468597 hash value: 7261245458327296747
[rank2]:W0416 08:55:41.183001 140014678882112 torch/distributed/distributed_c10d.py:2359] _tensor_to_object size: 981468597 hash value: 7261245458327296747
[rank3]:W0416 08:55:51.321818 139638854600512 torch/distributed/distributed_c10d.py:2359] _tensor_to_object size: 981468597 hash value: 7261245458327296747
[rank1]:W0416 08:55:51.504238 139990565726016 torch/distributed/distributed_c10d.py:2359] _tensor_to_object size: 981468597 hash value: 7261245458327296747
[rank0]:W0416 08:55:51.612234 140437884213056 torch/distributed/distributed_c10d.py:2359] _tensor_to_object size: 981468597 hash value: 7261245458327296747
[rank2]:W0416 08:55:51.629578 140014678882112 torch/distributed/distributed_c10d.py:2359] _tensor_to_object size: 981468597 hash value: 7261245458327296747
[rank3]:W0416 08:56:00.909949 139638854600512 torch/distributed/distributed_c10d.py:2359] _tensor_to_object size: 981468597 hash value: 7261245458327296747
[rank1]:W0416 08:56:01.059949 139990565726016 torch/distributed/distributed_c10d.py:2359] _tensor_to_object size: 981468597 hash value: 7261245458327296747
[rank0]:W0416 08:56:01.201837 140437884213056 torch/distributed/distributed_c10d.py:2359] _tensor_to_object size: 981468597 hash value: 7261245458327296747
[rank2]:W0416 08:56:01.208568 140014678882112 torch/distributed/distributed_c10d.py:2359] _tensor_to_object size: 981468597 hash value: 7261245458327296747
[rank3]:W0416 08:56:10.262348 139638854600512 torch/distributed/distributed_c10d.py:2359] _tensor_to_object size: 981468597 hash value: 7261245458327296747
[rank1]:W0416 08:56:10.346494 139990565726016 torch/distributed/distributed_c10d.py:2359] _tensor_to_object size: 981468597 hash value: 7261245458327296747
[rank0]:W0416 08:56:10.563392 140437884213056 torch/distributed/distributed_c10d.py:2359] _tensor_to_object size: 981468597 hash value: 7261245458327296747
[rank2]:W0416 08:56:10.602775 140014678882112 torch/distributed/distributed_c10d.py:2359] _tensor_to_object size: 981468597 hash value: 7261245458327296747
[rank0]:W0416 08:56:25.052417 140437884213056 torch/distributed/distributed_c10d.py:2349] _object_to_tensor size: 3925869998 hash value: 3498124396192501586
INFO:root:Image [5/2105]
[rank1]:W0416 08:56:33.016014 139990565726016 torch/distributed/distributed_c10d.py:2359] _tensor_to_object size: 3925869998 hash value: 3498124396192501586
[rank3]:W0416 08:56:33.053321 139638854600512 torch/distributed/distributed_c10d.py:2359] _tensor_to_object size: 3925869998 hash value: 3498124396192501586
[rank2]:W0416 08:56:33.380623 140014678882112 torch/distributed/distributed_c10d.py:2359] _tensor_to_object size: 3925869998 hash value: 3498124396192501586
[rank0]:W0416 08:56:53.132965 140437884213056 torch/distributed/distributed_c10d.py:2349] _object_to_tensor size: 4913628935 hash value: 13896854146466365165
[rank1]:W0416 08:57:10.326636 139990565726016 torch/distributed/distributed_c10d.py:2349] _object_to_tensor size: 4913628935 hash value: 14810487246316967950
[rank3]:W0416 08:57:11.863164 139638854600512 torch/distributed/distributed_c10d.py:2349] _object_to_tensor size: 4913628935 hash value: 703542670120083347
[rank2]:W0416 08:57:12.182308 140014678882112 torch/distributed/distributed_c10d.py:2349] _object_to_tensor size: 4913628935 hash value: 5895480145637742359
[rank2]:W0416 08:57:53.594132 140014678882112 torch/distributed/distributed_c10d.py:2359] _tensor_to_object size: 4913628935 hash value: 5418905666321898969
[rank0]:W0416 08:57:54.035955 140437884213056 torch/distributed/distributed_c10d.py:2359] _tensor_to_object size: 4913628935 hash value: 5418905666321898969
[rank3]:W0416 08:57:54.071926 139638854600512 torch/distributed/distributed_c10d.py:2359] _tensor_to_object size: 4913628935 hash value: 5418905666321898969
[rank1]:W0416 08:57:58.887748 139990565726016 torch/distributed/distributed_c10d.py:2359] _tensor_to_object size: 4913628935 hash value: 5418905666321898969
[rank2]:W0416 08:58:41.392810 140014678882112 torch/distributed/distributed_c10d.py:2359] _tensor_to_object size: 4913628935 hash value: 5418905666321898969
[rank0]:W0416 08:58:42.088364 140437884213056 torch/distributed/distributed_c10d.py:2359] _tensor_to_object size: 4913628935 hash value: 5418905666321898969
[rank3]:W0416 08:58:47.224313 139638854600512 torch/distributed/distributed_c10d.py:2359] _tensor_to_object size: 4913628935 hash value: 5418905666321898969
[rank1]:W0416 08:58:55.798428 139990565726016 torch/distributed/distributed_c10d.py:2359] _tensor_to_object size: 4913628935 hash value: 5418905666321898969
[rank2]:W0416 08:59:28.809226 140014678882112 torch/distributed/distributed_c10d.py:2359] _tensor_to_object size: 4913628935 hash value: 5418905666321898969
[rank0]:W0416 08:59:34.709453 140437884213056 torch/distributed/distributed_c10d.py:2359] _tensor_to_object size: 4913628935 hash value: 5418905666321898969
[rank3]:W0416 08:59:43.370980 139638854600512 torch/distributed/distributed_c10d.py:2359] _tensor_to_object size: 4913628935 hash value: 5418905666321898969
[rank1]:W0416 08:59:50.813972 139990565726016 torch/distributed/distributed_c10d.py:2359] _tensor_to_object size: 4913628935 hash value: 5418905666321898969
[rank2]:W0416 09:00:16.557589 140014678882112 torch/distributed/distributed_c10d.py:2359] _tensor_to_object size: 4913628935 hash value: 5418905666321898969
[rank0]:W0416 09:00:23.584363 140437884213056 torch/distributed/distributed_c10d.py:2359] _tensor_to_object size: 4913628935 hash value: 5418905666321898969
[rank3]:W0416 09:00:39.927955 139638854600512 torch/distributed/distributed_c10d.py:2359] _tensor_to_object size: 4913628935 hash value: 5418905666321898969
[rank1]:W0416 09:00:47.883033 139990565726016 torch/distributed/distributed_c10d.py:2359] _tensor_to_object size: 4913628935 hash value: 5418905666321898969
[rank0]:W0416 09:02:07.455222 140437884213056 torch/distributed/distributed_c10d.py:2349] _object_to_tensor size: 19654510340 hash value: 11725662751743383571
INFO:root:Image [6/2105]
[rank3]:W0416 09:02:48.567112 139638854600512 torch/distributed/distributed_c10d.py:2359] _tensor_to_object size: 19654510340 hash value: 11725662751743383571
[rank2]:W0416 09:02:48.815428 140014678882112 torch/distributed/distributed_c10d.py:2359] _tensor_to_object size: 19654510340 hash value: 11725662751743383571
[rank1]:W0416 09:02:54.521583 139990565726016 torch/distributed/distributed_c10d.py:2359] _tensor_to_object size: 19654510340 hash value: 11725662751743383571
slurmstepd: error: *** JOB 5454 ON hgx CANCELLED AT 2025-04-16T09:03:18 ***
