INFO:root:called-params config/feature_extraction.yaml
INFO:root:loaded params...
INFO:root:{'num_workers': 64, 'base_dir': '/home/rtcalumby/adam/luciano/PlantCLEF2025/PlantCLEF2025/', 'pretrained_path': 'pretrained_models/vit_base_patch14_reg4_dinov2_lvd142m_pc24_onlyclassifier_then_all/model_best.pth.tar', 'data': {'class_mapping': 'pretrained_models/class_mapping.txt', 'species_mapping': 'pretrained_models/species_id_to_name.txt', 'train_data': '/home/rtcalumby/adam/luciano/PlantCLEF2025/images_max_side_800/', 'output_dir': '/home/rtcalumby/adam/luciano/PlantCLEF2025/cached_features/'}}
INFO:root:distributed training not available ProcessGroupNCCL is only supported with GPUs, no GPUs found!
INFO:root:Running... (rank: 0/1)
INFO:root:SLURM vars not set (distributed training not available)
INFO:root:Initialized (rank/world-size) 0/1
INFO:timm.models._helpers:Loaded state_dict_ema from checkpoint 'pretrained_models/vit_base_patch14_reg4_dinov2_lvd142m_pc24_onlyclassifier_then_all/model_best.pth.tar'
Train dataset created
Train dataset created
Train dataset created
Train dataset created
Train dataset created
Train dataset created
Train dataset created
Train dataset created
/home/rtcalumby/miniconda3/envs/fgdcc/lib/python3.9/site-packages/torch/amp/autocast_mode.py:250: UserWarning: User provided device_type of 'cuda', but CUDA is not available. Disabling
  warnings.warn(
/home/rtcalumby/miniconda3/envs/fgdcc/lib/python3.9/site-packages/torch/amp/autocast_mode.py:250: UserWarning: User provided device_type of 'cuda', but CUDA is not available. Disabling
  warnings.warn(
/home/rtcalumby/miniconda3/envs/fgdcc/lib/python3.9/site-packages/torch/amp/autocast_mode.py:250: UserWarning: User provided device_type of 'cuda', but CUDA is not available. Disabling
  warnings.warn(
/home/rtcalumby/miniconda3/envs/fgdcc/lib/python3.9/site-packages/torch/amp/autocast_mode.py:250: UserWarning: User provided device_type of 'cuda', but CUDA is not available. Disabling
  warnings.warn(
/home/rtcalumby/miniconda3/envs/fgdcc/lib/python3.9/site-packages/torch/amp/autocast_mode.py:250: UserWarning: User provided device_type of 'cuda', but CUDA is not available. Disabling
  warnings.warn(
INFO:root:Iteration [1/687.51611328125]
/home/rtcalumby/miniconda3/envs/fgdcc/lib/python3.9/site-packages/torch/amp/autocast_mode.py:250: UserWarning: User provided device_type of 'cuda', but CUDA is not available. Disabling
  warnings.warn(
/home/rtcalumby/miniconda3/envs/fgdcc/lib/python3.9/site-packages/torch/amp/autocast_mode.py:250: UserWarning: User provided device_type of 'cuda', but CUDA is not available. Disabling
  warnings.warn(
/home/rtcalumby/miniconda3/envs/fgdcc/lib/python3.9/site-packages/torch/amp/autocast_mode.py:250: UserWarning: User provided device_type of 'cuda', but CUDA is not available. Disabling
  warnings.warn(
slurmstepd: error: *** JOB 5558 ON hgx CANCELLED AT 2025-04-19T16:06:44 ***
