INFO:root:called-params config/configs.yaml
INFO:root:loaded params...
INFO:root:{'k_means': {'K': 7806}, 'patches': {'N': [16, 32, 64, 80, 128]}, 'num_workers': 32, 'base_dir': '/home/rtcalumby/adam/luciano/PlantCLEF2025/PlantCLEF2025/', 'pretrained_path': 'pretrained_models/vit_base_patch14_reg4_dinov2_lvd142m_pc24_onlyclassifier_then_all/model_best.pth.tar', 'data': {'class_mapping': 'pretrained_models/class_mapping.txt', 'species_mapping': 'pretrained_models/species_id_to_name.txt', 'test_data': '/home/rtcalumby/adam/luciano/PlantCLEF2025/test_dataset/'}}
INFO:root:Running... (rank: 0/4)
INFO:root:Initialized (rank/world-size) 0/4
<class 'torch.cuda.device'>
Test dataset created
<class 'torch.cuda.device'>
INFO:timm.models._helpers:Loaded state_dict_ema from checkpoint 'pretrained_models/vit_base_patch14_reg4_dinov2_lvd142m_pc24_onlyclassifier_then_all/model_best.pth.tar'
<class 'torch.cuda.device'>
Test dataset created
<class 'torch.cuda.device'>
Test dataset created
Test dataset created
INFO:root:Image [1/2105]
INFO:root:Preprocessed batch no. 1
INFO:root:Rank no. 0
[tensor([[ 0.3978, -0.0859, -0.4183,  ..., -0.3247, -0.1486, -0.2079],
        [ 0.1337, -0.0254, -0.6789,  ..., -0.6638, -0.0204, -0.5220],
        [ 0.1428,  0.0564, -0.8632,  ..., -0.3791, -0.1816, -0.1972],
        ...,
        [ 0.2039, -0.0945, -0.2252,  ..., -0.5943, -0.2511, -0.1706],
        [-0.0410, -0.1146, -0.3513,  ..., -0.3809,  0.3081, -0.6461],
        [ 0.5231, -0.0782, -0.4170,  ..., -0.5556, -0.7238, -0.0907]])]
INFO:root:Preprocessed batch no. 2
INFO:root:Rank no. 0
[tensor([[ 6.3042e-01,  1.3290e-01, -7.8334e-01,  ...,  1.9913e-01,
          7.7217e-02,  1.9835e-02],
        [ 5.0562e-01, -7.7970e-02, -5.1443e-01,  ..., -6.7153e-01,
         -1.8342e-02, -3.3912e-01],
        [-1.8652e-01, -2.4122e-01, -7.1234e-02,  ..., -2.1394e-01,
         -9.3643e-02, -1.5232e-02],
        ...,
        [-1.3148e-01,  8.9882e-02, -5.0684e-01,  ...,  2.9705e-02,
          5.9703e-01,  4.2244e-01],
        [ 5.6382e-01,  3.3141e-01, -5.7297e-01,  ..., -5.8946e-01,
          2.1872e-01, -6.5193e-02],
        [-3.6055e-01, -1.0973e-01,  2.4616e-01,  ..., -1.1829e-01,
         -3.0224e-04,  2.8034e-01]])]
[tensor([[ 6.3042e-01,  1.3290e-01, -7.8334e-01,  ...,  1.9913e-01,
          7.7217e-02,  1.9835e-02],
        [ 5.0562e-01, -7.7970e-02, -5.1443e-01,  ..., -6.7153e-01,
         -1.8342e-02, -3.3912e-01],
        [-1.8652e-01, -2.4122e-01, -7.1234e-02,  ..., -2.1394e-01,
         -9.3643e-02, -1.5232e-02],
        ...,
        [-1.3148e-01,  8.9882e-02, -5.0684e-01,  ...,  2.9705e-02,
          5.9703e-01,  4.2244e-01],
        [ 5.6382e-01,  3.3141e-01, -5.7297e-01,  ..., -5.8946e-01,
          2.1872e-01, -6.5193e-02],
        [-3.6055e-01, -1.0973e-01,  2.4616e-01,  ..., -1.1829e-01,
         -3.0224e-04,  2.8034e-01]]), tensor([[ 0.7249,  0.1820, -0.4546,  ..., -0.3397,  0.0932,  0.1445],
        [ 0.0811, -0.1523, -0.3927,  ..., -0.3887,  0.1548, -0.1989],
        [ 0.0175,  0.2120, -0.4134,  ..., -0.5167,  0.1984,  0.0543],
        ...,
        [ 0.4031, -0.1928,  0.0174,  ..., -0.3825,  0.1044, -0.2773],
        [-0.6297, -0.0683, -0.6587,  ..., -0.0711, -0.3337, -0.6453],
        [ 0.6787, -0.2783, -0.2454,  ..., -0.4287, -0.3988, -0.0843]])]
[tensor([[ 0.3978, -0.0859, -0.4183,  ..., -0.3247, -0.1486, -0.2079],
        [ 0.1337, -0.0254, -0.6789,  ..., -0.6638, -0.0204, -0.5220],
        [ 0.1428,  0.0564, -0.8632,  ..., -0.3791, -0.1816, -0.1972],
        ...,
        [ 0.2039, -0.0945, -0.2252,  ..., -0.5943, -0.2511, -0.1706],
        [-0.0410, -0.1146, -0.3513,  ..., -0.3809,  0.3081, -0.6461],
        [ 0.5231, -0.0782, -0.4170,  ..., -0.5556, -0.7238, -0.0907]]), tensor([[ 0.1825,  0.2822, -0.7794,  ..., -0.4498, -0.0664,  0.1859],
        [ 0.2351, -0.0492, -0.7977,  ..., -0.2847, -0.0592, -0.0774],
        [ 0.2169, -0.0521, -0.7108,  ..., -0.4511, -0.1866, -0.3797],
        ...,
        [-0.3172,  0.0810, -1.1453,  ..., -0.1814,  0.0319,  0.4348],
        [ 0.1101, -0.0230, -0.3546,  ..., -0.5273,  0.1965,  0.1264],
        [ 0.2644, -0.0254, -0.0248,  ..., -0.1956, -0.4651,  0.2017]])]
[tensor([[ 0.4740, -0.1667, -0.9915,  ..., -0.2634, -0.2316, -0.4159],
        [ 0.3729,  0.0967,  0.1647,  ..., -0.2049,  0.5187,  0.0035],
        [-0.1093,  0.3435, -0.6958,  ..., -0.7705,  0.1648, -0.4294],
        ...,
        [ 0.3924, -0.0779, -0.3476,  ..., -0.3314,  0.0024, -0.0134],
        [ 0.2128, -0.1158, -0.5031,  ..., -0.7706, -0.1038, -0.5331],
        [ 0.1583,  0.0908, -0.5786,  ..., -0.3468, -0.2999,  0.0226]])]
[tensor([[ 0.4740, -0.1667, -0.9915,  ..., -0.2634, -0.2316, -0.4159],
        [ 0.3729,  0.0967,  0.1647,  ..., -0.2049,  0.5187,  0.0035],
        [-0.1093,  0.3435, -0.6958,  ..., -0.7705,  0.1648, -0.4294],
        ...,
        [ 0.3924, -0.0779, -0.3476,  ..., -0.3314,  0.0024, -0.0134],
        [ 0.2128, -0.1158, -0.5031,  ..., -0.7706, -0.1038, -0.5331],
        [ 0.1583,  0.0908, -0.5786,  ..., -0.3468, -0.2999,  0.0226]]), tensor([[ 0.0425,  0.1321, -0.2774,  ..., -0.8333,  0.4873,  0.0819],
        [ 0.3426,  0.0049, -0.1925,  ..., -0.3366, -0.5634, -0.5271],
        [-0.0881,  0.3045, -0.8197,  ..., -0.0994, -0.2194,  0.1359],
        ...,
        [ 0.2109,  0.2055, -1.1243,  ..., -0.0480, -0.2381,  0.2766],
        [-0.2698, -0.1504, -0.5941,  ..., -0.7957, -0.1372, -0.3128],
        [ 0.4869,  0.0890, -0.4321,  ..., -0.3120, -0.0598, -0.0594]])]
[tensor([[ 0.3111,  0.2561, -0.7269,  ..., -0.3776, -0.0770, -0.1104],
        [-0.0477,  0.2301, -0.7366,  ..., -0.0226,  0.6627,  0.4492],
        [ 0.0446,  0.0801,  1.2158,  ...,  0.2432, -0.2296,  0.3251],
        ...,
        [ 0.3845, -0.4093, -0.1899,  ...,  0.7897,  0.2750, -0.6940],
        [ 0.2726, -0.2600,  0.5256,  ..., -0.0565, -0.2539, -0.1415],
        [ 0.1559,  0.0072, -0.0346,  ..., -0.3446, -0.3268, -0.5089]])]
[tensor([[ 0.3111,  0.2561, -0.7269,  ..., -0.3776, -0.0770, -0.1104],
        [-0.0477,  0.2301, -0.7366,  ..., -0.0226,  0.6627,  0.4492],
        [ 0.0446,  0.0801,  1.2158,  ...,  0.2432, -0.2296,  0.3251],
        ...,
        [ 0.3845, -0.4093, -0.1899,  ...,  0.7897,  0.2750, -0.6940],
        [ 0.2726, -0.2600,  0.5256,  ..., -0.0565, -0.2539, -0.1415],
        [ 0.1559,  0.0072, -0.0346,  ..., -0.3446, -0.3268, -0.5089]]), tensor([[ 0.1548, -0.0359, -0.1832,  ...,  0.0831, -0.1991, -0.1252],
        [ 0.7700, -0.2056,  0.1535,  ..., -0.4607,  0.4548, -0.2544],
        [ 0.1431, -0.0676, -0.0562,  ..., -0.1267, -0.0138, -0.5948],
        ...,
        [-0.1638, -0.0585, -0.9840,  ..., -0.3498,  0.2197,  0.1590],
        [ 0.0269,  0.2099, -0.5706,  ..., -0.5908, -0.1481,  0.8007],
        [ 0.0069,  0.0090, -0.0598,  ...,  0.2286, -0.0060, -0.5772]])]
