INFO:root:called-params config/feature_extraction.yaml
INFO:root:loaded params...
INFO:root:{'num_workers': 64, 'base_dir': '/home/rtcalumby/adam/luciano/PlantCLEF2025/PlantCLEF2025/', 'pretrained_path': 'pretrained_models/vit_base_patch14_reg4_dinov2_lvd142m_pc24_onlyclassifier_then_all/model_best.pth.tar', 'data': {'class_mapping': 'pretrained_models/class_mapping.txt', 'species_mapping': 'pretrained_models/species_id_to_name.txt', 'train_data': '/home/rtcalumby/adam/luciano/PlantCLEF2025/images_max_side_800/', 'output_dir': '/home/rtcalumby/adam/luciano/PlantCLEF2025/cached_features/'}}
INFO:root:Running... (rank: 0/8)
INFO:root:Initialized (rank/world-size) 0/8
INFO:timm.models._helpers:Loaded state_dict_ema from checkpoint 'pretrained_models/vit_base_patch14_reg4_dinov2_lvd142m_pc24_onlyclassifier_then_all/model_best.pth.tar'
Train dataset created
Train dataset created
Train dataset created
Train dataset created
Train dataset created
Train dataset created
Train dataset created
Train dataset created
INFO:root:Iteration [1/1408033]
terminate called without an active exception
terminate called without an active exception
Exception ignored in: <function _MultiProcessingDataLoaderIter.__del__ at 0x7f2293b89c10>
Traceback (most recent call last):
  File "/home/rtcalumby/miniconda3/envs/fgdcc/lib/python3.9/site-packages/torch/utils/data/dataloader.py", line 1479, in __del__
    self._shutdown_workers()
  File "/home/rtcalumby/miniconda3/envs/fgdcc/lib/python3.9/site-packages/torch/utils/data/dataloader.py", line 1443, in _shutdown_workers
    w.join(timeout=_utils.MP_STATUS_CHECK_INTERVAL)
  File "/home/rtcalumby/miniconda3/envs/fgdcc/lib/python3.9/multiprocessing/process.py", line 149, in join
    res = self._popen.wait(timeout)
  File "/home/rtcalumby/miniconda3/envs/fgdcc/lib/python3.9/multiprocessing/popen_fork.py", line 40, in wait
    if not wait([self.sentinel], timeout):
  File "/home/rtcalumby/miniconda3/envs/fgdcc/lib/python3.9/multiprocessing/connection.py", line 931, in wait
    ready = selector.select(timeout)
  File "/home/rtcalumby/miniconda3/envs/fgdcc/lib/python3.9/selectors.py", line 416, in select
    fd_event_list = self._selector.poll(timeout)
  File "/home/rtcalumby/miniconda3/envs/fgdcc/lib/python3.9/site-packages/torch/utils/data/_utils/signal_handling.py", line 66, in handler
    _error_if_any_worker_fails()
RuntimeError: DataLoader worker (pid 1987697) is killed by signal: Aborted. 
Exception ignored in: <function _MultiProcessingDataLoaderIter.__del__ at 0x7fce5b790c10>
Traceback (most recent call last):
  File "/home/rtcalumby/miniconda3/envs/fgdcc/lib/python3.9/site-packages/torch/utils/data/dataloader.py", line 1479, in __del__
    self._shutdown_workers()
  File "/home/rtcalumby/miniconda3/envs/fgdcc/lib/python3.9/site-packages/torch/utils/data/dataloader.py", line 1443, in _shutdown_workers
    w.join(timeout=_utils.MP_STATUS_CHECK_INTERVAL)
  File "/home/rtcalumby/miniconda3/envs/fgdcc/lib/python3.9/multiprocessing/process.py", line 149, in join
    res = self._popen.wait(timeout)
  File "/home/rtcalumby/miniconda3/envs/fgdcc/lib/python3.9/multiprocessing/popen_fork.py", line 40, in wait
    if not wait([self.sentinel], timeout):
  File "/home/rtcalumby/miniconda3/envs/fgdcc/lib/python3.9/multiprocessing/connection.py", line 931, in wait
    ready = selector.select(timeout)
  File "/home/rtcalumby/miniconda3/envs/fgdcc/lib/python3.9/selectors.py", line 416, in select
    fd_event_list = self._selector.poll(timeout)
  File "/home/rtcalumby/miniconda3/envs/fgdcc/lib/python3.9/site-packages/torch/utils/data/_utils/signal_handling.py", line 66, in handler
    _error_if_any_worker_fails()
RuntimeError: DataLoader worker (pid 1984673) is killed by signal: Aborted. 
terminate called without an active exception
terminate called without an active exception
terminate called without an active exception
terminate called without an active exception
terminate called without an active exception
terminate called without an active exception
Exception ignored in: <function _MultiProcessingDataLoaderIter.__del__ at 0x7f4984263c10>
Traceback (most recent call last):
  File "/home/rtcalumby/miniconda3/envs/fgdcc/lib/python3.9/site-packages/torch/utils/data/dataloader.py", line 1479, in __del__
    self._shutdown_workers()
  File "/home/rtcalumby/miniconda3/envs/fgdcc/lib/python3.9/site-packages/torch/utils/data/dataloader.py", line 1443, in _shutdown_workers
    w.join(timeout=_utils.MP_STATUS_CHECK_INTERVAL)
  File "/home/rtcalumby/miniconda3/envs/fgdcc/lib/python3.9/multiprocessing/process.py", line 149, in join
    res = self._popen.wait(timeout)
  File "/home/rtcalumby/miniconda3/envs/fgdcc/lib/python3.9/multiprocessing/popen_fork.py", line 43, in wait
    return self.poll(os.WNOHANG if timeout == 0.0 else 0)
  File "/home/rtcalumby/miniconda3/envs/fgdcc/lib/python3.9/multiprocessing/popen_fork.py", line 27, in poll
    pid, sts = os.waitpid(self.pid, flag)
  File "/home/rtcalumby/miniconda3/envs/fgdcc/lib/python3.9/site-packages/torch/utils/data/_utils/signal_handling.py", line 66, in handler
    _error_if_any_worker_fails()
RuntimeError: DataLoader worker (pid 1987701) is killed by signal: Aborted. 
Exception ignored in: <function _MultiProcessingDataLoaderIter.__del__ at 0x7f3214c9bc10>
Traceback (most recent call last):
  File "/home/rtcalumby/miniconda3/envs/fgdcc/lib/python3.9/site-packages/torch/utils/data/dataloader.py", line 1479, in __del__
    self._shutdown_workers()
  File "/home/rtcalumby/miniconda3/envs/fgdcc/lib/python3.9/site-packages/torch/utils/data/dataloader.py", line 1443, in _shutdown_workers
    w.join(timeout=_utils.MP_STATUS_CHECK_INTERVAL)
  File "/home/rtcalumby/miniconda3/envs/fgdcc/lib/python3.9/multiprocessing/process.py", line 149, in join
    res = self._popen.wait(timeout)
  File "/home/rtcalumby/miniconda3/envs/fgdcc/lib/python3.9/multiprocessing/popen_fork.py", line 40, in wait
    if not wait([self.sentinel], timeout):
  File "/home/rtcalumby/miniconda3/envs/fgdcc/lib/python3.9/multiprocessing/connection.py", line 931, in wait
    ready = selector.select(timeout)
  File "/home/rtcalumby/miniconda3/envs/fgdcc/lib/python3.9/selectors.py", line 416, in select
    fd_event_list = self._selector.poll(timeout)
  File "/home/rtcalumby/miniconda3/envs/fgdcc/lib/python3.9/site-packages/torch/utils/data/_utils/signal_handling.py", line 66, in handler
    _error_if_any_worker_fails()
RuntimeError: DataLoader worker (pid 1987703) is killed by signal: Aborted. 
terminate called without an active exception
terminate called without an active exception
terminate called without an active exception
terminate called without an active exception
terminate called without an active exception
terminate called without an active exception
terminate called without an active exception
terminate called without an active exception
Exception ignored in: <function _MultiProcessingDataLoaderIter.__del__ at 0x7f3fcf2bfc10>
Traceback (most recent call last):
  File "/home/rtcalumby/miniconda3/envs/fgdcc/lib/python3.9/site-packages/torch/utils/data/dataloader.py", line 1479, in __del__
    self._shutdown_workers()
  File "/home/rtcalumby/miniconda3/envs/fgdcc/lib/python3.9/site-packages/torch/utils/data/dataloader.py", line 1443, in _shutdown_workers
    w.join(timeout=_utils.MP_STATUS_CHECK_INTERVAL)
  File "/home/rtcalumby/miniconda3/envs/fgdcc/lib/python3.9/multiprocessing/process.py", line 149, in join
    res = self._popen.wait(timeout)
  File "/home/rtcalumby/miniconda3/envs/fgdcc/lib/python3.9/multiprocessing/popen_fork.py", line 43, in wait
    return self.poll(os.WNOHANG if timeout == 0.0 else 0)
  File "/home/rtcalumby/miniconda3/envs/fgdcc/lib/python3.9/multiprocessing/popen_fork.py", line 27, in poll
    pid, sts = os.waitpid(self.pid, flag)
  File "/home/rtcalumby/miniconda3/envs/fgdcc/lib/python3.9/site-packages/torch/utils/data/_utils/signal_handling.py", line 66, in handler
    _error_if_any_worker_fails()
RuntimeError: DataLoader worker (pid 1985686) is killed by signal: Aborted. 
Exception ignored in: <function _MultiProcessingDataLoaderIter.__del__ at 0x7f361701dc10>
Traceback (most recent call last):
  File "/home/rtcalumby/miniconda3/envs/fgdcc/lib/python3.9/site-packages/torch/utils/data/dataloader.py", line 1479, in __del__
    self._shutdown_workers()
  File "/home/rtcalumby/miniconda3/envs/fgdcc/lib/python3.9/site-packages/torch/utils/data/dataloader.py", line 1443, in _shutdown_workers
    w.join(timeout=_utils.MP_STATUS_CHECK_INTERVAL)
  File "/home/rtcalumby/miniconda3/envs/fgdcc/lib/python3.9/multiprocessing/process.py", line 149, in join
    res = self._popen.wait(timeout)
  File "/home/rtcalumby/miniconda3/envs/fgdcc/lib/python3.9/multiprocessing/popen_fork.py", line 43, in wait
    return self.poll(os.WNOHANG if timeout == 0.0 else 0)
  File "/home/rtcalumby/miniconda3/envs/fgdcc/lib/python3.9/multiprocessing/popen_fork.py", line 27, in poll
    pid, sts = os.waitpid(self.pid, flag)
  File "/home/rtcalumby/miniconda3/envs/fgdcc/lib/python3.9/site-packages/torch/utils/data/_utils/signal_handling.py", line 66, in handler
    _error_if_any_worker_fails()
RuntimeError: DataLoader worker (pid 1987702) is killed by signal: Aborted. 
Exception ignored in: <function _MultiProcessingDataLoaderIter.__del__ at 0x7f197d3bcc10>
Traceback (most recent call last):
  File "/home/rtcalumby/miniconda3/envs/fgdcc/lib/python3.9/site-packages/torch/utils/data/dataloader.py", line 1479, in __del__
    self._shutdown_workers()
  File "/home/rtcalumby/miniconda3/envs/fgdcc/lib/python3.9/site-packages/torch/utils/data/dataloader.py", line 1443, in _shutdown_workers
    w.join(timeout=_utils.MP_STATUS_CHECK_INTERVAL)
  File "/home/rtcalumby/miniconda3/envs/fgdcc/lib/python3.9/multiprocessing/process.py", line 149, in join
    res = self._popen.wait(timeout)
  File "/home/rtcalumby/miniconda3/envs/fgdcc/lib/python3.9/multiprocessing/popen_fork.py", line 43, in wait
    return self.poll(os.WNOHANG if timeout == 0.0 else 0)
  File "/home/rtcalumby/miniconda3/envs/fgdcc/lib/python3.9/multiprocessing/popen_fork.py", line 27, in poll
    pid, sts = os.waitpid(self.pid, flag)
  File "/home/rtcalumby/miniconda3/envs/fgdcc/lib/python3.9/site-packages/torch/utils/data/_utils/signal_handling.py", line 66, in handler
    _error_if_any_worker_fails()
RuntimeError: DataLoader worker (pid 1985679) is killed by signal: Aborted. 
Rank, 4 Cache keys Rank, 6 Cache keys Rank, 0 Cache keys Rank, 1 Cache keys Rank, 3 Cache keys Rank, 2 Cache keys Rank, 5 Cache keys dict_keys([4029, 5164, 271, 4407, 4465, 4565, 1800, 76, 2004, 6280, 802, 5057, 2532, 1205, 3215, 1244, 3318, 5344, 1488, 2591, 4446, 1703, 5674, 6376, 6167, 6544, 1230, 517, 4912, 153, 5822, 3456, 3078, 6603, 3226, 5180, 5110, 7104, 5037, 2031, 73, 4784, 4632, 4076, 1508, 1217, 1791, 146, 3060, 272, 3804, 7284, 4968, 56, 695, 4217, 4785, 5641, 294, 880, 4648, 2044, 719, 4078, 1885, 814, 4455, 5451, 180, 5497, 2921, 721, 5006, 2162, 7333, 4073, 1937, 3511, 5911, 917, 7407, 1250, 5462, 2506, 1482, 2447, 2459, 1146, 2147, 2474, 4091, 572, 1253, 3282, 1435, 634, 7310, 2480, 4135, 5501, 138, 714, 4017, 54, 2837, 3073, 5616, 5624, 6878, 4000, 1448, 3035, 1060, 3753, 2233, 2858, 2453, 2866, 5912, 1979, 237, 3069, 5999, 1275, 1737, 2854, 1554, 2380, 5683, 1750, 1841, 3252, 1402, 1811, 1605, 5213, 912, 1329, 2766, 4969, 2923, 4644, 6662, 4653, 5013, 289, 6915, 5088, 2684, 4908, 309, 176, 4841, 3360, 5460, 3484, 1519, 1474, 1775, 3181, 1233, 5107, 2676, 2934, 1185, 5876, 4749, 80, 2001, 2685, 840, 4825, 3170, 550, 6180, 1682, 92, 1889, 7656, 2503, 1863, 7593, 2713, 2587, 6839, 1948, 6935, 2101, 3865, 6078, 2086, 5258, 1943, 5566, 6940, 1249, 787, 4263, 5852, 2332, 3218, 2110, 5597, 810, 5223, 5194, 3940, 2814, 2568, 2777, 1287, 1312, 3298, 5198, 2465, 3235, 4941, 2696, 2547, 2376, 5870, 1139, 244, 5840, 2677, 1450, 1536, 930, 3417, 4022, 5004, 1908, 7707, 5539, 1115, 2070, 3551, 308, 3210, 7199, 718, 2177, 1377, 1102, 5407, 2650, 4434, 5332, 7653, 877, 6223, 758, 1308, 3835, 5660, 3058, 936, 2865, 2372, 4555, 1419, 148, 130, 3430, 3537, 4003, 434, 1104, 1722, 291, 2339, 3690, 3617, 2812, 4529, 1962, 1383, 1949, 2672, 1066, 5955, 1556, 508, 246, 4718, 3790, 2801, 162, 523, 1563, 5645, 5481, 4850, 5019, 2791, 833, 207, 5453, 2217, 5090, 1455, 837, 5146, 1430, 990, 298, 3757, 4362, 2015, 6961, 1807, 5743, 22, 876, 242, 6198, 4442, 7062, 2626, 2981, 4999, 4289, 3441, 2059, 1587, 7348, 6394, 270, 1667, 1912, 1496, 5805, 3871, 2686, 2321, 3074, 7100, 926, 48, 4200, 6150, 4703, 5729, 2749, 3981, 600, 144, 766, 2205, 3157, 512, 1604, 156, 710, 1038, 4047, 4370, 4215, 812, 1830, 4256, 1799, 4441, 3085, 459, 725, 4646, 5532, 2794, 3895, 1696, 5868, 1241, 1288, 5901, 3531, 4712, 4574, 3428, 1256, 977, 769, 2553, 6867, 4157, 938, 4748, 6983, 1771, 4224, 1568, 6686, 4437, 5498, 5085, 2884, 4517, 2054, 5666, 2765, 3886, 2572, 1362, 420, 2782, 7056, 6992, 698, 5832, 3311, 1777, 2296, 3399, 2449, 2803, 4059, 4464, 704, 1543, 1441, 3585, 1497, 3341, 4716, 6950, 4345, 5562, 1323, 5650, 4915, 1744, 6797, 4966, 1311, 5073, 497, 7665, 3077, 2314, 1284, 1822, 1693, 4926, 4395, 7006, 1963, 164, 985, 3513, 4228, 4054, 7238, 7483, 5628, 3137, 343, 5514, 81, 4220, 1989, 5020, 7101, 7226, 3324, 4400, 3911, 2365, 4945, 4117, 2953, 2843, 6567, 4996, 3729, 2209, 6907, 4286, 1182, 4371, 3462, 5273, 2747, 2628, 3146, 5521, 111, 345, 2373, 3523, 1082, 1733, 5042, 2448, 4682, 586, 1888, 5030, 5610, 1247, 1717, 3464, 3347, 845, 5260, 1778, 3102, 1904, 1734, 4205, 3708, 4549, 1341, 5081, 893, 4535, 5748, 6974, 3271, 2764, 1886, 3454, 6816, 5646, 6904, 2444, 3231, 5855, 293, 5046, 6821, 3167, 447, 5602, 732, 1674, 3816, 5833, 7, 3751, 3197, 4907, 3681, 5153, 2778, 46, 1143, 1512, 4569, 5780, 3096, 576, 3448, 4294, 875, 5525, 3903, 4382, 1501, 5856, 3581, 5917, 483, 2515, 7277, 4183, 4774, 741, 1209, 3760, 4089, 4291, 5021, 2139, 2681, 128, 1385, 359, 151, 7050, 1389, 5061, 792, 2195, 2184, 5621, 2456, 1996, 2647, 7058, 1747, 1461, 2013, 243, 281, 5291, 2097, 939, 7299, 788, 4735, 2108, 4141, 767, 3702, 2659, 640, 1237, 4484, 3852, 724, 2181, 5316, 3260, 4657, 7145, 7354, 3521, 6115, 6789, 3774, 5473, 4865, 1881, 2868, 1433, 6792, 4375, 529, 1177, 168, 245, 2156, 6827, 1644, 3766, 7346, 776, 4616, 604, 5512, 958, 1445, 2429, 7256, 216, 7465, 3520, 3326, 735, 4, 3524, 2825, 1149, 7306, 1952, 1486, 5390, 2270, 2362, 1418, 3083, 1165, 5995, 922, 2725, 3436, 680, 1832, 4928, 4594, 6863, 4664, 2800, 4711, 1882, 211, 4443, 587, 3068, 4824, 3423, 3229, 2637, 3404, 1973, 2221, 2751, 2950, 4134, 4356, 6316, 1964, 6504, 1176, 2471, 7430, 4553, 5496, 667, 4494, 2227, 2708, 5489, 3945, 2576, 274, 3300, 5392, 120, 1093, 6824, 1096, 3695, 3615, 3818, 707, 4811, 2016, 4743, 3709, 4814, 5343, 116, 3108, 7121, 2304, 5199, 3219, 605, 7415, 3841, 3017, 1207, 3773, 5679, 2623, 5149, 1993, 756, 1597, 5499, 4298, 1716, 5125, 2208, 6163, 4922, 5476, 7551, 1101, 2042, 3946, 1572, 1940, 4768, 2912, 1152, 7202, 5570, 6854, 879, 2745, 64, 2641, 1282, 7022, 2918, 4001, 3461, 7628, 1128, 6248, 544, 2959, 5016, 737, 5132, 1266, 5467, 1858, 20, 4492, 7197, 2017, 1464, 7196, 582, 4608, 1851, 2174, 1227, 4964, 5331, 238, 4178, 7544, 4820, 4052, 1789, 149, 5394, 5818, 2412, 5913, 1361, 4051, 5600, 24, 7672, 2718, 670, 1339, 2472, 1880, 2433, 1720, 413, 4649, 6084, 5705, 1051, 2399, 3534, 3189, 761, 3885, 2663, 1214, 873, 2531, 5284, 5054, 2607, 7097, 5170, 2124, 1170, 885, 3683, 571, 60, 4610, 5111, 2275, 3276, 1413, 4903, 1515, 1481, 1240, 6427, 4600, 2601, 864, 4274, 1686, 6398, 3913, 2358, 6281, 74, 923, 3733, 6014, 4296, 6250, 5627, 1291, 4546, 2, 6925, 5421, 4290, 3882, 3822, 6518, 3826, 5072, 7255, 7026, 2382, 300, 2010, 1510, 167, 6212, 1914, 5685, 4851, 4025, 4086, 653, 3608, 5102, 4250, 2340, 6515, 1226, 3182, 5495, 3479, 4153, 6949, 4960, 3336, 5121, 727, 1057, 4083, 1442, 6424, 5536, 2664, 4398, 3076, 2400, 2285, 7323, 2267, 3573, 47, 2831, 182, 1126, 3792, 2045, 2272, 729, 7075, 1677, 3960, 2756, 7556, 6951, 4677, 1239, 2520, 5540, 4312, 3280, 454, 548, 4189, 1591, 4628, 6666, 627, 4333, 157, 2861, 5003, 204, 1673, 5315, 2079, 2000, 1349, 4182, 1768, 2577, 1939, 5704, 3003, 5654, 241, 96, 4660, 562, 4427, 3255, 5813, 862, 2775, 7759, 2336, 4338, 4032, 5575, 2250, 4765, 2300, 5250, 1988, 4538, 53, 40, 5519, 6575, 902, 2935, 3923, 5722, 601, 473, 7033, 2310, 1184, 2546, 2550, 2361, 7375, 4583, 4234, 3128, 3212, 3770, 4081, 2061, 2683, 5209, 2995, 3999, 2416, 3198, 5665, 1522, 5166, 5114, 181, 2743, 3907, 3220, 3947, 5789, 1010, 3904, 5612, 2048, 3378, 2486, 5719, 5555, 2596, 1347, 905, 2516, 2095, 4458, 1848, 929, 7162, 1638, 552, 4361, 5329, 994, 7059, 85, 1990, 4943, 4781, 3485, 1555, 966, 3063, 1210, 5636, 6931, 1027, 3900, 2405, 5745, 4680, 5753, 5491, 5534, 3363, 648, 3691, 2928, 3036, 2180, 774, 5587, 5038, 2653, 3713, 2691, 3409, 4042, 349, 4214, 3649, 5558, 6010, 38, 6673, 1599, 3426, 5288, 4479, 4107, 7155, 3976, 14, 4556, 1814, 5217, 2235, 757, 4763, 4724, 5410, 4878, 6924, 89, 4259, 3045, 5275, 935, 4062, 1154, 1595, 6054, 5433, 2737, 7302, 1567, 6829, 868, 2027, 2157, 4868, 6643, 5548, 5271, 5133, 2390, 5182, 3142, 460, 5376, 1016, 287, 563, 5429, 3898, 378, 3418, 2657, 4036, 3648, 2687, 1179, 2056, 6123, 6621, 5140, 6092, 4729, 7307, 4753, 3143, 2381, 5755, 3419, 4064, 6101, 5487, 2534, 1121, 2153, 3325, 2111, 6802, 3813, 5094, 516, 4039, 2510, 171, 5836, 5366, 342, 3730, 2280, 2705, 3949, 336, 2418, 4756, 3763, 4613, 3707, 6646, 3071, 1255, 2345, 509, 4917, 692, 4772, 3173, 7170, 4568, 3079, 7163, 3459, 91, 3836, 1206, 2330, 2848, 3518, 1212, 3771, 4101, 1719, 6776, 41, 6825, 4905, 2394, 871, 3990, 5117, 2537, 3632, 623, 3891, 52, 4510, 6732, 5120, 2446, 2661, 2256, 5368, 968, 909, 5502, 3335, 2213, 5312, 7105, 1366, 6996, 1596, 3847, 2273, 49, 3072, 5617, 962, 4852, 1765, 87, 6981, 2886, 4838, 2631, 3191, 3838, 5048, 90, 2565, 1927, 2624, 3849, 3297, 6691, 1621, 5477, 2284, 4906, 1622, 4938, 2582, 4544, 4839, 3259, 3204, 217, 411, 4325, 1950, 16, 5761, 1894, 5739, 3919, 112, 1550, 150, 1260, 5237, 711, 401, 2545, 4399, 3896, 6070, 6775, 3668, 5892, 5459, 2499, 736, 1518, 4866, 4258, 1478, 1193, 6845, 4331, 104, 7789, 899, 1317, 1458, 2621, 7013, 6862, 739, 1292, 5792, 2722, 3094, 7444, 1425, 635, 3607, 579, 522, 3605, 915, 1585, 2998, 7080, 3787, 890, 1871, 234, 5212, 6734, 7241, 978, 1084, 3413, 2942, 4998, 2123, 4007, 4394, 5742, 4693, 3802, 3373, 1224, 2635, 5639, 4570, 3769, 827, 836, 2436, 427, 3009, 7382, 1795, 5577, 841, 2533, 716, 18, 4440, 4775, 1862, 2615, 350, 5286, 2477, 5052, 2561, 4745, 2062, 173, 685, 2387, 4309, 5929, 1330, 3466, 3597, 4873, 4566, 3, 1304, 6172, 2037, 644, 4925, 1649, 166, 2067, 2334, 247, 4986, 6853, 609, 98, 973, 5899, 2755, 3815, 5033, 3509, 2851, 6831, 928, 2655, 6717, 5100, 3844, 5087, 2609, 514, 2788, 4080, 5589, 2835, 113, 133, 4018, 3967, 4293, 1757, 3977, 2780, 2786, 7140, 2445, 5148, 1052, 1446, 69, 4431, 6695, 6767, 6422, 3121, 3794, 5220, 5041, 4725, 4239, 3980, 6568, 1168, 5724, 5651, 125, 2218, 2562, 4099, 2467, 4708, 705, 4652, 7389, 5637, 13, 3202, 4149, 5649, 5599, 942, 1721, 4315, 4863, 1507, 365, 2564, 3263, 2508, 5076, 1590, 3053, 4730, 106, 745, 7181, 4592, 1601, 642, 700, 6826, 1763, 3873, 3046, 597, 2999, 2622, 3868, 3933, 3398, 3819, 1974, 2366, 7311, 3166, 3676, 5077, 3369, 5715, 75, 2234, 4961, 6914, 603, 1788, 2827, 1749, 2926, 492, 3401, 2088, 1820, 5684, 2588, 1196, 332, 1011, 4511, 99, 531, 616, 3497, 4053, 124, 3105, 2571, 5181, 4255, 5968, 5131, 799, 7139, 5326, 4870, 5168, 2694, 1043, 2728, 3858, 4587, 4577, 2952, 178, 7025, 5668, 2269, 1484, 4645, 169, 4760, 2955, 1917, 3731, 6554, 1274, 5618, 6252, 5771, 5935, 6893, 4392, 6385, 3171, 969, 681, 5307, 4604, 6714, 499, 5574, 4322, 4148, 7027, 6608, 3124, 2481, 4826, 5635, 4876, 5228, 6102, 957, 2654, 152, 4207, 184, 23, 481, 6796, 370, 1405, 2109, 3432, 2734, 4777, 6245, 2053, 7087, 4918, 3715, 3932, 703, 4033, 5091, 1422, 3062, 2473, 1752, 2673, 4971, 1235, 4931, 1617, 2478, 6508, 1148, 6809, 2325, 3503, 4857, 3306, 3958, 215, 6783, 2437, 4559, 233, 2076, 5547, 97, 121, 2348, 3307, 2826, 7361, 63, 3685, 4282, 1229, 3699, 7000, 6501, 1374, 3943, 6982, 763, 1874, 44, 3721, 5075, 4910, 1459, 1625, 3115, 941, 2678, 7754, 154, 6896, 1685, 3012, 6876, 4428, 17, 347, 1192, 3249, 7278])dict_keys([428, 1459, 2068, 5059, 6245, 6990, 4257, 5029, 467, 6150, 4636, 1820, 7246, 461, 4089, 3353, 1400, 4394, 3405, 1247, 3209, 3703, 463, 5719, 2041, 2581, 5386, 1478, 4296, 5223, 4689, 335, 782, 4530, 1451, 1361, 1974, 4081, 1708, 129, 2293, 1978, 5113, 1360, 873, 5536, 6266, 1654, 2849, 2979, 42, 2085, 5212, 61, 4955, 411, 3686, 5979, 5667, 3043, 7496, 1608, 4183, 3479, 2837, 2621, 2583, 4242, 5714, 6812, 2440, 5081, 4971, 3271, 636, 3003, 179, 2628, 5098, 4730, 2462, 5753, 2729, 2883, 3797, 898, 2091, 6764, 3231, 5548, 2701, 5144, 1147, 7039, 4284, 1181, 3309, 941, 5627, 2129, 816, 2245, 4744, 5024, 4442, 2286, 2020, 538, 2530, 1508, 2593, 7356, 6378, 2796, 1817, 3453, 2177, 690, 3997, 875, 671, 4940, 927, 1252, 4000, 4781, 6864, 6879, 2344, 5602, 5684, 1255, 3481, 1496, 6734, 5617, 2702, 4322, 4234, 24, 6878, 3825, 3105, 15, 4423, 4430, 2595, 7166, 5697, 2347, 5258, 1741, 5107, 3363, 695, 5049, 4099, 1156, 806, 4624, 53, 1188, 3092, 1666, 305, 4395, 248, 1251, 761, 5045, 1916, 2951, 7297, 6927, 2717, 1309, 7104, 5612, 1929, 4549, 523, 1914, 2531, 6977, 1466, 4980, 2100, 2653, 5269, 94, 230, 240, 764, 6817, 5512, 1168, 3279, 4910, 2820, 4853, 673, 478, 1429, 86, 4876, 876, 1935, 4271, 4946, 2439, 1604, 4138, 3753, 5324, 4785, 0, 3759, 3400, 4316, 2332, 3615, 4643, 5219, 2711, 4999, 622, 4279, 6740, 3328, 1426, 2966, 2115, 5260, 6827, 1728, 749, 3356, 238, 2999, 2303, 2656, 342, 4239, 1875, 2360, 7091, 3625, 1253, 59, 1012, 1622, 3362, 3494, 572, 5210, 4424, 3913, 5041, 4511, 4351, 1543, 899, 2726, 4951, 4923, 471, 6262, 887, 1775, 4662, 560, 229, 7339, 151, 163, 3738, 194, 3487, 4659, 4760, 4116, 975, 4088, 6903, 2782, 5522, 4676, 7249, 4129, 4203, 2684, 2354, 174, 1425, 3489, 705, 5569, 2396, 906, 5558, 2135, 1431, 5628, 1332, 4292, 1711, 2384, 1967, 6422, 6501, 1338, 5550, 2627, 3050, 85, 1685, 845, 914, 923, 1265, 6738, 306, 5044, 3862, 3885, 1570, 2663, 2099, 2860, 25, 4870, 2176, 2290, 6844, 7538, 7530, 3995, 750, 3166, 2923, 430, 1835, 4163, 351, 1836, 4919, 249, 5645, 4464, 3008, 5716, 2738, 3509, 4906, 7028, 49, 1035, 6743, 2022, 1348, 4996, 3484, 177, 4178, 4559, 3662, 3215, 161, 1735, 166, 6523, 971, 5450, 5188, 2757, 7083, 2431, 168, 4963, 184, 4376, 896, 1398, 3733, 6805, 1594, 653, 3101, 3911, 2230, 5481, 3169, 2405, 2759, 534, 82, 3900, 644, 358, 4062, 2255, 3981, 1396, 1434, 2935, 5413, 2764, 4777, 711, 935, 4326, 2473, 5710, 4533, 5276, 21, 6242, 4543, 459, 1211, 681, 3076, 1734, 6400, 2661, 1109, 3435, 2016, 4850, 977, 3852, 5659, 5575, 2300, 516, 5110, 58, 4066, 130, 2418, 1420, 2072, 343, 216, 1025, 2893, 2985, 512, 6861, 4877, 6377, 5586, 4226, 6339, 1787, 1542, 2333, 4399, 4618, 2475, 6448, 191, 2535, 4972, 4956, 6784, 2433, 3158, 1416, 3285, 6859, 2214, 263, 1013, 4466, 3714, 4023, 2063, 5587, 120, 36, 1739, 4933, 1444, 4297, 3350, 2803, 274, 2233, 4735, 2768, 2949, 3758, 745, 2106, 2434, 3644, 3399, 1104, 5018, 3269, 3077, 3980, 2226, 4831, 1206, 1394, 2498, 7498, 7130, 67, 3660, 3951, 1056, 76, 1514, 751, 400, 4047, 6043, 5465, 2554, 5713, 6951, 5286, 814, 5431, 601, 51, 4867, 1544, 2512, 346, 1792, 2097, 133, 7206, 3729, 4594, 7087, 1613, 2460, 3499, 1304, 5482, 283, 6802, 276, 5378, 1199, 2749, 903, 5273, 4554, 4753, 153, 2645, 2393, 6954, 4871, 5207, 3828, 5167, 1502, 7482, 6924, 2744, 2752, 7654, 5577, 5016, 5460, 5500, 4775, 4190, 2691, 6774, 1143, 4515, 1596, 1839, 2746, 5582, 226, 1718, 2853, 383, 2422, 7278, 5301, 802, 1027, 3429, 3280, 1149, 3710, 6517, 6268, 2665, 1464, 5743, 3461, 5020, 3536, 3282, 1706, 5132, 5653, 4325, 4304, 3198, 1274, 4598, 748, 901, 2338, 2745, 5061, 5152, 990, 2459, 3430, 4327, 1155, 3103, 4994, 915, 5961, 5711, 993, 772, 3063, 1238, 492, 2516, 3595, 5322, 5184, 2919, 5048, 6880, 7512, 7256, 713, 1754, 2698, 3310, 4862, 1624, 1555, 3239, 1507, 6149, 4884, 2448, 2357, 2247, 4644, 1964, 291, 6255, 4501, 786, 1612, 807, 2019, 4917, 2769, 1880, 3674, 3680, 37, 4330, 1491, 5056, 7790, 1415, 5036, 6798, 909, 4612, 5836, 2049, 392, 3604, 3036, 142, 1501, 2652, 11, 5136, 1990, 5553, 4851, 4729, 2500, 4250, 3853, 2006, 857, 3790, 3085, 994, 4363, 4360, 2340, 2955, 4587, 4315, 6476, 1303, 5218, 7004, 3721, 7610, 5897, 349, 1844, 3987, 558, 379, 5814, 3122, 866, 7093, 5368, 2195, 1137, 2606, 1733, 2868, 1039, 6620, 1450, 2029, 104, 468, 2367, 1737, 4450, 7161, 7099, 4555, 78, 3636, 4199, 3883, 7061, 675, 1933, 704, 7068, 6343, 2437, 4703, 2004, 3409, 5734, 80, 1648, 6850, 2655, 5316, 2673, 7757, 167, 1432, 17, 4224, 3412, 2075, 3304, 3826, 5646, 1606, 1635, 4828, 531, 5742, 2720, 1205, 3984, 3838, 2098, 2624, 3339, 4219, 6024, 2447, 5915, 3939, 1489, 5042, 7212, 3735, 91, 4646, 3454, 1368, 1563, 2339, 4655, 1565, 6359, 4592, 878, 144, 5193, 3136, 4440, 812, 1422, 885, 5544, 7030, 1077, 4647, 2518, 101, 4892, 4931, 290, 1080, 3359, 2838, 2374, 3106, 960, 3303, 4832, 1227, 2288, 2930, 2008, 3300, 5674, 1874, 2647, 5058, 4, 4092, 7142, 1282, 6932, 4035, 2489, 3281, 4007, 3408, 4764, 3419, 5038, 1465, 2617, 2643, 416, 1518, 4970, 352, 500, 5999, 3670, 4458, 6952, 5201, 4988, 829, 4090, 2784, 3341, 3834, 4602, 1052, 4345, 4672, 2781, 3146, 5233, 220, 1201, 3450, 5240, 718, 4902, 472, 5266, 4357, 5253, 955, 4270, 3118, 7269, 7586, 3212, 4107, 6294, 1694, 2875, 731, 2667, 435, 4110, 7027, 928, 2646, 6698, 1266, 3842, 6485, 5526, 1066, 2399, 6444, 7080, 4006, 7407, 1877, 4608, 5457, 6093, 2079, 5566, 1747, 2426, 2450, 699, 138, 6195, 3229, 4621, 40, 4920, 270, 3205, 1198, 4718, 1938, 4468, 2349, 1684, 3425, 5341, 3511, 3088, 39, 3975, 3970, 95, 3171, 3474, 1336, 1102, 3197, 3149, 4036, 3068, 6726, 2035, 2071, 4437, 2153, 1568, 4377, 6252, 7279, 2712, 1906, 7012, 3950, 2622, 4556, 1323, 2425, 2222, 3642, 3903, 2550, 3976, 1051, 2189, 659, 2511, 284, 3848, 1697, 5459, 4078, 4146, 4666, 2503, 5707, 3207, 5547, 5349, 1002, 6876, 2042, 16, 4935, 4702, 4024, 4158, 5031, 1183, 5186, 2626, 3754, 98, 4362, 1325, 1229, 2743, 5661, 6042, 3255, 3244, 4861, 1908, 6389, 830, 1419, 3273, 757, 4588, 3845, 22, 2251, 1062, 1625, 5003, 2372, 1788, 6978, 774, 5410, 4477, 1097, 5748, 2334, 4385, 920, 6899, 4866, 603, 514, 4269, 938, 542, 3157, 1180, 753, 608, 3306, 4412, 6912, 4968, 7062, 3734, 2238, 6527, 5906, 6773, 5615, 105, 2870, 5198, 4386, 473, 7026, 5871, 6811, 2786, 925, 4151, 3856, 680, 2515, 3707, 6857, 837, 313, 2078, 1163, 607, 5585, 146, 5935, 6840, 5194, 3398, 6519, 3428, 2280, 6223, 5476, 2604, 6901, 1293, 125, 2559, 1558, 4973, 1991, 3624, 2011, 3404, 5261, 3816, 5756, 3706, 2577, 4839, 6281, 3697, 2579, 3865, 2941, 486, 2087, 4185, 3293, 1212, 550, 4558, 337, 7122, 7672, 2532, 1750, 494, 6072, 2015, 1500, 1295, 3370, 5524, 331, 5584, 242, 1177, 7528, 4757, 1972, 227, 3757, 5464, 4451, 5642, 2560, 3534, 2175, 360, 3947, 3731, 934, 7036, 626, 3262, 1710, 1517, 4039, 4722, 6916, 4613, 4299, 5687, 1863, 922, 2601, 631, 710, 1519, 4317, 4926, 1852, 5014, 4243, 2960, 1417, 1579, 2900, 1987, 4056, 2252, 1484, 7158, 4864, 4485, 1482, 3945, 880, 2089, 1204, 1621, 1549, 1288, 3938, 5065, 3764, 5818, 6957, 714, 3155, 6862, 1307, 4339, 5911, 479, 5635, 5622, 3713, 2751, 6826, 186, 5311, 3919, 3351, 2480, 66, 2223, 5367, 4406, 3181, 213, 323, 1483, 4669, 112, 3495, 513, 3766, 989, 173, 1858, 1759, 1493, 4025, 787, 6403, 2110, 26, 2145, 2565, 1525, 2421, 5996, 683, 4772, 3184, 3154, 3418, 2742, 3771, 1813, 1732, 2291, 3992, 7011, 2481, 4615, 1474, 3182, 6230, 862, 1848, 706, 3589, 1564, 2964, 5680, 2065, 6831, 425, 4776, 1060, 2587, 5564, 6949, 246, 6002, 1515, 3869, 5856, 1165, 4021, 1583, 4881, 7154, 5271, 4133, 5619, 4202, 1094, 2672, 3133, 6516, 2644, 4125, 5709, 4050, 2596, 169, 1418, 4147, 2911, 5116, 3373, 5205, 3052, 3520, 874, 6248, 728, 3045, 3403, 2001, 515, 3763, 2732, 6992, 7147, 300, 3083, 5250, 7094, 5285, 1617, 50, 7002, 1440, 1554, 1540, 6212, 6973, 5137, 7010, 959, 3296, 5023, 3605, 2211, 2639, 1433, 4990, 4905, 3401, 5335, 2028, 6657, 2185, 5595, 7143, 1926, 596, 6394, 2206, 2995, 3141, 3337, 5607, 3880, 2266, 4033, 6667, 5503, 1659, 1969, 2998, 4427, 7074, 2306, 4610, 211, 1376, 2731, 2983, 6946, 1618, 6944, 1994, 5638, 2064, 2552, 5076, 2094, 1679, 1223, 3813, 4814, 4513, 5216, 2692, 2076, 2043, 208, 783, 4382, 5873, 3213, 1249, 1187, 1932, 526, 2350, 4657, 2109, 841, 3369, 6940, 2428, 3702, 2363, 2382, 4188, 2254, 618, 325, 214, 3901, 348, 1447, 1699, 4825, 5165, 2770, 2488, 6123, 2381, 2123, 3439, 2117, 1573, 4008, 64, 2114, 1698, 942, 3258, 5592, 727, 5340, 5331, 7635, 6883, 2423, 667, 3438, 4318, 3376, 4512, 2734, 1289, 3804, 6803, 45, 1405, 7140, 1924, 2542, 6541, 926, 4617, 4281, 910, 2052, 5012, 4625, 2771, 3276, 402, 1481, 7415, 3250, 1241, 6575, 1873, 149, 1096, 3059, 5573, 2348, 1794, 4522, 1949, 5669, 2193, 3226, 4052, 7171, 7024, 3663, 4614, 2133, 5180, 3, 2256, 2623, 3156, 3894, 2002, 4059, 3800, 4660, 6814, 982, 5832, 1407, 4743, 7075, 2537, 2952, 7301, 6116, 6767, 7238, 4520, 1523, 3709, 451, 4032, 6452, 2361, 1927, 1287, 1379, 573, 4748, 4510, 6640, 3819, 5574, 5701, 1566, 3720, 4824, 2150, 6904, 3818, 3831, 2895, 585, 4779, 3700, 4898, 6126, 616, 1585, 5678, 1175, 7145, 5672, 5364, 916, 5611, 6191, 378, 5300, 3037, 4255, 3889, 3490, 4826, 408, 114, 2686, 1541, 529, 330, 5270, 3161, 1154, 4258, 3492, 6843, 4922, 4280, 7306, 1834, 1724, 6614, 5329, 1011, 2799, 4124, 6577, 2777, 5172, 6558, 7174, 324, 836, 4365, 1830, 4373, 1215, 2167, 2709, 5074, 6792, 4443, 3722, 1374, 2424, 931, 5089, 7017, 312, 7025, 4333, 2590, 1029, 1778, 3410, 1000, 5052, 3669, 719, 5005, 1598, 3217, 1973, 3996, 687, 3577, 6956, 1310, 441, 3971, 3897, 623, 4480, 3989, 4259, 936, 6334, 2989, 3082, 2314, 918, 5717, 2773, 1445, 6179, 648, 1244, 5534, 1446, 285, 4784, 4969, 7350, 1578, 2945, 2466, 3089, 7438, 302, 5554, 1285, 272, 4569, 3603, 3941, 4419, 824, 1203, 4924, 1441, 6867, 4628])dict_keys([292, 1827, 3248, 4905, 4319, 1226, 5110, 5748, 2818, 1194, 4369, 7382, 1439, 499, 2228, 6992, 4462, 1591, 4873, 4866, 301, 3272, 212, 416, 1900, 5637, 6116, 3656, 7323, 562, 4101, 749, 669, 2007, 1409, 1945, 4249, 786, 4972, 825, 5741, 2243, 1523, 1276, 4509, 3079, 2509, 4566, 605, 5910, 2206, 1881, 1447, 1383, 2734, 1259, 2617, 4725, 1279, 4678, 6944, 2556, 7462, 2077, 7311, 5846, 1479, 950, 6207, 4080, 992, 3843, 5460, 5021, 3696, 2826, 4923, 1688, 4336, 2267, 7120, 6648, 1457, 2953, 4522, 5016, 5499, 3591, 3266, 1185, 593, 6547, 400, 4128, 3456, 4884, 7259, 2507, 3166, 3834, 4291, 4882, 2512, 5014, 7721, 3666, 3870, 3663, 151, 131, 2807, 159, 3578, 1901, 2402, 3571, 5717, 3144, 1252, 2372, 2037, 4888, 865, 2079, 1484, 2644, 1566, 1165, 3371, 3977, 324, 1212, 2683, 5253, 1565, 171, 1810, 2536, 1803, 762, 4451, 3129, 3384, 5861, 955, 1292, 2773, 2049, 4743, 1410, 6376, 5125, 6385, 2508, 2103, 2717, 5102, 1196, 3036, 1329, 7761, 3169, 6032, 4222, 5669, 2, 1923, 4610, 4643, 1280, 3531, 1733, 5705, 3547, 44, 2009, 4388, 500, 1328, 4480, 2748, 1611, 5674, 6812, 2586, 6949, 2148, 4456, 2412, 1730, 1790, 7503, 3893, 4412, 4838, 5279, 2306, 2764, 4198, 6976, 1561, 7066, 1954, 7371, 7224, 6823, 7008, 6201, 7228, 4552, 4772, 3697, 67, 557, 6824, 5473, 4332, 161, 5679, 1177, 2522, 2275, 3012, 3864, 4034, 4395, 4742, 4262, 380, 2055, 5072, 5119, 1336, 6885, 6667, 1937, 3621, 2025, 4597, 6598, 2788, 1578, 1167, 1528, 6508, 251, 3206, 2316, 1037, 2551, 2741, 46, 1763, 529, 1462, 908, 285, 5286, 6951, 3585, 4920, 1429, 1737, 3121, 4150, 4952, 802, 1715, 723, 948, 3997, 1800, 38, 7512, 1517, 810, 1198, 5552, 2851, 25, 217, 2814, 1051, 4357, 2816, 1998, 4974, 1510, 4776, 59, 2567, 2203, 4918, 4644, 1729, 1973, 3709, 6369, 4356, 7243, 1241, 1012, 3704, 5558, 1719, 2766, 7102, 6519, 3851, 2696, 4282, 2465, 2621, 5689, 72, 4784, 3605, 5856, 3897, 5703, 4674, 5038, 3769, 1362, 2765, 4535, 4281, 1541, 3724, 4285, 836, 4949, 3973, 2921, 1489, 516, 242, 2935, 99, 76, 1990, 2754, 7450, 4051, 198, 2633, 1851, 823, 716, 2648, 1471, 4967, 5073, 4270, 3706, 4768, 4254, 4785, 3158, 2404, 3133, 5065, 5745, 5056, 4619, 1031, 2211, 3720, 7025, 3186, 3344, 1512, 3283, 4676, 3536, 6022, 1741, 1704, 5550, 2513, 243, 4757, 6251, 4669, 3218, 5868, 991, 4622, 233, 978, 2895, 538, 2658, 3940, 4847, 4910, 3712, 451, 6664, 1814, 3350, 3338, 6280, 3610, 2623, 4108, 3387, 4182, 5573, 141, 49, 3051, 2489, 2168, 3376, 5616, 4155, 421, 2760, 1889, 2972, 5755, 1732, 7253, 1450, 6170, 3210, 5875, 2435, 3771, 3883, 3331, 7024, 3086, 4441, 4211, 793, 1773, 3260, 4437, 6969, 920, 4913, 4435, 4538, 4107, 2747, 7101, 3841, 1534, 270, 69, 4304, 6836, 7087, 1293, 5, 3273, 2552, 2722, 3411, 1605, 5010, 5818, 4575, 2353, 5233, 2535, 459, 3516, 4100, 831, 5587, 3764, 872, 3424, 2445, 4708, 6908, 1397, 3749, 904, 2718, 5415, 3545, 5599, 4819, 3999, 2945, 5836, 1649, 2770, 2226, 1441, 2221, 1332, 91, 620, 2058, 4919, 5327, 2827, 404, 6283, 7171, 4390, 4114, 1617, 6698, 4090, 2590, 2394, 1168, 4775, 5178, 927, 448, 1432, 1158, 891, 4655, 5835, 7616, 648, 7161, 2073, 3239, 1514, 4718, 7168, 101, 5116, 2089, 1236, 1114, 2156, 7602, 5306, 619, 2241, 1497, 3855, 2967, 2300, 6665, 4394, 2382, 6091, 2021, 883, 6746, 921, 2619, 458, 5463, 2547, 5498, 5019, 1636, 2659, 5813, 4299, 4751, 4487, 1563, 4615, 1364, 2543, 3810, 4111, 3167, 5150, 4666, 3766, 890, 5701, 5344, 3858, 7117, 4232, 1549, 2615, 957, 1626, 1418, 1006, 3369, 2167, 1632, 7469, 384, 4318, 2442, 6452, 1416, 1056, 2731, 515, 2939, 5012, 3767, 5272, 4663, 5697, 880, 4129, 2244, 1250, 2351, 3990, 5532, 3279, 2782, 4253, 5043, 6862, 5410, 1092, 1735, 5561, 3164, 24, 4074, 3733, 144, 2385, 5076, 5378, 2391, 5807, 736, 6868, 3396, 1940, 7497, 2641, 3960, 3046, 925, 1576, 1285, 2376, 1792, 2175, 7165, 4374, 197, 509, 4625, 857, 1724, 3534, 1891, 111, 3631, 787, 2620, 5662, 848, 4712, 3374, 2703, 3330, 3181, 4850, 5023, 1747, 5030, 5526, 27, 2332, 7375, 863, 2566, 2661, 3080, 4585, 4362, 3090, 6674, 563, 5661, 3676, 1242, 2183, 1146, 4440, 5524, 1408, 3123, 2999, 798, 6165, 6803, 1444, 1718, 601, 442, 45, 783, 1322, 2638, 256, 2189, 5171, 1074, 2032, 1330, 1658, 2365, 5497, 2127, 2511, 2117, 5735, 2955, 3835, 6418, 2416, 4943, 1685, 4572, 6422, 1612, 3805, 1960, 5787, 204, 1179, 1028, 1962, 5157, 5049, 5081, 6954, 5648, 6970, 5174, 832, 4999, 258, 1826, 2166, 2627, 2008, 6377, 7307, 5182, 3454, 6614, 7409, 2848, 3077, 1171, 3985, 2061, 4659, 4621, 7452, 322, 7036, 227, 4713, 4200, 4384, 2884, 4837, 5719, 2480, 4925, 1417, 6989, 5606, 2995, 4729, 6118, 138, 3494, 350, 2534, 1094, 6952, 1477, 7679, 5153, 1244, 1878, 4588, 2905, 1775, 3255, 6014, 6907, 5556, 3933, 2293, 3797, 1762, 2525, 3581, 602, 4324, 5325, 4385, 2212, 5154, 4555, 6818, 4774, 4205, 4917, 245, 7406, 2730, 1486, 3375, 2561, 3445, 5212, 5057, 628, 1914, 4494, 177, 65, 1587, 2459, 6826, 2360, 1459, 5219, 5615, 4250, 2611, 5597, 3484, 3856, 7196, 1255, 1454, 779, 6978, 3349, 5092, 1716, 6462, 4383, 4217, 1573, 435, 7637, 246, 446, 2310, 7206, 1527, 4881, 7121, 2288, 6252, 5503, 3854, 643, 986, 4940, 3267, 5284, 6920, 907, 5288, 2071, 1442, 2462, 1150, 3650, 2101, 64, 3770, 5664, 501, 3804, 1437, 1564, 5967, 4581, 5269, 7445, 3669, 4513, 3927, 3014, 5515, 1951, 7435, 2576, 1247, 1278, 627, 143, 6294, 987, 7075, 3862, 1656, 2294, 5217, 2474, 4105, 922, 2724, 1714, 4864, 5015, 3151, 142, 463, 4924, 1606, 1751, 3156, 3901, 3050, 39, 2613, 4239, 943, 1370, 1207, 89, 5850, 5762, 6419, 5087, 3082, 3714, 307, 196, 576, 3262, 3888, 853, 5534, 3417, 2831, 5124, 6814, 318, 5176, 4014, 4223, 728, 1706, 1506, 3757, 4969, 7145, 3715, 105, 2607, 4984, 6856, 5173, 1034, 3230, 5773, 77, 4428, 7240, 2190, 4096, 4091, 4510, 3580, 1948, 1710, 4906, 2395, 830, 3320, 6800, 1830, 166, 1905, 3416, 7790, 1183, 5319, 145, 1874, 6864, 3847, 3052, 2336, 1377, 2681, 1513, 388, 2333, 1373, 5296, 6417, 2255, 1720, 1297, 913, 4754, 2929, 3165, 4245, 2345, 3221, 2342, 641, 2364, 4127, 6686, 7635, 5169, 11, 4911, 2759, 5711, 3251, 5061, 5622, 4907, 4352, 20, 3754, 1620, 4190, 6512, 3234, 5549, 7071, 282, 2755, 1797, 2045, 5569, 2229, 4938, 2368, 121, 4392, 4154, 2726, 1822, 3902, 1162, 1237, 3285, 5536, 2266, 4086, 5780, 4280, 2086, 5034, 3806, 2401, 1654, 3265, 343, 4964, 4477, 5528, 3061, 2690, 6043, 4017, 4536, 2295, 5600, 3859, 2767, 4559, 6194, 2286, 1178, 3702, 4973, 116, 7170, 3573, 2706, 4363, 6571, 4687, 695, 4141, 4893, 6792, 5519, 5247, 2290, 4065, 5710, 5013, 2105, 4740, 5469, 373, 248, 3726, 460, 7352, 5429, 2296, 3231, 3413, 7001, 4036, 1554, 4278, 845, 6092, 289, 1648, 2192, 5205, 2197, 4058, 4411, 169, 2000, 3085, 579, 2020, 2937, 3217, 28, 4311, 7351, 4756, 4960, 254, 4343, 4117, 1847, 4407, 2918, 3201, 70, 134, 152, 5017, 2643, 681, 3453, 5248, 3102, 4565, 247, 924, 4826, 2272, 214, 552, 7675, 1772, 1511, 735, 2399, 677, 6077, 6714, 6403, 893, 522, 7125, 5998, 4, 2559, 1995, 3911, 1768, 6262, 2894, 1251, 374, 4213, 866, 3351, 5491, 4032, 6934, 2564, 2137, 2339, 1148, 6448, 686, 4015, 3462, 1886, 5036, 524, 496, 2685, 6941, 126, 4116, 5934, 4056, 4178, 537, 4063, 2622, 7802, 2714, 4397, 1558, 3538, 3891, 4316, 1159, 5099, 269, 1323, 7241, 3773, 4289, 186, 4062, 911, 969, 2825, 2803, 2737, 942, 5086, 6520, 5591, 3412, 5445, 3182, 1863, 112, 5375, 1757, 3124, 2514, 2667, 3713, 3428, 1253, 3651, 1228, 2409, 2149, 1403, 2095, 1520, 2359, 106, 1871, 937, 5481, 1379, 1011, 2544, 617, 3784, 4025, 4081, 6974, 2414, 985, 3577, 4201, 3314, 1971, 2774, 3421, 4365, 4858, 1394, 713, 1282, 637, 3464, 1774, 682, 5811, 6636, 5117, 2989, 3274, 923, 3699, 5060, 5852, 3361, 5152, 6248, 5789, 5571, 2500, 1651, 1550, 10, 1667, 415, 6977, 1126, 3692, 2636, 156, 1358, 1699, 1610, 2116, 2216, 645, 3271, 5093, 1472, 4859, 2684, 195, 3478, 816, 962, 2609, 2052, 4226, 6732, 705, 4865, 7662, 3939, 2763, 4971, 4047, 5105, 42, 2971, 1509, 1354, 3881, 5164, 2772, 2366, 1035, 7099, 3504, 2304, 6017, 7522, 2996, 6223, 3157, 2447, 3232, 1274, 3958, 1230, 6393, 5722, 1888, 1388, 6931, 3198, 2625, 2657, 3087, 7627, 4255, 4054, 2673, 572, 5260, 6585, 3625, 5321, 6012, 659, 7068, 2367, 3798, 2750, 1690, 3286, 3202, 1500, 550, 2933, 6127, 756, 1569, 4681, 115, 2388, 2361, 7056, 2234, 157, 337, 3885, 5309, 6109, 5331, 2013, 3667, 290, 3717, 3962, 3161, 2075, 1077, 995, 1163, 6849, 6150, 7237, 2629, 3259, 1082, 107, 708, 732, 1581, 6093, 5714, 3393, 5112, 2381, 2370, 6003, 1683, 1968, 2705, 1235, 1555, 6424, 2104, 6828, 5104, 900, 2254, 7216, 3152, 882, 3277, 812, 117, 1047, 6784, 3487, 153, 4931, 2277, 6123, 2110, 7696, 513, 3345, 769, 1260, 3499, 4242, 3076, 2744, 274, 2498, 4748, 2598, 7550, 1708, 1474, 36, 1002, 5581, 2433, 2199, 4386, 2733, 4183, 2264, 5094, 3660, 2719, 5849, 464, 4212, 959, 133, 3448, 437, 1333, 5995, 7378, 189, 4276, 5548, 5720, 3319, 2793, 4779, 2861, 104, 6943, 5739, 5293, 1750, 7283, 95, 1502, 7174, 5131, 7226, 1872, 6172, 4638, 2373, 2538, 6394, 1596, 4715, 2841, 856, 4267, 162, 332, 2928, 5952, 781, 2436, 2581, 2570, 4870, 6972, 1195, 4431, 2269, 2720, 1189, 6754, 3379, 2639, 797, 4665, 454, 2028, 885, 3596, 4606, 4330, 2096, 1844, 2434, 3913, 3308, 3212, 3215, 5146, 2569, 3865, 4556, 5750, 2582, 2387, 7295, 3311, 315, 7041, 2579, 5209, 3119, 3639, 4209, 5198, 5271, 2456, 4970, 4632, 2898, 3163, 2030, 5566, 2123, 94, 2348, 1061, 2781, 3723, 3730, 5275, 2227, 2794, 1210, 3171, 1029, 3501, 1139, 497, 4066, 1161, 935, 1433, 1813, 2932, 2106, 1414, 7628, 5098, 5368, 588, 4315, 4422, 3618, 2601, 5070, 2035, 1994, 2911, 560, 3645, 2502, 98, 60, 5291, 915, 5567, 5338, 6922, 5621, 1865, 5159, 1862, 5540, 4912, 5055, 5067, 5493, 1371, 170, 2656, 806, 4002, 4580, 128, 4612, 1281, 5649, 2150, 3477, 323, 906, 934, 487, 1234, 2992, 1697, 2349, 1204, 4442, 3459, 3868, 4042, 4602, 5580, 4852, 4354, 5882, 1413, 1223, 2120, 3405, 1188, 86, 3535, 2181, 211, 3686, 4691, 2329, 6085, 7178, 119, 834, 6670, 108, 4759, 4491, 2745])dict_keys([2342, 479, 4517, 876, 1760, 4530, 1523, 313, 3680, 1186, 923, 2563, 1339, 2075, 7272, 731, 5020, 458, 7130, 2418, 231, 1004, 3431, 2226, 3217, 5027, 4633, 7025, 3161, 475, 3426, 6418, 3999, 5430, 3716, 7415, 2623, 4280, 5691, 1075, 6741, 4742, 1819, 4070, 3818, 4054, 2712, 5183, 2656, 2777, 715, 3888, 1494, 4575, 4111, 1030, 3213, 574, 2829, 7323, 3933, 3990, 2239, 2459, 4660, 4093, 7669, 3569, 2742, 3459, 1155, 2445, 2215, 6167, 2037, 2247, 4509, 3558, 5364, 1804, 4276, 1652, 4873, 1806, 2123, 1959, 6140, 1226, 4107, 7004, 1417, 253, 3893, 5834, 2609, 517, 5071, 7006, 4783, 4852, 5797, 1734, 936, 1832, 2999, 1053, 2230, 6022, 5568, 2049, 4636, 5714, 4696, 5668, 2449, 1538, 156, 1790, 1772, 1958, 5285, 6621, 6187, 839, 6400, 6876, 853, 5254, 6909, 3836, 5717, 3690, 7311, 3713, 1356, 3639, 7308, 4392, 452, 1474, 502, 3199, 1101, 7159, 2017, 868, 614, 2741, 3201, 4784, 783, 4753, 4881, 4580, 1196, 648, 3267, 4637, 3903, 1985, 5530, 1668, 5366, 4750, 1214, 1945, 1717, 240, 2654, 5776, 1716, 4102, 3997, 3306, 5672, 792, 4125, 4623, 6040, 237, 4677, 4487, 4096, 2521, 4729, 565, 4320, 3447, 3881, 2959, 2156, 4397, 4067, 1234, 3922, 5218, 1713, 2749, 5074, 6669, 5727, 5584, 878, 2814, 3107, 4604, 1449, 5386, 2587, 1420, 6991, 4023, 380, 6602, 4122, 3323, 4781, 2232, 4359, 3577, 1724, 2072, 6128, 5103, 4538, 42, 8, 3797, 2532, 4935, 5054, 1888, 728, 3478, 5211, 3917, 3750, 5388, 3669, 2253, 29, 2282, 2234, 779, 4315, 2794, 4577, 238, 865, 4963, 461, 5133, 13, 6951, 7481, 2793, 2582, 2695, 6996, 3353, 7003, 5456, 1757, 3251, 3890, 3264, 3193, 4917, 2624, 4295, 5338, 5407, 157, 2729, 3546, 2769, 2259, 5836, 6974, 1948, 1167, 5152, 64, 3072, 7649, 1658, 5527, 3840, 3706, 2622, 3979, 4136, 4156, 38, 6570, 4827, 893, 773, 3233, 2212, 4922, 1574, 6173, 23, 3649, 4214, 938, 5148, 1011, 2785, 4920, 0, 255, 6819, 1076, 1747, 1471, 1308, 3537, 104, 4440, 2030, 1690, 905, 2525, 1207, 4417, 4688, 198, 1267, 2692, 5199, 4374, 5807, 2745, 942, 7243, 148, 2094, 563, 153, 5549, 5911, 376, 379, 53, 2879, 6894, 39, 6784, 6230, 5204, 2437, 4989, 6170, 295, 2310, 2349, 1160, 5453, 87, 1431, 4056, 5986, 4715, 977, 4898, 5335, 1407, 4198, 3366, 2985, 5500, 4277, 5079, 371, 5629, 5580, 6804, 2281, 110, 2781, 3518, 421, 4856, 4259, 1508, 2152, 2404, 5042, 17, 5459, 7267, 427, 6725, 7204, 7085, 1562, 3804, 4308, 1002, 7343, 2447, 1328, 7254, 6673, 4582, 339, 2463, 4344, 5179, 2309, 1259, 230, 5916, 4135, 5326, 3886, 3014, 3717, 7186, 4495, 3595, 1525, 2731, 4646, 5102, 2273, 4745, 6978, 3590, 5637, 348, 5168, 608, 6149, 454, 2678, 2978, 3159, 407, 1740, 1677, 3494, 84, 6907, 2287, 4208, 962, 3945, 5019, 1636, 178, 2354, 4284, 220, 5569, 4141, 72, 6886, 5151, 259, 2090, 141, 4946, 500, 1815, 5573, 1835, 2097, 6028, 5316, 7653, 25, 7168, 3766, 5056, 974, 2284, 5233, 263, 392, 1621, 68, 671, 1428, 5091, 1898, 5223, 4381, 6952, 2766, 397, 2763, 446, 1656, 683, 1230, 2270, 786, 2673, 1809, 5995, 6547, 2381, 7452, 4437, 2992, 249, 5169, 1682, 5311, 5164, 462, 4019, 2020, 2333, 50, 4027, 1476, 5451, 1390, 47, 4343, 2782, 4285, 276, 3632, 4050, 133, 1799, 3243, 4337, 5048, 2396, 1777, 3232, 5583, 1710, 2497, 5643, 6698, 6059, 6733, 1365, 1138, 4545, 604, 3994, 4740, 6973, 2579, 7371, 4878, 759, 5230, 4634, 2979, 6975, 3505, 3236, 2167, 7354, 4954, 957, 7291, 3147, 2205, 1322, 3698, 1503, 4939, 2650, 5145, 5899, 1104, 982, 5873, 293, 2598, 1674, 132, 2984, 4911, 964, 6814, 4931, 5258, 4655, 2168, 6927, 4722, 1185, 7151, 7014, 1552, 1312, 5652, 4360, 3837, 5495, 5787, 2535, 7001, 5628, 1500, 2944, 4267, 4865, 1629, 5734, 3628, 4040, 1872, 5116, 6633, 2107, 5645, 4484, 4995, 1732, 1811, 5, 6394, 4618, 3705, 1243, 3591, 3852, 2251, 1515, 2991, 2249, 3036, 3497, 3121, 2533, 2114, 903, 121, 5181, 1150, 1735, 94, 105, 4631, 7237, 968, 1403, 1391, 1657, 5315, 112, 4092, 5721, 3908, 2329, 7694, 2345, 360, 4430, 2235, 7448, 1366, 3507, 2800, 3582, 5576, 2362, 2836, 6794, 4934, 1492, 3923, 154, 3531, 128, 346, 2962, 3891, 4312, 3063, 4230, 7487, 5368, 5518, 721, 4819, 7087, 7178, 2181, 1984, 7053, 1182, 3728, 2564, 1438, 5111, 5021, 4536, 2996, 2825, 1239, 4083, 4648, 3445, 2356, 3514, 735, 4870, 1479, 6743, 5745, 3613, 2277, 312, 4619, 337, 2440, 273, 4402, 4777, 457, 3603, 478, 4763, 896, 1559, 3464, 4527, 1550, 1601, 2306, 2420, 544, 101, 6880, 2835, 6117, 4286, 1651, 825, 1795, 6256, 43, 166, 1074, 6282, 3948, 749, 2849, 1073, 6369, 7093, 2204, 5665, 1093, 1058, 3654, 3833, 4965, 880, 1445, 6126, 2970, 5621, 149, 5915, 6983, 385, 2401, 6738, 1396, 1499, 5170, 7023, 3655, 3795, 643, 5586, 6593, 413, 2025, 944, 5421, 753, 4468, 2747, 4679, 2724, 3967, 2681, 3530, 682, 124, 4257, 6010, 1419, 2293, 4754, 3721, 680, 4159, 2660, 7739, 4682, 1646, 561, 803, 1765, 4084, 6011, 1440, 1277, 2001, 3436, 4543, 7406, 2499, 3902, 4600, 587, 3503, 4442, 4470, 1880, 2679, 2439, 4220, 509, 3369, 3710, 6806, 3697, 3675, 3387, 3835, 2636, 7696, 6684, 5654, 1698, 2728, 1892, 4290, 4896, 879, 2160, 5061, 3608, 4234, 1654, 7652, 2134, 318, 3074, 704, 3869, 2174, 1871, 46, 1604, 1907, 4450, 5613, 7598, 115, 4026, 3073, 2726, 739, 3103, 1611, 3334, 4609, 1082, 5491, 1178, 3113, 275, 1522, 6868, 6944, 2916, 2602, 1171, 6851, 1986, 4539, 4075, 5859, 5190, 4848, 840, 1816, 292, 7194, 5058, 5592, 1344, 5630, 283, 1039, 4274, 1618, 3258, 3865, 605, 2436, 14, 4410, 7351, 2578, 3538, 106, 3349, 1368, 4751, 2690, 91, 7404, 3130, 316, 1261, 4229, 2572, 6914, 5486, 6543, 3202, 7056, 2730, 1434, 1602, 5045, 7307, 1680, 4614, 1661, 7084, 5188, 2610, 3268, 3956, 2266, 7012, 1193, 1805, 6680, 80, 2391, 3432, 5463, 296, 5212, 1281, 6754, 4574, 6747, 1013, 1707, 1904, 4057, 2352, 2042, 3280, 2516, 2554, 7410, 1564, 884, 4406, 4395, 1260, 3839, 5680, 1725, 7303, 3938, 7567, 3946, 2450, 516, 6042, 1507, 126, 1822, 3092, 1255, 4588, 2054, 6541, 6518, 2488, 2375, 6294, 2431, 5228, 3070, 3138, 2684, 426, 324, 2012, 7138, 2073, 3650, 118, 5130, 4765, 3255, 1478, 1279, 4211, 7582, 7553, 6931, 7338, 4535, 3214, 6514, 2939, 5833, 693, 7389, 3367, 1486, 332, 3729, 1748, 5408, 2641, 1994, 2308, 1702, 3683, 7306, 2888, 86, 1596, 713, 1606, 658, 294, 663, 3749, 2714, 3290, 2604, 3347, 3599, 7586, 2344, 3911, 3209, 2522, 4612, 6887, 2561, 2614, 2179, 7603, 5473, 2452, 2162, 4621, 4373, 1060, 5749, 5849, 6280, 1598, 4978, 3045, 103, 2296, 1168, 7592, 4924, 901, 143, 2106, 7105, 4283, 5678, 5540, 4249, 3892, 1998, 7050, 2096, 913, 1238, 2460, 1405, 6818, 107, 2694, 4304, 1461, 2199, 2031, 3748, 5467, 6209, 667, 6191, 2048, 584, 6722, 3879, 3012, 3828, 4743, 71, 5392, 958, 1348, 7188, 2905, 1617, 6372, 5372, 4739, 4394, 2819, 6419, 7164, 1558, 5476, 2462, 4569, 2534, 1349, 7424, 1578, 285, 5732, 4970, 1759, 2413, 5490, 6905, 774, 2113, 3262, 2675, 7040, 4085, 3731, 6056, 3924, 2067, 1553, 6970, 453, 1141, 4354, 5255, 3870, 7492, 3377, 526, 1087, 2100, 3326, 6246, 6837, 5194, 5934, 1996, 5220, 206, 2464, 1504, 5175, 3733, 3053, 6854, 172, 2812, 5205, 1042, 4555, 1708, 911, 6431, 6879, 4317, 934, 5673, 849, 5198, 193, 5710, 3790, 1081, 3345, 2912, 4533, 4491, 305, 4719, 3207, 93, 1995, 4876, 1655, 3428, 1254, 5038, 4151, 992, 1860, 2370, 2740, 1975, 2055, 1738, 4996, 1118, 190, 363, 703, 1903, 3685, 995, 6252, 6560, 4086, 323, 634, 4275, 5087, 4124, 2810, 4627, 4868, 5499, 1532, 2005, 311, 186, 2720, 5605, 1827, 4210, 3317, 2750, 907, 120, 653, 5931, 956, 2050, 2734, 142, 3401, 1989, 4188, 4691, 2214, 3320, 494, 593, 3486, 5559, 7231, 4316, 3314, 4551, 2653, 7248, 2469, 7790, 6833, 4311, 4707, 536, 4279, 5578, 4121, 2346, 4522, 5312, 3857, 5180, 41, 1610, 5117, 3310, 719, 6397, 6845, 1595, 1187, 7735, 3043, 5649, 210, 1027, 507, 5542, 4664, 4415, 3915, 3291, 5415, 841, 4015, 3719, 6989, 2859, 1910, 2575, 2568, 211, 2871, 98, 3764, 4724, 1768, 559, 3606, 3379, 2288, 1079, 4428, 848, 2177, 3309, 2061, 5429, 668, 1429, 914, 5077, 6123, 4171, 3422, 229, 2444, 3605, 552, 4553, 3153, 4262, 986, 975, 4001, 1343, 1034, 5644, 204, 1720, 2764, 60, 498, 7771, 2863, 4025, 588, 3699, 707, 2382, 4643, 993, 1960, 1380, 4457, 5299, 790, 6992, 7139, 6020, 5696, 4146, 3771, 5614, 1274, 1844, 3751, 3440, 3226, 335, 6519, 6697, 4680, 6084, 2611, 7238, 171, 2311, 3985, 2348, 439, 7103, 950, 114, 1206, 2753, 4101, 4928, 1481, 4265, 996, 4195, 6508, 5736, 2630, 2562, 1933, 75, 3341, 670, 5055, 6972, 1852, 4616, 1249, 2301, 192, 3702, 4559, 2036, 4029, 791, 2900, 3982, 3709, 1409, 662, 5674, 161, 5030, 5059, 6653, 3929, 3058, 4776, 5750, 2086, 2940, 3777, 2545, 3197, 1386, 7347, 3927, 2387, 2808, 1401, 654, 1686, 4, 2379, 7089, 4091, 732, 2331, 4398, 4045, 203, 3417, 812, 4733, 557, 3035, 7171, 844, 4902, 297, 5174, 6486, 6776, 2233, 5662, 2208, 3896, 2135, 1581, 1050, 2480, 2340, 2013, 2862, 7226, 3351, 932, 4153, 5556, 4866, 7278, 3082, 4916, 6932, 1014, 4357, 3047, 3219, 5684, 3635, 3754, 3762, 250, 4968, 7153, 1968, 5158, 5197, 5999, 2169, 1223, 28, 1097, 697, 5488, 1669, 1139, 3986, 2389, 5616, 6861, 1706, 1814, 4969, 49, 547, 2858, 3676, 7072, 7068, 6950, 4006, 73, 1462, 4766, 926, 2065, 5524, 1556, 641, 6893, 5121, 4328, 5171, 6953, 5318, 5307, 3604, 3446, 5550, 6399, 404, 3364, 7211, 5617, 4016, 6825, 576, 2980, 10, 4867, 2536, 1203, 162, 3150, 7505, 3607, 5225, 2089, 1176, 687, 3578, 5004, 1625, 5036, 4100, 5585, 1413, 2188, 4435, 695, 2659, 2388, 5134, 4352, 874, 7166, 6727, 3137, 3784, 1863, 3853, 3301, 5487, 1128, 3919, 3122, 1703, 885, 2705, 7075, 6734, 5052, 6019, 239, 3438, 3061, 7154, 4809, 5761, 6858, 4363, 6340, 4350, 4258, 6178, 787, 4254, 5107, 3143, 3688, 6376, 3855, 5847, 4137, 2648, 799, 2751, 1967, 681, 2471, 2666, 5024, 4362, 137, 7002, 2530, 5543, 1295, 4938, 3263, 3362, 3265, 5496, 59, 2640, 7627, 3054, 4376, 4479, 4735, 1198, 2248, 3155, 3318, 2776, 2047, 1934, 1541, 2395, 2141, 3805, 2519, 3776, 7539, 1836, 2573, 2109, 4330, 4864, 6585, 2815, 4713, 359, 1649, 7189, 6003, 1659, 2334])dict_keys([1835, 3083, 260, 2296, 4597, 690, 2553, 4487, 2883, 7307, 3979, 2288, 3607, 2365, 305, 2460, 670, 211, 2061, 3378, 1537, 4594, 1510, 5572, 1208, 6916, 2531, 4625, 246, 3670, 4765, 4952, 6366, 5407, 1471, 4754, 3849, 1887, 237, 273, 4255, 29, 3369, 4450, 5537, 4391, 7671, 407, 5682, 1566, 1314, 3841, 4585, 4453, 2773, 3651, 5133, 376, 1774, 4356, 1361, 1577, 6679, 3420, 1198, 2255, 4258, 1479, 7024, 3293, 202, 3259, 2123, 540, 72, 2299, 2916, 7094, 1562, 4533, 2581, 6773, 2519, 2895, 1229, 6968, 5453, 2282, 6142, 6992, 5265, 4407, 1499, 1185, 4480, 2821, 6251, 1704, 2110, 4621, 1478, 5266, 2074, 486, 4343, 2266, 2778, 85, 132, 4073, 2732, 5522, 637, 769, 844, 2011, 1138, 5523, 903, 2772, 6919, 2144, 584, 1004, 5468, 3645, 958, 2571, 758, 4360, 6941, 5742, 7153, 3797, 3873, 3354, 5494, 3160, 5132, 3902, 21, 1243, 3988, 2487, 4024, 6804, 4418, 3709, 7002, 39, 5451, 1920, 4166, 3985, 3484, 2559, 2921, 1191, 1885, 3999, 3045, 994, 5046, 288, 4836, 3050, 2358, 3121, 5411, 1517, 4713, 162, 1764, 3309, 1010, 1265, 5010, 1253, 4915, 2908, 457, 5005, 969, 5590, 473, 249, 4629, 6879, 3802, 1413, 5496, 4777, 4026, 1852, 2643, 2041, 4929, 641, 3977, 1282, 427, 4394, 1156, 3100, 5667, 4719, 2014, 5583, 2160, 7033, 4671, 2712, 2425, 3775, 6914, 5487, 7128, 2065, 5832, 1000, 6621, 2444, 2042, 6972, 4347, 7202, 3594, 102, 71, 4263, 4001, 7093, 4855, 7087, 5968, 989, 4912, 3191, 3178, 5009, 3686, 2151, 4346, 513, 5528, 1683, 2527, 133, 1060, 2508, 1990, 110, 3326, 1590, 1932, 4666, 6281, 4326, 1771, 7789, 5230, 3722, 7324, 2171, 3197, 1858, 4906, 1126, 5527, 4988, 4125, 4050, 4475, 2302, 4500, 6901, 2326, 313, 2864, 6570, 1322, 2389, 1405, 7485, 3161, 3749, 7245, 1555, 183, 1167, 1889, 5253, 2115, 4219, 5661, 1751, 1659, 4441, 2388, 7479, 13, 4244, 3913, 6674, 1663, 347, 1441, 2270, 1947, 1087, 4931, 3064, 1666, 5591, 5212, 7135, 3947, 1489, 2310, 3720, 5195, 2411, 2228, 3718, 4917, 5103, 1070, 2886, 2802, 5059, 3505, 1121, 2703, 2010, 4279, 1972, 5107, 564, 6812, 2024, 5315, 2427, 2063, 5233, 4647, 4681, 893, 3529, 3772, 1724, 6976, 5999, 1390, 173, 2086, 2637, 4644, 816, 4569, 3199, 3754, 2655, 992, 2747, 2535, 2631, 3418, 371, 7333, 414, 4033, 4612, 1428, 2541, 987, 634, 534, 3426, 6212, 5057, 5614, 779, 6452, 5398, 1488, 119, 2673, 5007, 348, 4149, 1654, 5657, 4223, 2775, 5184, 4826, 1578, 1826, 929, 1978, 5244, 109, 5012, 3671, 6282, 3731, 1931, 1207, 1168, 874, 2225, 2297, 1474, 429, 4526, 1625, 663, 1397, 835, 3532, 5726, 5924, 2450, 1568, 6803, 5168, 2233, 5065, 4208, 2382, 2215, 4738, 1519, 5473, 1987, 1945, 1374, 423, 751, 6784, 6827, 2072, 7530, 3714, 3680, 4116, 7054, 3843, 790, 4469, 4606, 3155, 33, 1475, 2835, 1992, 3762, 369, 1528, 4530, 2222, 4331, 3097, 2558, 6975, 1762, 4369, 3233, 7014, 3639, 4029, 4551, 2361, 2625, 2494, 4105, 5217, 3666, 3832, 5818, 2191, 53, 459, 3869, 2681, 5392, 3840, 6775, 3741, 3667, 1749, 7455, 4874, 2593, 2652, 5006, 4491, 1018, 2598, 2711, 5618, 2218, 4938, 387, 4506, 66, 1772, 139, 6244, 4468, 2808, 4732, 522, 1244, 5852, 775, 935, 2617, 2359, 2230, 6933, 3214, 5594, 6456, 2763, 1605, 2674, 3859, 3806, 5879, 4631, 2576, 5198, 1114, 282, 2756, 5807, 5472, 2048, 1154, 4190, 7512, 6781, 7013, 6501, 2898, 2202, 694, 6131, 4517, 5585, 5251, 3794, 3255, 4412, 5659, 3104, 4425, 2856, 1383, 2137, 3074, 2203, 6834, 3858, 4042, 3344, 7225, 6610, 5307, 1192, 3376, 2838, 1446, 507, 5064, 3419, 1799, 6489, 851, 4427, 3399, 1810, 2997, 5193, 5269, 6565, 5684, 4723, 463, 4707, 2556, 2749, 604, 1484, 7311, 1259, 134, 118, 451, 3, 7381, 557, 1651, 3446, 4411, 1778, 4004, 4160, 5248, 94, 4971, 1981, 3400, 2753, 2211, 4163, 4204, 4975, 3885, 7027, 5481, 3410, 4959, 3710, 2651, 6907, 244, 2199, 2447, 4158, 4007, 3738, 2442, 1508, 2286, 4714, 533, 4365, 4159, 2754, 1437, 4934, 6931, 3822, 4928, 3764, 1640, 2831, 6230, 2685, 1068, 776, 6894, 2106, 2731, 5856, 4096, 4973, 630, 217, 452, 4899, 6915, 1379, 3854, 6996, 3210, 4456, 3590, 2696, 5500, 1504, 695, 1617, 454, 6613, 6423, 1525, 6963, 410, 3507, 6424, 5036, 2689, 519, 2325, 5577, 1230, 3008, 108, 3127, 5558, 6796, 1935, 6877, 1403, 884, 1780, 2354, 503, 1380, 4349, 3752, 3352, 5892, 2499, 4477, 5390, 2021, 901, 227, 3175, 3904, 3836, 3421, 7181, 1741, 4516, 890, 4911, 154, 1082, 4307, 5063, 193, 3111, 1685, 1691, 1433, 489, 1506, 1347, 3826, 716, 2290, 37, 1384, 6393, 263, 1807, 2757, 4524, 8, 7342, 2094, 1665, 5106, 915, 7083, 5693, 658, 3694, 2004, 472, 3379, 2055, 2587, 7206, 1658, 4370, 7025, 5648, 704, 7303, 1240, 4614, 2515, 7230, 4332, 1878, 2676, 1732, 5171, 69, 1011, 3257, 2163, 7247, 3456, 3129, 2563, 737, 1365, 4499, 841, 3703, 2498, 597, 3683, 1722, 877, 1024, 6487, 3499, 420, 1809, 806, 5644, 5418, 1346, 359, 5041, 2699, 3688, 2039, 1498, 2227, 4636, 1077, 5021, 6092, 95, 4386, 5581, 1877, 3856, 714, 1304, 4715, 7434, 7258, 1454, 4867, 894, 2182, 471, 2093, 5174, 4948, 1798, 5014, 3416, 4039, 5539, 1671, 5100, 1247, 2079, 3572, 2277, 1266, 2803, 6844, 3582, 123, 3463, 1997, 7227, 1143, 4515, 120, 859, 6517, 4547, 5526, 2385, 1223, 4968, 5720, 4000, 5885, 2594, 2875, 5017, 6952, 2606, 5921, 6262, 7415, 2702, 1814, 4140, 1872, 1344, 107, 1710, 3466, 2477, 6481, 2075, 2479, 4324, 1554, 3976, 960, 5503, 1910, 918, 4082, 3813, 1769, 5619, 4511, 2543, 378, 4890, 4538, 2275, 1039, 3156, 673, 28, 5525, 2848, 3593, 4316, 5624, 2168, 440, 6376, 2045, 3995, 4377, 3987, 882, 3730, 1468, 432, 315, 2656, 6792, 3110, 7147, 2300, 1203, 840, 1595, 7189, 3696, 6365, 1974, 5589, 2336, 5367, 7168, 121, 5431, 177, 5724, 7041, 5254, 336, 2650, 5495, 5912, 7050, 4724, 65, 3633, 2273, 5578, 5848, 2480, 18, 3798, 3489, 3368, 4985, 4022, 3364, 3989, 2893, 4376, 762, 1688, 3883, 2372, 2030, 1638, 2592, 125, 5609, 1235, 1675, 161, 1284, 2367, 4280, 922, 916, 2604, 4830, 5255, 2214, 4519, 5317, 3216, 2659, 5271, 1339, 4117, 3838, 7432, 3742, 6078, 4099, 943, 4277, 3605, 2752, 6826, 4389, 5094, 5584, 4949, 2303, 2332, 274, 2474, 5906, 3833, 1967, 64, 2937, 2657, 5429, 645, 1161, 4017, 2071, 1046, 3356, 3650, 4626, 6585, 7291, 4760, 1251, 3816, 4742, 1160, 3795, 4718, 5551, 4220, 2985, 541, 3112, 3501, 3347, 5501, 2198, 4548, 3927, 1523, 7191, 5696, 3107, 311, 252, 2851, 697, 2334, 3597, 3164, 3474, 1541, 3954, 4586, 7171, 4550, 6578, 62, 3441, 627, 5225, 7343, 1289, 7239, 4619, 2704, 550, 5043, 2845, 1701, 5480, 189, 4122, 713, 6201, 791, 1586, 5603, 5074, 289, 4680, 3328, 505, 179, 5152, 1486, 2190, 1719, 778, 3279, 4217, 2936, 3725, 1056, 3818, 2512, 6956, 7071, 5715, 5830, 2932, 5354, 45, 136, 1690, 7143, 2224, 4437, 2246, 3910, 4207, 1886, 1882, 5622, 3162, 4537, 2642, 2870, 4923, 4067, 2152, 2269, 6126, 563, 2784, 1844, 2431, 331, 1391, 6770, 5587, 7256, 4384, 4613, 875, 1693, 3310, 6123, 4693, 7389, 7248, 5186, 896, 6514, 2947, 6714, 2630, 5611, 4806, 4755, 26, 1760, 5536, 3949, 4053, 233, 2210, 4189, 7164, 5378, 497, 138, 659, 986, 3373, 5136, 2627, 5061, 2341, 4037, 1560, 788, 3051, 1929, 3240, 2771, 4327, 4198, 2195, 6978, 653, 6634, 153, 5450, 4983, 5540, 229, 4431, 698, 4264, 510, 5753, 4228, 5448, 3171, 7310, 6403, 5325, 5337, 4863, 1612, 830, 1615, 4298, 6194, 2239, 6635, 833, 1148, 2826, 3283, 2036, 4670, 5291, 5053, 3827, 1791, 4828, 3847, 2486, 4362, 995, 3195, 2054, 2591, 3758, 3367, 831, 2229, 42, 3656, 1959, 3664, 3652, 1607, 206, 506, 2794, 2473, 5197, 2912, 2532, 1467, 966, 6471, 7201, 4091, 3232, 2352, 6854, 648, 76, 978, 1939, 7169, 4580, 167, 4392, 633, 3944, 2621, 1520, 1066, 3273, 54, 5711, 3853, 582, 4660, 5085, 3810, 4510, 1543, 1563, 2727, 565, 3626, 6258, 885, 7068, 2654, 4927, 5516, 6653, 3729, 732, 4841, 3435, 7409, 4846, 3739, 5569, 4211, 2276, 4373, 4141, 1256, 4599, 5301, 3784, 5114, 4534, 3464, 3577, 2318, 3924, 2759, 7635, 4977, 272, 6898, 3180, 3804, 3970, 5175, 7076, 4121, 2550, 2256, 4281, 5199, 4435, 4768, 3759, 1088, 1444, 1949, 1636, 3236, 4648, 2981, 5388, 5665, 3189, 4304, 1074, 3380, 2911, 5488, 4436, 4115, 1081, 5167, 5586, 4442, 4902, 3343, 1058, 3943, 3953, 5176, 2489, 983, 4267, 2470, 344, 7154, 4844, 4982, 5110, 5738, 3192, 6940, 100, 1855, 1420, 938, 4780, 106, 3702, 7096, 7040, 151, 3477, 191, 3315, 793, 460, 3222, 254, 2423, 3737, 4079, 739, 3223, 6880, 3848, 7302, 2923, 2083, 5901, 2304, 2483, 5813, 1960, 3172, 1450, 1624, 5126, 2329, 1461, 2750, 2734, 7200, 807, 4994, 5092, 3271, 2016, 964, 1509, 2865, 3531, 2597, 1550, 2666, 7462, 797, 176, 4008, 5568, 1610, 5750, 4315, 2551, 1490, 3361, 61, 6438, 7034, 879, 1903, 1699, 7323, 1012, 1287, 4954, 1862, 356, 5512, 2025, 990, 1553, 2748, 5019, 6741, 1330, 1252, 5286, 2786, 6217, 5498, 5840, 7166, 4892, 89, 4221, 137, 4265, 5181, 2347, 1456, 1540, 7375, 7183, 2169, 5613, 4232, 1951, 1602, 1414, 5219, 5871, 586, 5004, 6861, 7000, 1250, 421, 4615, 4048, 5543, 6496, 5270, 6091, 6167, 3695, 4106, 1041, 250, 5434, 4735, 4559, 240, 2357, 2281, 2807, 3285, 1407, 1038, 1897, 6256, 6831, 105, 4726, 3407, 5662, 5044, 2653, 3839, 2380, 1620, 3881, 5612, 5052, 848, 4406, 4905, 456, 3345, 1948, 4388, 579, 4748, 2564, 3603, 4686, 494, 3766, 4623, 1332, 2697, 5621, 7541, 900, 3715, 437, 4563, 232, 3067, 5680, 5552, 4729, 3609, 1926, 1993, 2173, 6572, 4311, 239, 1703, 1005, 3895, 6283, 5486, 1880, 1536, 384, 786, 5288, 144, 1459, 2309, 3234, 251, 2536, 3900, 783, 7, 2443, 7684, 6508, 2897, 2226, 3151, 5311, 585, 294, 5633, 5226, 3167, 16, 3228, 2783, 6164, 5190, 4946, 7212, 2998, 4926, 3598, 2777, 7170, 2733, 397, 6977, 2962, 3634, 7297, 2706, 2454, 101, 1260, 2789, 7100, 1591, 6375, 1078, 166, 5541, 4248, 4032, 6849, 1113, 575, 685, 7199, 2859, 453, 7173, 717, 4245, 2448, 2522, 4375, 145, 5047, 921, 4535, 6732, 7556, 2096, 4312, 5755, 1209, 5741, 5201, 1141, 6997, 1089, 6293, 2601, 4145, 1274, 1425, 4655, 187, 1621, 4980, 6885, 2701, 5318, 4691, 6802, 4981, 5532, 3075, 6725, 3278, 7496, 2530, 7074, 6239, 1412, 481, 4128])dict_keys([3580, 1279, 4066, 2604, 5450, 5018, 171, 6501, 7544, 7001, 1037, 5169, 3192, 1817, 4395, 4572, 5518, 960, 1039, 4362, 5091, 3973, 89, 2037, 2153, 4736, 4744, 4159, 2597, 2321, 2788, 124, 7589, 136, 5693, 2521, 3315, 2743, 332, 2086, 5020, 533, 4189, 3164, 4280, 1258, 1807, 5125, 2650, 489, 4391, 1214, 7031, 2763, 243, 4570, 1604, 402, 1930, 3310, 4033, 3306, 1606, 3014, 1, 189, 5836, 6115, 1527, 5131, 3757, 289, 2497, 2124, 420, 644, 4484, 5743, 2656, 6813, 1552, 101, 2677, 413, 5177, 2335, 5629, 177, 3085, 1658, 5678, 3941, 6510, 1432, 2160, 2649, 5127, 1830, 4411, 1620, 872, 6966, 7015, 4764, 4410, 3063, 1542, 2136, 882, 1621, 5021, 924, 1595, 719, 36, 3450, 4325, 1874, 3923, 4718, 130, 2123, 3351, 1431, 4428, 67, 5566, 1948, 275, 7139, 4102, 1194, 6191, 2579, 4377, 3110, 3072, 1700, 3396, 2596, 4691, 7333, 7029, 4785, 1816, 1710, 1280, 5190, 5611, 2054, 1478, 1695, 2422, 2803, 2815, 3658, 6147, 4453, 4446, 1250, 1732, 6928, 292, 4251, 7194, 4594, 3713, 5621, 2325, 1489, 1514, 2486, 1810, 2421, 2943, 2384, 3489, 3888, 6854, 1264, 498, 819, 1308, 1056, 2782, 614, 1233, 1430, 574, 5067, 830, 273, 2474, 4128, 3439, 4063, 6223, 3514, 1675, 2245, 4281, 2687, 98, 5038, 4574, 1198, 2997, 4995, 7287, 5502, 4394, 1792, 2778, 2407, 2657, 1585, 4944, 2011, 2755, 2863, 7371, 3730, 3942, 454, 3223, 2476, 3958, 75, 2655, 7351, 2288, 7254, 4012, 4926, 2779, 3477, 3695, 4871, 7169, 5193, 1758, 3269, 4814, 1260, 607, 2345, 2884, 3143, 934, 4275, 2732, 3534, 6963, 5255, 2488, 824, 6508, 2702, 2652, 6640, 6727, 700, 7142, 3894, 5223, 2665, 2358, 6874, 449, 2571, 2668, 464, 5112, 3667, 6913, 4124, 148, 1954, 7628, 1145, 3605, 1809, 3284, 242, 6817, 3122, 5260, 4398, 453, 348, 5999, 7652, 4865, 5632, 2413, 2016, 5479, 2653, 2339, 7496, 5329, 4389, 2190, 6126, 3259, 2962, 2285, 4897, 660, 6831, 2093, 4550, 3944, 1689, 648, 3418, 4423, 6293, 2806, 7284, 481, 5316, 5003, 5600, 2742, 4554, 2698, 4762, 5056, 3144, 854, 2630, 1737, 3624, 446, 1383, 4557, 1504, 6819, 5488, 914, 2431, 2017, 3858, 7455, 791, 2399, 3182, 5587, 2331, 991, 2002, 3235, 693, 4676, 1325, 1790, 4552, 2193, 3438, 787, 3714, 2816, 209, 3579, 933, 2826, 950, 2356, 4874, 116, 1704, 4735, 1814, 4269, 298, 4462, 4649, 1605, 5424, 119, 2744, 378, 2270, 6476, 4234, 4567, 2557, 5068, 739, 943, 1457, 5035, 3933, 2072, 4512, 6767, 9, 1380, 3330, 1476, 1196, 5487, 1926, 638, 1176, 284, 6209, 261, 7410, 4158, 2105, 3186, 318, 406, 272, 584, 4390, 5476, 1000, 326, 2587, 5665, 2201, 3698, 587, 433, 6815, 3229, 4667, 3919, 4674, 4182, 2897, 4565, 3997, 4696, 6792, 4238, 5494, 4825, 4380, 6887, 253, 7011, 7153, 5520, 955, 5561, 1608, 1462, 5898, 1555, 6403, 195, 6976, 863, 3645, 166, 4577, 1474, 5033, 6123, 2053, 4256, 5590, 3015, 3917, 4000, 5618, 2084, 7171, 4201, 2226, 3816, 4646, 6974, 4146, 4250, 1993, 7026, 5057, 5638, 2354, 2576, 3377, 4516, 6614, 1155, 2617, 1242, 4522, 4910, 1536, 2689, 2686, 3674, 1763, 2638, 1473, 4273, 2610, 5189, 4458, 1994, 5098, 1420, 4464, 5117, 6934, 2372, 5513, 2076, 7586, 5571, 2533, 3280, 2395, 2714, 887, 3830, 2489, 6400, 2111, 3903, 4582, 5463, 4157, 49, 3249, 5745, 2181, 6726, 3141, 396, 6496, 373, 2747, 6565, 4558, 4351, 3865, 4637, 4971, 7300, 5592, 1139, 2019, 4125, 2767, 4978, 5182, 2538, 207, 1227, 3896, 2673, 2051, 4226, 2301, 7188, 7312, 26, 1104, 1576, 4559, 2368, 2490, 4752, 1365, 4480, 5390, 1679, 1522, 2455, 1525, 1561, 4434, 3803, 5105, 3668, 1963, 1193, 4444, 2374, 1996, 724, 4318, 5576, 1372, 1557, 1696, 5514, 4008, 5290, 5464, 276, 3096, 5059, 1956, 1274, 4316, 477, 5307, 5, 5498, 927, 1924, 5220, 4661, 5102, 1283, 230, 964, 397, 17, 868, 2843, 107, 6633, 3276, 4179, 5957, 2917, 5584, 1883, 3308, 2480, 6899, 866, 5157, 6395, 4436, 5753, 4877, 1134, 575, 3168, 6547, 1726, 3156, 3699, 5840, 76, 2752, 5066, 633, 5296, 534, 2338, 4652, 4204, 1450, 2433, 667, 81, 3690, 5265, 1087, 619, 2008, 2276, 642, 3625, 2010, 4097, 7726, 835, 3463, 3826, 4288, 4914, 1836, 2647, 2830, 5863, 3792, 3215, 3379, 896, 1797, 2683, 6773, 220, 5292, 1800, 4949, 7415, 1642, 2559, 785, 5053, 2209, 4965, 4137, 2573, 5870, 1937, 2166, 1251, 2684, 161, 1205, 7635, 4145, 3381, 4876, 4931, 4134, 2230, 3041, 516, 1168, 3819, 837, 3443, 3423, 5545, 4036, 6481, 500, 257, 2359, 50, 6904, 3525, 7757, 1185, 3596, 2546, 6725, 4412, 7166, 4402, 3643, 72, 1509, 6951, 2667, 4100, 5519, 5378, 3631, 3956, 3531, 860, 2127, 5137, 1750, 5429, 2052, 2483, 783, 1147, 5849, 7003, 770, 7583, 5465, 7239, 1934, 2055, 113, 2910, 143, 2163, 1407, 578, 7302, 271, 2174, 2437, 3994, 4052, 2151, 631, 2392, 6163, 3408, 4851, 1230, 110, 5763, 624, 3054, 2049, 3705, 63, 7017, 1708, 5637, 3603, 2859, 1293, 1203, 2109, 159, 2637, 5024, 3709, 1326, 2306, 531, 2210, 3801, 5568, 3802, 1353, 5459, 4372, 3850, 471, 6630, 5544, 331, 5575, 7235, 1955, 1497, 5234, 929, 2981, 4286, 5473, 1243, 2334, 6356, 782, 825, 343, 7158, 5581, 3058, 1563, 4672, 4089, 2036, 1701, 2024, 7005, 4604, 3837, 5525, 2711, 2754, 900, 5595, 2682, 1051, 6194, 1897, 5674, 1560, 4078, 1451, 5049, 5244, 2696, 6578, 39, 4681, 4534, 4609, 996, 345, 1765, 5613, 1962, 7733, 4301, 4551, 3590, 2373, 6022, 737, 3829, 4664, 3070, 1405, 1167, 2537, 5232, 6880, 1020, 388, 1759, 1854, 6518, 3238, 2707, 6952, 6273, 1276, 2541, 4820, 1304, 505, 3077, 3430, 4974, 28, 3421, 680, 6663, 2651, 4855, 2462, 1716, 5552, 2300, 2468, 2805, 3436, 2269, 647, 3170, 4406, 891, 1362, 1686, 1171, 4210, 3689, 387, 4859, 342, 602, 2498, 5168, 987, 5467, 1745, 6679, 961, 4282, 4703, 1008, 3696, 2282, 4006, 5311, 7144, 2302, 5309, 3765, 4541, 2544, 4542, 986, 6399, 135, 2268, 6933, 2228, 7069, 2527, 4265, 4716, 6701, 7056, 5124, 7120, 3326, 1494, 3400, 7487, 1425, 1175, 3915, 5060, 4670, 793, 2724, 14, 4295, 469, 1158, 3884, 5225, 1074, 2414, 1435, 3990, 7681, 5138, 336, 4780, 5203, 1670, 5295, 5047, 2243, 24, 1192, 4535, 5749, 5558, 5319, 893, 772, 6241, 2026, 1285, 6844, 1228, 604, 6268, 3473, 5682, 2472, 823, 2802, 5272, 3988, 215, 5750, 1747, 5475, 197, 4001, 4170, 1046, 7104, 3753, 3882, 210, 973, 3868, 5391, 7291, 97, 4221, 4092, 876, 2607, 2310, 3751, 2465, 4451, 3971, 3212, 324, 213, 2615, 2239, 288, 21, 1011, 7237, 1475, 1282, 1960, 6084, 5460, 4349, 7477, 5108, 3889, 1128, 2429, 2945, 1949, 4994, 5054, 6339, 2418, 6212, 5392, 2522, 211, 1204, 4608, 5181, 1031, 4276, 2658, 5087, 6686, 5394, 1939, 6396, 3162, 99, 2751, 3654, 2511, 5562, 3854, 181, 2164, 2858, 3336, 1249, 6568, 5188, 7387, 2198, 6836, 6222, 1598, 1012, 5192, 3754, 2360, 4839, 1666, 7352, 1291, 2583, 2405, 1411, 5658, 4756, 4264, 376, 2841, 2697, 6885, 5170, 769, 6894, 2561, 703, 351, 1521, 118, 2972, 6599, 4951, 5666, 5516, 5608, 4826, 5074, 2196, 5873, 3950, 1618, 3214, 4879, 4775, 3073, 5585, 4285, 7447, 3577, 1506, 2564, 7206, 5554, 2112, 4430, 1409, 6170, 6730, 1694, 1202, 2857, 2096, 552, 7238, 5732, 1594, 3282, 1562, 5114, 4602, 4367, 3790, 4271, 3979, 1501, 879, 1133, 1681, 2067, 7074, 885, 6636, 5357, 5650, 85, 3834, 4262, 5832, 4031, 5644, 7202, 1625, 2039, 6864, 4939, 2090, 2167, 3061, 2995, 6091, 4363, 2364, 4848, 908, 2314, 2523, 2001, 1568, 7389, 3538, 4082, 3171, 7012, 4122, 315, 294, 3305, 4843, 5609, 5096, 7307, 4419, 7160, 5268, 3402, 4494, 4929, 2970, 970, 1211, 1908, 942, 6716, 4455, 2565, 836, 244, 2223, 4022, 3841, 1581, 5875, 5680, 4191, 5959, 3729, 246, 2568, 6734, 2007, 1987, 3938, 5449, 4426, 3100, 6610, 865, 6856, 1533, 1901, 5233, 5090, 4640, 4631, 2731, 3194, 1629, 5761, 940, 2828, 4941, 1006, 82, 958, 746, 792, 5856, 5821, 3055, 283, 383, 6377, 725, 6667, 2212, 5559, 2831, 2749, 4982, 54, 1503, 4693, 2263, 999, 1428, 4980, 4902, 4155, 7090, 58, 1240, 3897, 1972, 6931, 2722, 1929, 4045, 7509, 6982, 2099, 5852, 4058, 5697, 3283, 7578, 4998, 3996, 7164, 4724, 582, 7004, 4973, 3706, 134, 4686, 5194, 2075, 7559, 153, 4485, 3079, 4648, 5574, 789, 2911, 3719, 1141, 6248, 7083, 1257, 6217, 7278, 3199, 2796, 1717, 3459, 2814, 3652, 1794, 5107, 1270, 2330, 2247, 1482, 1771, 3494, 3650, 3797, 3277, 78, 3312, 1453, 5078, 4053, 2708, 941, 7675, 2552, 3137, 5388, 2060, 42, 2620, 1715, 1267, 1778, 4016, 4938, 216, 2563, 3977, 1889, 5452, 4283, 3853, 4656, 263, 4757, 695, 2808, 2199, 1368, 5846, 7227, 1968, 4632, 2785, 5687, 2986, 3274, 5694, 3447, 3271, 4364, 6906, 4566, 6251, 4904, 3126, 3255, 4385, 1917, 5719, 302, 829, 627, 3505, 3856, 2144, 5285, 4307, 3364, 5490, 3646, 374, 2013, 1738, 5321, 1016, 104, 4379, 2654, 2027, 2332, 4763, 7025, 716, 1484, 3228, 2062, 111, 3770, 4866, 5009, 1201, 3008, 2508, 5627, 478, 3285, 133, 6825, 1796, 3317, 458, 2566, 7209, 6487, 3266, 4161, 3004, 1624, 5147, 2179, 4766, 6164, 5635, 1980, 3239, 2207, 1113, 4030, 2991, 306, 2464, 363, 1174, 6983, 2679, 422, 2916, 1801, 2543, 2660, 888, 1534, 917, 2499, 121, 46, 3167, 7444, 2923, 3435, 1559, 3290, 212, 4647, 3226, 4360, 5301, 2871, 6603, 7292, 5200, 2290, 45, 4585, 4466, 5073, 653, 3679, 1863, 7796, 347, 1040, 278, 1545, 3774, 906, 995, 1959, 2280, 4106, 4509, 2888, 6909, 844, 7761, 3900, 6422, 5269, 7226, 2388, 4618, 7696, 3939, 447, 5130, 5541, 93, 4511, 3881, 2404, 4274, 2513, 5530, 2589, 3986, 5270, 2545, 2456, 65, 5072, 514, 4388, 4475, 5756, 1829, 1043, 6320, 4729, 1912, 905, 3671, 1762, 94, 3637, 2777, 4225, 2505, 3210, 3659, 467, 1735, 1886, 1131, 4643, 4580, 2295, 4748, 3432, 5146, 2770, 4870, 252, 1799, 1529, 1969, 749, 7128, 1741, 2603, 2586, 3885, 3250, 1602, 2095, 3537, 1685, 5100, 3188, 7412, 1161, 5622, 504, 563, 5063, 141, 6749, 5624, 4495, 1077, 5368, 2286, 4991, 4043, 3466, 2605, 1237, 1776, 6940, 6915, 2206, 3278, 127, 4490, 6818, 2904, 5344, 1720, 1433, 5536, 3099, 5064, 5248, 1402, 4369, 4374, 6283, 3064, 1513, 7137, 2261, 1072, 7178, 2471, 4846, 86, 2531, 3411, 296, 2645, 3240, 2740, 4188, 3378, 1115, 3842])dict_keys([120, 3716, 2568, 1201, 757, 4362, 1446, 2472, 5096, 2348, 5621, 3447, 1395, 1794, 603, 4211, 2481, 226, 7235, 215, 2730, 4183, 3375, 3967, 1227, 392, 3995, 2551, 2436, 2095, 2039, 1998, 4079, 1002, 2129, 1620, 5074, 308, 5968, 2273, 2176, 5097, 4145, 127, 2737, 144, 189, 155, 2762, 868, 3836, 1930, 3418, 2512, 4484, 1095, 133, 1101, 7225, 7002, 6510, 2918, 2316, 3318, 1475, 3388, 4540, 1181, 6076, 973, 5574, 6255, 4193, 1241, 3449, 763, 4765, 2941, 1013, 4517, 418, 6717, 2435, 4491, 3572, 2605, 5892, 3170, 6975, 4286, 3594, 6864, 4681, 4774, 2683, 2234, 2582, 7202, 6867, 1484, 1594, 605, 7083, 4477, 626, 2360, 3189, 2473, 2517, 1503, 2333, 879, 3155, 1235, 2499, 1212, 1493, 1031, 3944, 5594, 40, 756, 1422, 4860, 7071, 3699, 1748, 5058, 6670, 3618, 3473, 6698, 262, 3686, 2747, 1416, 346, 3406, 3822, 4384, 857, 2592, 400, 4565, 4140, 2578, 1720, 4217, 5550, 4512, 4606, 3880, 5846, 4398, 4960, 2866, 1383, 4907, 790, 5031, 1480, 2744, 2544, 1332, 5615, 740, 505, 4158, 2145, 4230, 3218, 2826, 2642, 890, 3197, 3516, 1648, 2029, 7610, 2749, 2572, 1733, 5217, 3667, 4738, 6527, 1636, 670, 7066, 3894, 3892, 110, 991, 919, 2535, 1286, 5307, 2851, 4933, 1606, 4389, 3070, 5263, 5061, 943, 7204, 4229, 347, 6608, 1797, 1815, 248, 7155, 4876, 3775, 4966, 1618, 2860, 2182, 2640, 931, 5536, 2204, 1358, 3985, 1777, 7003, 1707, 1809, 2269, 1858, 662, 3412, 688, 4204, 705, 2151, 902, 3599, 2406, 1693, 2465, 3273, 5546, 3092, 5431, 187, 2559, 6776, 7241, 6454, 5272, 622, 5660, 6976, 2230, 5326, 1517, 6834, 2239, 161, 3538, 961, 1315, 1562, 3939, 1721, 3290, 6476, 1276, 6992, 4434, 6883, 6820, 3819, 2347, 4864, 1756, 4676, 562, 5023, 2134, 1507, 4742, 6741, 729, 6671, 5320, 3751, 3012, 3497, 3462, 2909, 2704, 2883, 2354, 276, 1355, 3015, 4239, 1685, 1088, 3653, 5849, 1363, 4003, 7182, 1109, 5052, 4716, 2004, 6713, 3279, 258, 4713, 3489, 2897, 5573, 1668, 873, 4615, 2531, 7196, 2, 512, 1963, 3682, 446, 16, 6514, 2752, 4128, 624, 253, 7761, 6193, 6620, 888, 1587, 4325, 942, 5153, 2011, 4530, 769, 4623, 2480, 6905, 4965, 6262, 3989, 515, 5693, 2588, 1568, 5198, 3349, 5575, 1800, 1243, 3672, 7539, 5094, 4004, 5654, 1822, 673, 6915, 6126, 5340, 7080, 3329, 2849, 1430, 1346, 2779, 7065, 3643, 3869, 1576, 960, 667, 1274, 7224, 837, 2156, 1564, 239, 2438, 2212, 2476, 939, 2460, 882, 2302, 1165, 8, 1557, 4689, 4599, 3450, 3091, 4067, 5407, 4686, 1412, 1889, 1104, 2672, 5569, 7650, 4891, 2718, 1724, 2576, 4274, 5105, 3888, 4883, 3165, 2804, 3405, 257, 7129, 1336, 2361, 2711, 3401, 3178, 2491, 552, 5392, 1037, 4048, 7034, 2422, 2429, 5017, 3214, 2764, 1943, 3305, 5934, 3891, 6385, 2417, 1349, 1304, 3399, 26, 1521, 2728, 2390, 1520, 2026, 5995, 4906, 469, 1816, 5899, 3834, 3201, 3093, 2511, 4030, 941, 77, 2636, 1832, 2162, 5254, 4258, 7189, 652, 768, 1375, 1027, 4210, 1245, 3324, 1995, 3163, 1793, 3858, 5145, 22, 7406, 5388, 79, 6223, 3282, 2069, 3483, 4002, 2751, 1582, 3938, 2037, 2111, 173, 4264, 7040, 3776, 1308, 5186, 782, 2482, 899, 6847, 5311, 6855, 4160, 1338, 6982, 3617, 4360, 2694, 3325, 100, 2028, 3022, 6811, 1932, 3130, 4955, 4730, 5722, 2412, 753, 396, 6422, 5448, 2208, 2345, 2651, 5665, 4575, 6828, 7074, 4352, 1675, 3188, 7354, 2794, 10, 1581, 2956, 877, 7248, 7377, 3823, 3101, 41, 1609, 2923, 2789, 4345, 3421, 2446, 4412, 184, 2255, 2094, 2265, 659, 5060, 7790, 509, 4559, 1962, 5091, 4280, 7200, 3816, 3289, 2507, 3904, 69, 3373, 1401, 635, 3332, 6389, 7543, 5199, 6812, 2541, 697, 3645, 2803, 4854, 147, 631, 2596, 3076, 62, 1972, 2423, 2357, 881, 3270, 5528, 4632, 3988, 5611, 4490, 461, 2819, 3439, 7105, 4395, 5269, 5295, 3654, 994, 4453, 4459, 7140, 749, 4083, 177, 6714, 1151, 3737, 489, 3507, 4781, 4762, 834, 3774, 1734, 4527, 4515, 1519, 4602, 5570, 3886, 4097, 6377, 1537, 4356, 4551, 5565, 1877, 1447, 4316, 2597, 4190, 1495, 1428, 1437, 2461, 6964, 3377, 2534, 6803, 751, 5450, 5612, 1087, 874, 472, 4748, 1697, 1611, 3371, 1974, 689, 3750, 1068, 2949, 6117, 6175, 6020, 6123, 1654, 2071, 2416, 6204, 7696, 3310, 4831, 920, 89, 444, 7275, 5646, 1875, 2724, 5212, 7183, 5673, 6393, 5035, 3495, 2137, 779, 3202, 3681, 1757, 294, 1489, 5745, 2720, 91, 1265, 3554, 4892, 5344, 1155, 2291, 2329, 2692, 6948, 5201, 3688, 7164, 5150, 7199, 3719, 7560, 4449, 38, 5951, 1025, 2916, 1688, 3762, 6042, 3687, 4910, 343, 3932, 2524, 1330, 1717, 3804, 3646, 4329, 3771, 969, 7026, 4775, 3477, 5171, 1180, 2801, 2008, 682, 647, 1527, 6844, 4197, 4457, 3668, 5329, 3124, 7236, 2753, 1784, 3994, 773, 272, 2608, 2621, 2372, 5166, 2681, 4708, 5817, 5118, 4262, 3485, 2795, 5597, 1504, 5230, 1097, 7496, 992, 3923, 5187, 3717, 4947, 4638, 5763, 7058, 52, 3806, 4147, 4100, 383, 5111, 2096, 4155, 508, 156, 7151, 996, 829, 4437, 2657, 1024, 2775, 2207, 7682, 51, 359, 3591, 4456, 1209, 7137, 2665, 7, 2444, 2858, 7209, 2993, 7306, 3987, 5354, 2586, 6009, 5614, 2166, 5271, 5538, 3271, 227, 307, 7302, 3818, 5586, 1149, 3420, 4747, 4585, 5002, 1096, 5526, 6879, 3690, 2456, 4509, 6179, 1600, 5732, 3463, 1599, 2382, 517, 1267, 5353, 1610, 1478, 1799, 2290, 7311, 2602, 3840, 416, 619, 6801, 230, 1182, 2929, 101, 2041, 3879, 5219, 1211, 3992, 5692, 2731, 5050, 2658, 371, 85, 1191, 3277, 1078, 4455, 2104, 6012, 4912, 451, 4701, 1583, 2365, 5873, 573, 7409, 4661, 2748, 5093, 5056, 4771, 4869, 1418, 2036, 1051, 1901, 1275, 269, 735, 4370, 5180, 61, 6116, 537, 524, 2903, 3607, 7099, 4852, 1554, 3233, 1204, 6673, 5251, 1652, 712, 1380, 5318, 5280, 1855, 2986, 5705, 1619, 1118, 3293, 1511, 1397, 3863, 2020, 2427, 2349, 4242, 3770, 2671, 5943, 5460, 4394, 3074, 5645, 950, 922, 1732, 687, 929, 7255, 3826, 3895, 2163, 4712, 4612, 6817, 7062, 1738, 2989, 99, 432, 4929, 50, 2978, 454, 6836, 4487, 6002, 714, 7128, 6194, 776, 3792, 4381, 2409, 5115, 5556, 1515, 128, 3391, 4815, 866, 4192, 1565, 5717, 914, 6612, 1177, 1283, 2368, 2373, 1389, 4898, 2077, 7278, 4238, 559, 2676, 80, 4465, 1686, 5496, 3043, 130, 5279, 2766, 1409, 2057, 7162, 2501, 5503, 2076, 4255, 5644, 6824, 5034, 7237, 3639, 450, 966, 193, 4324, 2233, 5014, 6876, 2698, 3035, 3788, 4673, 3893, 4093, 118, 2282, 4118, 719, 880, 2123, 4032, 1270, 4893, 3981, 1961, 1677, 885, 4764, 2844, 2114, 6933, 3694, 2439, 3206, 1061, 6654, 3631, 212, 7169, 6719, 4546, 7555, 2843, 1646, 3014, 3248, 2566, 5081, 2420, 4768, 6963, 7497, 6900, 2912, 1146, 3383, 159, 7757, 2064, 896, 2939, 285, 6512, 4998, 211, 471, 4556, 4604, 2072, 6451, 2411, 3524, 186, 1754, 5179, 2249, 1577, 4056, 1264, 901, 2469, 1638, 3813, 166, 2246, 7592, 2051, 2452, 4977, 730, 3990, 3285, 4553, 3817, 1175, 4580, 4317, 5268, 102, 0, 3121, 5130, 4228, 36, 209, 3087, 785, 3604, 2981, 2336, 3176, 3487, 3181, 1455, 4008, 1912, 4283, 199, 550, 816, 1602, 2495, 2649, 4927, 2979, 5063, 7759, 5525, 5007, 758, 2686, 325, 5716, 799, 693, 3835, 4785, 4984, 2743, 2709, 1626, 5666, 7166, 7056, 4159, 3871, 2074, 2635, 3340, 4104, 5193, 4270, 7279, 6444, 2248, 342, 20, 5863, 2196, 5152, 1755, 2581, 4375, 5350, 1500, 3605, 331, 143, 473, 2754, 268, 1218, 2471, 1137, 4407, 98, 4281, 617, 1933, 4655, 6969, 4282, 1479, 4670, 5057, 4971, 6072, 5042, 3404, 4377, 1759, 3499, 6633, 2626, 2226, 6250, 1978, 3345, 6956, 4328, 2359, 3710, 4388, 3168, 2152, 5876, 6970, 574, 3369, 3983, 7023, 6858, 2033, 1366, 5721, 2732, 4498, 3066, 2031, 4436, 2418, 1508, 3514, 125, 1625, 1496, 823, 2530, 13, 2650, 2449, 3854, 1742, 4745, 1178, 1499, 797, 5010, 37, 4428, 6806, 6248, 3350, 3494, 3974, 1049, 1471, 5281, 11, 1910, 2084, 7072, 918, 831, 81, 4694, 608, 2638, 3587, 295, 3167, 1476, 1084, 5304, 2206, 1055, 7243, 3323, 1278, 4838, 4386, 3881, 2871, 1426, 2845, 322, 4841, 5852, 3843, 1991, 3957, 4245, 6614, 658, 5089, 4644, 2229, 1301, 5116, 7802, 6391, 6508, 3511, 4343, 1435, 3283, 4719, 318, 4850, 5584, 959, 5587, 1749, 3351, 2083, 6978, 4117, 1150, 7068, 3368, 7538, 2719, 5019, 1617, 6775, 6802, 5741, 6789, 1752, 76, 5015, 1247, 4819, 2191, 2722, 4055, 5418, 7342, 136, 5108, 6953, 3258, 3328, 1666, 5133, 1354, 1347, 288, 1192, 2389, 116, 4759, 4136, 1821, 934, 1321, 4660, 420, 4643, 6914, 1008, 5351, 5049, 154, 3852, 2195, 6667, 5157, 2466, 2726, 2879, 1817, 6932, 650, 2564, 3849, 2407, 870, 7415, 6827, 5197, 24, 6163, 1035, 6141, 2838, 4214, 1544, 1295, 300, 5107, 2806, 5494, 5033, 3742, 5046, 449, 5502, 5719, 4937, 5661, 3239, 3337, 5451, 203, 1708, 7100, 5012, 940, 2571, 4825, 3127, 582, 1934, 3438, 3707, 1431, 3193, 6742, 5066, 2503, 2761, 106, 6854, 7190, 2812, 1835, 5652, 5818, 270, 1969, 240, 1289, 3847, 4609, 3400, 721, 3582, 2089, 956, 3634, 4057, 1420, 5548, 2637, 4418, 1252, 6613, 3198, 5065, 601, 910, 3276, 5839, 4263, 1188, 2286, 1361, 4121, 4219, 4863, 600, 4988, 487, 7254, 3965, 6363, 2814, 4200, 341, 6774, 6857, 5674, 2043, 4552, 180, 2314, 2666, 4784, 4103, 4295, 4399, 5261, 671, 2470, 2547, 5286, 138, 4878, 205, 1722, 2102, 3251, 3215, 92, 2153, 5620, 4311, 568, 6212, 6271, 1012, 4744, 5997, 6912, 3945, 3402, 3054, 2335, 6602, 5544, 2690, 4108, 845, 3028, 6523, 3366, 629, 4636, 2545, 3976, 2021, 3784, 728, 1402, 220, 985, 6761, 544, 6381, 3296, 2344, 1450, 723, 5195, 6791, 1807, 1210, 4573, 3484, 7352, 2546, 4724, 1726, 4251, 488, 1162, 1461, 5697, 162, 2537, 1524, 5486, 2048, 2784, 2190, 5462, 1328, 3061, 830, 616, 913, 1215, 6804, 3755, 5831, 2067, 87, 4171, 123, 1640, 5832, 2055, 1556, 5957, 1497, 1996, 5045, 6253, 5064, 2991, 2970, 2441, 1795, 1266, 5459, 1482, 2502, 2526, 2304, 2101, 5527, 2050, 788, 4832, 500, 3180, 1033, 865, 2827, 1827, 3708, 2864, 6795, 741, 4836, 5598, 6109, 21, 5626, 620, 2221, 1200, 986, 7452, 5016, 6364, 2087, 5223, 2376, 557, 2567, 3830, 17, 2660, 126, 5637, 1082, 1834, 7387, 6999, 4867, 228, 1207, 2391, 690, 1331, 3573, 1728, 2599, 4480, 4462, 1907, 4152, 1288, 197, 3885, 5712, 385, 4935, 6517, 7333])Rank, 7 Cache keys dict_keys([2527, 7593, 660, 1141, 761, 5813, 704, 6950, 3681, 3628, 2573, 7627, 6012, 1475, 351, 2591, 335, 4372, 3154, 5896, 1383, 1158, 4920, 4155, 4934, 5691, 1396, 2649, 4169, 2007, 4442, 4237, 345, 3385, 272, 1782, 6141, 3757, 6665, 5635, 868, 3643, 1668, 2486, 7346, 6821, 6864, 4574, 2294, 2967, 1733, 6855, 2537, 6992, 5096, 2614, 4450, 3102, 5503, 1433, 4609, 769, 6808, 1914, 3151, 1230, 1530, 4265, 1033, 537, 44, 3649, 4982, 4612, 2184, 432, 5541, 1293, 4093, 209, 128, 3833, 2275, 2259, 3790, 3405, 3677, 410, 6428, 6253, 1468, 6877, 5217, 4758, 6909, 1775, 2529, 3401, 460, 3518, 5805, 2276, 2776, 4597, 6880, 294, 101, 5112, 4137, 1482, 1659, 247, 2470, 6944, 1702, 628, 903, 2369, 4680, 584, 4360, 2223, 117, 4976, 5209, 4645, 3231, 2417, 4437, 2734, 1346, 2922, 457, 2412, 2394, 7179, 2093, 4900, 6029, 121, 6510, 6927, 2253, 77, 1292, 3654, 2759, 94, 716, 802, 1474, 3077, 556, 1484, 787, 165, 5519, 1929, 1726, 166, 4156, 1449, 964, 5707, 1336, 989, 4830, 1740, 2929, 4402, 887, 147, 2388, 4606, 1648, 5787, 446, 7196, 2383, 4280, 4337, 4593, 192, 2398, 533, 2786, 2921, 1289, 426, 3284, 3840, 7055, 4419, 4145, 3293, 1079, 3747, 2435, 6091, 1599, 2469, 4619, 1541, 4739, 253, 3511, 1446, 1506, 148, 2749, 3163, 6400, 245, 1878, 2533, 2501, 4738, 171, 5414, 3684, 132, 1095, 6123, 2043, 4826, 337, 3954, 7335, 830, 5542, 1135, 5638, 6395, 7634, 901, 5568, 489, 5487, 1454, 7037, 3060, 1716, 6883, 1020, 1154, 5892, 1558, 4557, 2764, 161, 2221, 75, 6843, 1424, 2413, 2858, 2932, 5609, 899, 4298, 2623, 4024, 3672, 5586, 6988, 3497, 1445, 2814, 2429, 2947, 3012, 2696, 5088, 5079, 8, 4026, 2183, 673, 5745, 1791, 6460, 3784, 2742, 190, 120, 4243, 4495, 7181, 649, 300, 4972, 7097, 2283, 2919, 4694, 2204, 240, 1950, 3438, 64, 2577, 1534, 3073, 880, 5188, 2185, 2683, 1146, 4994, 1889, 3499, 5732, 2680, 4021, 2230, 5320, 2035, 6896, 2788, 7455, 3903, 927, 3653, 3774, 5934, 2481, 2743, 4806, 1128, 4427, 2358, 3169, 3707, 3158, 1598, 4762, 336, 2451, 1715, 3731, 5852, 162, 3068, 2719, 7056, 4724, 2112, 1478, 2597, 5021, 1317, 439, 825, 7303, 2654, 3698, 4000, 2334, 1969, 3992, 3933, 4991, 3856, 7569, 912, 4322, 7000, 1214, 3164, 2480, 2781, 605, 5130, 3999, 3105, 2313, 1531, 4858, 6726, 2060, 2347, 1508, 2657, 814, 1638, 4092, 5147, 2728, 37, 995, 874, 576, 6978, 5170, 1344, 6901, 2217, 5564, 5335, 326, 2694, 416, 3201, 425, 2893, 803, 4042, 5468, 5599, 812, 4674, 3607, 3922, 4317, 5270, 315, 4716, 5266, 4331, 5155, 279, 470, 4238, 974, 4664, 729, 1227, 4209, 5574, 1519, 4906, 5592, 4907, 1594, 1476, 2364, 3053, 2872, 2344, 4866, 6280, 1106, 3946, 1063, 1429, 5486, 2163, 3206, 1223, 163, 3945, 7497, 5216, 2794, 6797, 4950, 5710, 2718, 4295, 1037, 2556, 5212, 6951, 5817, 142, 817, 3585, 2497, 4876, 156, 1815, 143, 97, 4904, 1052, 4444, 4269, 5634, 587, 4394, 641, 2561, 2854, 6910, 394, 92, 3047, 1087, 4260, 290, 7025, 2444, 724, 2452, 5490, 2723, 643, 5401, 2789, 6912, 318, 3766, 2374, 5578, 2530, 4316, 4555, 3, 3671, 4263, 5461, 5547, 3036, 2109, 453, 3603, 919, 5645, 3262, 1675, 7256, 2115, 532, 3702, 4781, 7028, 3531, 7191, 1030, 1987, 4929, 1990, 4905, 3980, 6294, 3575, 3682, 4417, 876, 1596, 278, 1162, 2617, 1442, 4968, 4232, 2797, 4170, 4462, 3257, 2332, 7539, 5272, 3883, 1060, 2195, 2499, 816, 3645, 6547, 2484, 1247, 2979, 5338, 5228, 5332, 3827, 604, 5729, 2277, 6975, 5712, 5386, 4771, 4147, 2660, 2239, 2753, 7306, 575, 1431, 2639, 4058, 5482, 1261, 4254, 1096, 6867, 2941, 413, 2104, 2395, 1155, 1617, 3867, 3897, 4725, 1168, 7178, 3736, 5499, 4860, 195, 624, 3406, 332, 241, 684, 3224, 1004, 7209, 479, 3868, 2477, 2224, 2849, 4074, 181, 7540, 4079, 1945, 1078, 5726, 5530, 3072, 4017, 3461, 1681, 1351, 509, 5636, 6260, 1651, 994, 95, 1040, 981, 3894, 3596, 2868, 5172, 6631, 5198, 3214, 11, 4314, 2785, 5090, 4941, 359, 5016, 1688, 4034, 1101, 2308, 5204, 2755, 3285, 1430, 2471, 3278, 283, 2565, 1260, 3752, 4815, 776, 7099, 1742, 1354, 5319, 2621, 6674, 2028, 1752, 4082, 4615, 1151, 5845, 3167, 3419, 1109, 2563, 2516, 7352, 1997, 1734, 3977, 1848, 3383, 2821, 873, 26, 4586, 5665, 2519, 2672, 100, 5679, 6573, 582, 1256, 2624, 4285, 139, 6832, 5179, 2420, 5307, 593, 7064, 7192, 1398, 2685, 6899, 4135, 4688, 5514, 5491, 1086, 23, 2428, 7085, 3994, 4125, 908, 1459, 3456, 5639, 562, 5379, 2264, 5050, 7246, 4689, 516, 6732, 2546, 3109, 3238, 3170, 4440, 63, 3015, 6871, 3755, 5566, 732, 3927, 4324, 252, 668, 3919, 5044, 2421, 2042, 4547, 599, 1696, 4852, 1626, 2036, 6940, 5654, 3835, 2792, 3942, 2345, 263, 2077, 929, 2111, 4384, 1797, 538, 4120, 4398, 273, 5744, 1559, 2032, 1665, 7291, 4518, 5628, 1748, 3329, 228, 1328, 1704, 1192, 2234, 1677, 3979, 2682, 1490, 507, 4985, 6851, 2426, 2052, 2000, 3646, 6820, 3983, 2778, 3860, 4559, 6425, 1144, 1058, 1744, 2075, 2180, 1962, 7453, 4178, 4391, 1051, 2686, 635, 3733, 5169, 971, 5598, 1972, 3288, 237, 5192, 3578, 2771, 2535, 4191, 1699, 3346, 5437, 1432, 1754, 2695, 2756, 3708, 4635, 2162, 4215, 5818, 932, 3822, 2059, 861, 5749, 7665, 4211, 3412, 2425, 1554, 3148, 2232, 958, 1880, 1179, 2011, 2562, 6866, 5455, 934, 1877, 3331, 7239, 6982, 4259, 5601, 2270, 6983, 4122, 4973, 911, 1028, 5722, 1724, 1537, 931, 2772, 4229, 1137, 3362, 5015, 3690, 2841, 6748, 3350, 3045, 1694, 4365, 3085, 2342, 4871, 731, 2675, 2628, 4418, 3050, 7271, 7029, 7171, 3112, 2651, 943, 3375, 207, 7096, 2925, 6122, 475, 848, 1566, 1514, 5415, 3910, 5418, 1513, 6879, 913, 2543, 6809, 2544, 1814, 5265, 2190, 2981, 1529, 4465, 3297, 5110, 3428, 3384, 687, 5763, 3489, 4225, 3805, 1953, 1937, 1995, 620, 4580, 5036, 2124, 3440, 6344, 5644, 1050, 6608, 4867, 4052, 2156, 2446, 5178, 3132, 670, 4672, 2610, 246, 4370, 3819, 5585, 7039, 4975, 1287, 5525, 2330, 2659, 6826, 4711, 2021, 685, 2455, 4863, 3101, 3207, 4751, 5019, 990, 2174, 5614, 2182, 4050, 3847, 6849, 3129, 3146, 5473, 6873, 2818, 694, 1206, 1756, 1330, 103, 141, 5540, 1257, 756, 2357, 682, 1504, 6783, 1280, 6223, 1018, 5668, 2215, 5117, 5720, 2714, 3313, 146, 2246, 2431, 2439, 791, 6813, 3516, 4217, 2767, 633, 640, 5157, 72, 5049, 4448, 1374, 17, 882, 5020, 7121, 5200, 4441, 4748, 5756, 3534, 3421, 5059, 7350, 3354, 2724, 2460, 3858, 1465, 3715, 5607, 2650, 5233, 2082, 5340, 6115, 4616, 81, 1952, 4386, 7284, 1892, 835, 1403, 2918, 5229, 836, 3712, 4188, 5344, 5098, 2404, 3361, 1804, 6829, 2443, 1811, 949, 2553, 2773, 7285, 6363, 3662, 5260, 1560, 5066, 2895, 7269, 348, 6794, 346, 2053, 4332, 5075, 1333, 275, 3829, 1252, 114, 2212, 2492, 1988, 2205, 5548, 5331, 4334, 3360, 437, 6218, 1841, 3838, 5304, 4881, 1719, 6282, 6863, 930, 3454, 1439, 1191, 2433, 1881, 498, 1855, 4634, 3157, 3659, 3340, 2752, 1123, 4553, 7434, 1149, 4768, 3192, 5661, 3113, 1761, 4415, 3610, 154, 564, 5875, 3089, 4632, 309, 2188, 1249, 4076, 2208, 3255, 21, 47, 7221, 2414, 4687, 5416, 3181, 629, 7248, 1649, 654, 1882, 2227, 3186, 1412, 1496, 2090, 1959, 1501, 6990, 7088, 2547, 159, 3635, 4932, 4292, 3140, 227, 3433, 119, 4585, 2335, 2094, 1991, 7091, 4223, 5711, 5642, 2494, 7559, 1819, 1979, 5553, 1978, 4928, 799, 5073, 1083, 4569, 5061, 962, 2779, 41, 4644, 985, 4765, 5646, 1697, 1347, 1547, 1461, 3893, 2531, 5279, 281, 5643, 2679, 7166, 215, 3308, 160, 6266, 6884, 1595, 494, 2061, 4198, 3724, 2923, 5085, 977, 5033, 4433, 186, 4063, 7496, 3825, 3417, 2054, 2307, 1322, 737, 4967, 6621, 1930, 4703, 1472, 2707, 692, 711, 4025, 3147, 3271, 3251, 2898, 1834, 6825, 93, 4057, 4494, 2243, 4576, 1126, 4326, 2635, 6084, 2069, 2490, 1629, 5971, 5868, 2796, 6451, 5443, 2071, 298, 5563, 2555, 4480, 4160, 454, 2437, 1371, 6920, 153, 3347, 2256, 1847, 2393, 6208, 4307, 2, 5223, 1926, 6792, 3834, 2705, 6868, 7415, 5076, 7199, 7159, 6853, 4538, 444, 3948, 3474, 6252, 6603, 7552, 5268, 6527, 1486, 6979, 2457, 1769, 3481, 1600, 4684, 7494, 1150, 5840, 588, 957, 4857, 274, 3318, 4990, 1998, 6746, 2373, 4500, 6669, 5248, 1646, 4141, 4003, 2055, 529, 5048, 5469, 5199, 5339, 3579, 4244, 5723, 7307, 1284, 4720, 2176, 2385, 5343, 3697, 5111, 4242, 3905, 6836, 167, 2939, 1297, 305, 5183, 2937, 4048, 5677, 608, 4439, 1185, 60, 3851, 2950, 2084, 179, 3379, 936, 4898, 5619, 3589, 3180, 152, 16, 3264, 7027, 1707, 270, 5138, 4673, 5288, 1807, 5550, 3126, 1479, 1510, 2986, 1073, 2027, 2367, 1409, 2658, 5410, 4388, 333, 4601, 4379, 2702, 926, 234, 4245, 230, 3320, 2160, 149, 5005, 988, 2356, 4200, 2513, 7236, 6262, 5901, 1184, 2520, 2717, 7014, 6438, 118, 1663, 6076, 4032, 4395, 2033, 5163, 1776, 2569, 1524, 3125, 5467, 3234, 1203, 1208, 900, 3995, 3764, 1548, 292, 402, 3732, 53, 5725, 3742, 6976, 1236, 1891, 2606, 1518, 5935, 736, 5996, 2288, 176, 1444, 5558, 2572, 5984, 586, 3692, 5156, 5092, 4682, 5237, 3639, 1245, 14, 5727, 421, 636, 3418, 7292, 2438, 5822, 6913, 1008, 1218, 2296, 1864, 4142, 2536, 4736, 136, 7009, 875, 1801, 198, 5448, 4594, 2375, 3943, 1300, 821, 3447, 7139, 1043, 1737, 3484, 955, 4633, 1390, 271, 471, 5289, 1816, 2700, 6859, 1787, 2550, 4431, 268, 710, 5219, 2996, 4883, 4528, 1466, 505, 4621, 4642, 4984, 512, 4556, 4069, 5834, 7023, 4286, 3800, 634, 1437, 134, 2912, 2831, 4492, 3290, 607, 1610, 746, 4132, 1365, 76, 4114, 3241, 3480, 792, 1153, 1552, 2091, 6381, 1577, 1, 2532, 2319, 3373, 3250, 3687, 2001, 5608, 3997, 440, 5751, 3631, 4313, 3880, 602, 1492, 220, 1488, 4535, 6191, 6966, 4473, 2440, 2255, 7074, 5038, 5321, 3306, 3904, 1440, 921, 1652, 4110, 3171, 29, 1055, 5144, 2245, 4220, 2172, 2848, 2911, 1500, 3881, 2571, 7725, 557, 3902, 2030, 3396, 6146, 3175, 6595, 1039, 1540, 4030, 7481, 1467, 7407, 4623, 7080, 379, 6885, 2620, 20, 1262, 3272, 596, 3199, 2780, 1714, 2538, 2630, 66, 3885, 5225, 477, 2729, 400, 7351, 3730, 1944, 307, 24, 3304, 3986, 4742, 806, 6397, 3133, 7602, 5910, 2110, 1611, 7424, 4712, 5309, 5420, 2747, 25, 3446])Process Process-1:
Traceback (most recent call last):
  File "/home/rtcalumby/miniconda3/envs/fgdcc/lib/python3.9/multiprocessing/process.py", line 315, in _bootstrap
    self.run()
  File "/home/rtcalumby/miniconda3/envs/fgdcc/lib/python3.9/multiprocessing/process.py", line 108, in run
    self._target(*self._args, **self._kwargs)
  File "/home/rtcalumby/adam/luciano/PlantCLEF2025/PlantCLEF2025/main_feature_extraction.py", line 44, in process_main
    app_main(args=params)
  File "/home/rtcalumby/adam/luciano/PlantCLEF2025/PlantCLEF2025/engine_feature_extraction.py", line 103, in main
    cache_list = [torch.load(cache_dir + f'feature_bank_rank{r}.pt') for r in range(len(world_size))]
TypeError: object of type 'int' has no len()








terminate called after throwing an instance of 'c10::DistNetworkError'
  what():  Connection reset by peer
Exception raised from recvBytes at /opt/conda/conda-bld/pytorch_1712608885084/work/torch/csrc/distributed/c10d/Utils.hpp:672 (most recent call first):
frame #0: c10::Error::Error(c10::SourceLocation, std::string) + 0x57 (0x7f3712d91897 in /home/rtcalumby/miniconda3/envs/fgdcc/lib/python3.9/site-packages/torch/lib/libc10.so)
frame #1: <unknown function> + 0x57c69fe (0x7f376c1029fe in /home/rtcalumby/miniconda3/envs/fgdcc/lib/python3.9/site-packages/torch/lib/libtorch_cpu.so)
frame #2: c10d::TCPStore::check(std::vector<std::string, std::allocator<std::string> > const&) + 0x2d8 (0x7f376c0fe538 in /home/rtcalumby/miniconda3/envs/fgdcc/lib/python3.9/site-packages/torch/lib/libtorch_cpu.so)
frame #3: c10d::ProcessGroupNCCL::heartbeatMonitor() + 0x34d (0x7f371405f6fd in /home/rtcalumby/miniconda3/envs/fgdcc/lib/python3.9/site-packages/torch/lib/libtorch_cuda.so)
frame #4: <unknown function> + 0xd3b65 (0x7f37745fcb65 in /home/rtcalumby/miniconda3/envs/fgdcc/lib/python3.9/site-packages/torch/lib/../../../.././libstdc++.so.6)
frame #5: <unknown function> + 0x8609 (0x7f377d4ad609 in /lib/x86_64-linux-gnu/libpthread.so.0)
frame #6: clone + 0x43 (0x7f377d278353 in /lib/x86_64-linux-gnu/libc.so.6)

